
 --------------- d77 execution script ---------------



 ****************************************************
 **                                                **
 **             d77: version 20240423              **
 **                                                **
 **  Visual understanding of molecular properties  **
 **                                                **
 **        Coded by SHIZU Katsuyuki (Japan)        **
 **                                                **
 ****************************************************

 d77 is free software and can be redistributed and/or modified
 under the terms of the GNU General Public License v3.0
 as published by the Free Software Foundation.
 https://www.gnu.org/licenses/gpl-3.0.html

 For bug reports, e-mail to shizu@scl.kyoto-u.ac.jp



 --- Entering d77.exe on 2024/4/23 at 11:7:54 (time zone = UTC+0900)

 ===== Copy of your input file =====

 $comment
 Input file for calculating spin-orbit coupling
 between S0 and T1 (Ms = 0)
 | 0 >: ground state (S0)
 | 1 >: lowest triplet state (T1)
 $end_comment
 
 $control
 property = soc
 runtyp = int_pgf
 method = td
 effcharg_soc = read
 $end_control
 
 $spin_orbit
 ms = 0
 $end_spin_orbit
 
 $elec_state
 bra = < 0 |
 ket = | 1 >
 $end_elec_state
 
 INPDIR_ELEC = ../../INP_ELEC
 INPDIR_SOC_CGF = ../../SOC_CGF

 ===================================

 Reading $CONTROL options in your input file
 Done
 ms = 0                                                                                              

 Reading general information of the system from CONTROL_ELEC
 Done

 Information of the system
 =============================
 Number of atoms:         6
 Charge:                  0
 Spin multiplicity:       1
 Number of electrons:     16
 Number of CGFs:          38
 Number of spin orbitals: 76
 =============================

 Threshold values
 =================================
 Threshold_s_cgf:        0.100E-04
 Threshold_e_ab:         0.100E-03
 Threshold_ci_ci:        0.100E-07
 Threshold_contribution: 0.100E+00
 Threshold_distance:     0.400E+01
 =================================

 Reading nuclear coordinates from COORD
 Reading atomic numbers from ATMNUM
 Reading nuclear charges from NUCCHARG
 Done

 Reading primitive Gaussian functions (PGFs) from ATMORB
 Reading expantion coefficients for CGFs (MO coefficients) from
 COEFAREF and COEFBREF
 Constructing contracted Gaussian functions (CGFs) from the PGFs

 Names of spin orbitals
 =================================
    75   76   LUMO+29a   LUMO+29b 
    73   74   LUMO+28a   LUMO+28b 
    71   72   LUMO+27a   LUMO+27b 
    69   70   LUMO+26a   LUMO+26b 
    67   68   LUMO+25a   LUMO+25b 
    65   66   LUMO+24a   LUMO+24b 
    63   64   LUMO+23a   LUMO+23b 
    61   62   LUMO+22a   LUMO+22b 
    59   60   LUMO+21a   LUMO+21b 
    57   58   LUMO+20a   LUMO+20b 
    55   56   LUMO+19a   LUMO+19b 
    53   54   LUMO+18a   LUMO+18b 
    51   52   LUMO+17a   LUMO+17b 
    49   50   LUMO+16a   LUMO+16b 
    47   48   LUMO+15a   LUMO+15b 
    45   46   LUMO+14a   LUMO+14b 
    43   44   LUMO+13a   LUMO+13b 
    41   42   LUMO+12a   LUMO+12b 
    39   40   LUMO+11a   LUMO+11b 
    37   38   LUMO+10a   LUMO+10b 
    35   36   LUMO+9a    LUMO+9b  
    33   34   LUMO+8a    LUMO+8b  
    31   32   LUMO+7a    LUMO+7b  
    29   30   LUMO+6a    LUMO+6b  
    27   28   LUMO+5a    LUMO+5b  
    25   26   LUMO+4a    LUMO+4b  
    23   24   LUMO+3a    LUMO+3b  
    21   22   LUMO+2a    LUMO+2b  
    19   20   LUMO+1a    LUMO+1b  
    17   18   LUMOa      LUMOb    
 ---------------------------------
    15   16   HOMOa      HOMOb    
    13   14   HOMO-1a    HOMO-1b  
    11   12   HOMO-2a    HOMO-2b  
     9   10   HOMO-3a    HOMO-3b  
     7    8   HOMO-4a    HOMO-4b  
     5    6   HOMO-5a    HOMO-5b  
     3    4   HOMO-6a    HOMO-6b  
     1    2   HOMO-7a    HOMO-7b  
 =================================

 Nuclear coordinates (bohr)
 ==============================================
 Atom        x             y             z
 ----------------------------------------------
   1     0.00000000    0.00000000    1.25734557
   2     0.00000000    0.00000000   -1.25734557
   3     0.00000000    1.74392800    2.34382016
   4    -0.00000000   -1.74392800    2.34382016
   5    -0.00000000   -1.74392800   -2.34382016
   6     0.00000000    1.74392800   -2.34382016
 ==============================================

 Nuclear charges (elementary charge)
 =================================
 Atom   Element   Atomic   Nuclear
        symbol    number   charge 
 ---------------------------------
   1       C         6       6.0
   2       C         6       6.0
   3       H         1       1.0
   4       H         1       1.0
   5       H         1       1.0
   6       H         1       1.0
 =================================

 Zeff for SOC calculations (elementary charge)
 =================================
 Atom   Element   Atomic   Zeff   
        symbol    number          
 ---------------------------------
   1       C         6       3.6
   2       C         6       3.6
   3       H         1       1.0
   4       H         1       1.0
   5       H         1       1.0
   6       H         1       1.0
 =================================

 Reading X + Y and X - Y from XY
 Done

 X + Y, X - Y, and electronic configurations
 in terms of spin-orbital numbers
 =============================================
 | 0 >
 HF ground state
 Singlet

   1.0000000 HF determinant
 ---------------------------------------------
 | 1 >
 TD-HF/DFT excited state   1
 Triplet   

   0.0348100    0.0077100   5 ->  23
  -0.0348100   -0.0077100   6 ->  24
   0.0178200    0.0035600   5 ->  27
  -0.0178200   -0.0035600   6 ->  28
   0.0295600    0.0050400   5 ->  39
  -0.0295600   -0.0050400   6 ->  40
  -0.0102500   -0.0013700   5 ->  45
   0.0102500    0.0013700   6 ->  46
  -0.0040800    0.0000200   5 ->  49
   0.0040800   -0.0000200   6 ->  50
  -0.0129800   -0.0011600   5 ->  65
   0.0129800    0.0011600   6 ->  66
  -0.0041100   -0.0003300   5 ->  71
   0.0041100    0.0003300   6 ->  72
  -0.0002500   -0.0000500   5 ->  75
   0.0002500    0.0000500   6 ->  76
   0.0360400    0.0083400   7 ->  19
  -0.0360400   -0.0083400   8 ->  20
  -0.0067100   -0.0001500   7 ->  29
   0.0067100    0.0001500   8 ->  30
   0.0172000    0.0011000   7 ->  37
  -0.0172000   -0.0011000   8 ->  38
  -0.0138300   -0.0017700   7 ->  47
   0.0138300    0.0017700   8 ->  48
   0.0131900    0.0003100   7 ->  59
  -0.0131900   -0.0003100   8 ->  60
  -0.0073800   -0.0004800   7 ->  63
   0.0073800    0.0004800   8 ->  64
   0.0002600    0.0000600   7 ->  73
  -0.0002600   -0.0000600   8 ->  74
   0.0191100    0.0047900   9 ->  25
  -0.0191100   -0.0047900  10 ->  26
  -0.0089300   -0.0011900   9 ->  43
   0.0089300    0.0011900  10 ->  44
   0.0079300    0.0009300   9 ->  51
  -0.0079300   -0.0009300  10 ->  52
   0.0007200    0.0000600   9 ->  69
  -0.0007200   -0.0000600  10 ->  70
   0.0104500    0.0018100  11 ->  23
  -0.0104500   -0.0018100  12 ->  24
  -0.0170000   -0.0048200  11 ->  27
   0.0170000    0.0048200  12 ->  28
  -0.0081200   -0.0024400  11 ->  39
   0.0081200    0.0024400  12 ->  40
  -0.0100700   -0.0010500  11 ->  45
   0.0100700    0.0010500  12 ->  46
   0.0082500    0.0009100  11 ->  49
  -0.0082500   -0.0009100  12 ->  50
   0.0017500    0.0005100  11 ->  65
  -0.0017500   -0.0005100  12 ->  66
  -0.0027700   -0.0000500  11 ->  71
   0.0027700    0.0000500  12 ->  72
   0.0003200    0.0000400  11 ->  75
  -0.0003200   -0.0000400  12 ->  76
  -0.0278100   -0.0093500  13 ->  21
   0.0278100    0.0093500  14 ->  22
   0.0028700    0.0001300  13 ->  33
  -0.0028700   -0.0001300  14 ->  34
  -0.0077100   -0.0011300  13 ->  41
   0.0077100    0.0011300  14 ->  42
   0.0043900    0.0003900  13 ->  61
  -0.0043900   -0.0003900  14 ->  62
   0.8606600    0.5775400  15 ->  17
  -0.8606600   -0.5775400  16 ->  18
  -0.0766100   -0.0201700  15 ->  35
   0.0766100    0.0201700  16 ->  36
  -0.0070200   -0.0012000  15 ->  67
   0.0070200    0.0012000  16 ->  68
 =============================================

 X + Y, X - Y, and electronic configurations
 in terms of spin-orbital names
 =============================================
 | 0 >
 HF ground state
 Singlet

   1.0000000 HF determinant
 ---------------------------------------------
 | 1 >
 TD-HF/DFT excited state   1
 Triplet   

   0.0348100    0.0077100  LUMO+3a  
                           HOMO-5a  
  -0.0348100   -0.0077100  LUMO+3b  
                           HOMO-5b  
   0.0178200    0.0035600  LUMO+5a  
                           HOMO-5a  
  -0.0178200   -0.0035600  LUMO+5b  
                           HOMO-5b  
   0.0295600    0.0050400  LUMO+11a 
                           HOMO-5a  
  -0.0295600   -0.0050400  LUMO+11b 
                           HOMO-5b  
  -0.0102500   -0.0013700  LUMO+14a 
                           HOMO-5a  
   0.0102500    0.0013700  LUMO+14b 
                           HOMO-5b  
  -0.0040800    0.0000200  LUMO+16a 
                           HOMO-5a  
   0.0040800   -0.0000200  LUMO+16b 
                           HOMO-5b  
  -0.0129800   -0.0011600  LUMO+24a 
                           HOMO-5a  
   0.0129800    0.0011600  LUMO+24b 
                           HOMO-5b  
  -0.0041100   -0.0003300  LUMO+27a 
                           HOMO-5a  
   0.0041100    0.0003300  LUMO+27b 
                           HOMO-5b  
  -0.0002500   -0.0000500  LUMO+29a 
                           HOMO-5a  
   0.0002500    0.0000500  LUMO+29b 
                           HOMO-5b  
   0.0360400    0.0083400  LUMO+1a  
                           HOMO-4a  
  -0.0360400   -0.0083400  LUMO+1b  
                           HOMO-4b  
  -0.0067100   -0.0001500  LUMO+6a  
                           HOMO-4a  
   0.0067100    0.0001500  LUMO+6b  
                           HOMO-4b  
   0.0172000    0.0011000  LUMO+10a 
                           HOMO-4a  
  -0.0172000   -0.0011000  LUMO+10b 
                           HOMO-4b  
  -0.0138300   -0.0017700  LUMO+15a 
                           HOMO-4a  
   0.0138300    0.0017700  LUMO+15b 
                           HOMO-4b  
   0.0131900    0.0003100  LUMO+21a 
                           HOMO-4a  
  -0.0131900   -0.0003100  LUMO+21b 
                           HOMO-4b  
  -0.0073800   -0.0004800  LUMO+23a 
                           HOMO-4a  
   0.0073800    0.0004800  LUMO+23b 
                           HOMO-4b  
   0.0002600    0.0000600  LUMO+28a 
                           HOMO-4a  
  -0.0002600   -0.0000600  LUMO+28b 
                           HOMO-4b  
   0.0191100    0.0047900  LUMO+4a  
                           HOMO-3a  
  -0.0191100   -0.0047900  LUMO+4b  
                           HOMO-3b  
  -0.0089300   -0.0011900  LUMO+13a 
                           HOMO-3a  
   0.0089300    0.0011900  LUMO+13b 
                           HOMO-3b  
   0.0079300    0.0009300  LUMO+17a 
                           HOMO-3a  
  -0.0079300   -0.0009300  LUMO+17b 
                           HOMO-3b  
   0.0007200    0.0000600  LUMO+26a 
                           HOMO-3a  
  -0.0007200   -0.0000600  LUMO+26b 
                           HOMO-3b  
   0.0104500    0.0018100  LUMO+3a  
                           HOMO-2a  
  -0.0104500   -0.0018100  LUMO+3b  
                           HOMO-2b  
  -0.0170000   -0.0048200  LUMO+5a  
                           HOMO-2a  
   0.0170000    0.0048200  LUMO+5b  
                           HOMO-2b  
  -0.0081200   -0.0024400  LUMO+11a 
                           HOMO-2a  
   0.0081200    0.0024400  LUMO+11b 
                           HOMO-2b  
  -0.0100700   -0.0010500  LUMO+14a 
                           HOMO-2a  
   0.0100700    0.0010500  LUMO+14b 
                           HOMO-2b  
   0.0082500    0.0009100  LUMO+16a 
                           HOMO-2a  
  -0.0082500   -0.0009100  LUMO+16b 
                           HOMO-2b  
   0.0017500    0.0005100  LUMO+24a 
                           HOMO-2a  
  -0.0017500   -0.0005100  LUMO+24b 
                           HOMO-2b  
  -0.0027700   -0.0000500  LUMO+27a 
                           HOMO-2a  
   0.0027700    0.0000500  LUMO+27b 
                           HOMO-2b  
   0.0003200    0.0000400  LUMO+29a 
                           HOMO-2a  
  -0.0003200   -0.0000400  LUMO+29b 
                           HOMO-2b  
  -0.0278100   -0.0093500  LUMO+2a  
                           HOMO-1a  
   0.0278100    0.0093500  LUMO+2b  
                           HOMO-1b  
   0.0028700    0.0001300  LUMO+8a  
                           HOMO-1a  
  -0.0028700   -0.0001300  LUMO+8b  
                           HOMO-1b  
  -0.0077100   -0.0011300  LUMO+12a 
                           HOMO-1a  
   0.0077100    0.0011300  LUMO+12b 
                           HOMO-1b  
   0.0043900    0.0003900  LUMO+22a 
                           HOMO-1a  
  -0.0043900   -0.0003900  LUMO+22b 
                           HOMO-1b  
   0.8606600    0.5775400  LUMOa    
                           HOMOa    
  -0.8606600   -0.5775400  LUMOb    
                           HOMOb    
  -0.0766100   -0.0201700  LUMO+9a  
                           HOMOa    
   0.0766100    0.0201700  LUMO+9b  
                           HOMOb    
  -0.0070200   -0.0012000  LUMO+25a 
                           HOMOa    
   0.0070200    0.0012000  LUMO+25b 
                           HOMOb    
 =============================================

 Sum of (X + Y)*(X - Y) of electronic state | i >
 ==========================
   i   Sum[(X + Y)*(X - Y)]
 --------------------------
   0   1.00000000
   1   1.00000648
 ==========================

 Contributions from individual electronic configurations
 to electronic states in terms of spin-orbital numbers
 =============================================
 | 0 >
 HF ground state
 Singlet

 100.00  HF determinant
 ---------------------------------------------
 | 1 >
 TD-HF/DFT excited state   1
 Triplet   

  49.71  15 ->  17
  49.71  16 ->  18
   0.15  15 ->  35
   0.15  16 ->  36
 =============================================

 Contributions from individual electronic configurations
 to electronic states in terms of spin-orbital names
 =============================================
 | 0 >
 HF ground state
 Singlet

 100.00  HF determinant
 ---------------------------------------------
 | 1 >
 TD-HF/DFT excited state   1
 Triplet   

  49.71  LUMOa    
         HOMOa    
  49.71  LUMOb    
         HOMOb    
   0.15  LUMO+9a  
         HOMOa    
   0.15  LUMO+9b  
         HOMOb    
 =============================================


 --- Entering SUBROUTINE soc_int_pgf

 --------------
 Density matrix
 --------------

 gamma: one-particle reduced density matrix
 between electronic states | i > and | j >

 Trace of gamma
 =============================
   i   j   n_ci_ci   Tr[gamma]
 -----------------------------
   0   1      68       0.00000
 =============================

 Calculating density matrix in terms of CGFs
 from gamma and CGF coefficients
 Done

 Reading z components of soc_cgf from SOC_CGF_Z
 Done

 ----------------------------------
 Spin-orbit coupling constant (SOC)
 ----------------------------------

 alpha: fine-structure constant
 alpha   =   0.007297
 1/alpha = 137.036001

 < 0 | SOC operator | 1 > (a.u.)
 ========================================
       x             y             z      
 ----------------------------------------
  0.00000E+00   0.00000E+00   0.73039E-17
 ========================================

 < 0 | SOC operator | 1 > * alpha**2/2 (a.u.)
 ========================================
       x             y             z      
 ----------------------------------------
  0.00000E+00   0.00000E+00   0.97236E-22
 ========================================

 < 0 | SOC operator | 1 > * alpha**2/2 (cm-1)
 ========================================
       x             y             z      
 ----------------------------------------
  0.00000E+00   0.00000E+00   0.21341E-16
 ========================================

 --- Leaving SUBROUTINE soc_int_pgf


 ****************************
 **                        **
 **   Normal termination   **
 **                        **
 ****************************


 Total CPU time =     0.01 seconds

 --- Leaving d77.exe on 2024/4/23 at 11:7:55 (time zone = UTC+0900)

 --------------- End of d77 execution script ---------------
