
 --------------- d77 execution script ---------------



 ****************************************************
 **                                                **
 **             d77: version 20240423              **
 **                                                **
 **  Visual understanding of molecular properties  **
 **                                                **
 **        Coded by SHIZU Katsuyuki (Japan)        **
 **                                                **
 ****************************************************

 d77 is free software and can be redistributed and/or modified
 under the terms of the GNU General Public License v3.0
 as published by the Free Software Foundation.
 https://www.gnu.org/licenses/gpl-3.0.html

 For bug reports, e-mail to shizu@scl.kyoto-u.ac.jp



 --- Entering d77.exe on 2024/4/24 at 15:37:25 (time zone = UTC+0900)

 ===== Copy of your input file =====

 $comment
 Input file for calculating vibronic coupling densities
 for S0-S1 transition
 | 0 > : ground state (S0)
 | 2 > : lowest excited singlet state (S1)
 $end_comment
 
 $control
 property = vc
 runtyp = density
 method = td
 $end_control
 
 $elec_state
 bra = < 0 |
 ket = | 2 >
 $end_elec_state
 
 $vibmode
 1
 8
 15
 21
 $end_vibmode
 
 $grid
 xmin = -8.0
 xmax =  8.0
 ymin = -8.0
 ymax =  8.0
 zmin = -8.0
 zmax =  8.0
 dx = 0.20
 dy = 0.20
 dz = 0.20
 $end_grid
 
 INPDIR_ELEC = ../../INP_ELEC
 INPDIR_VIB = ../../INP_VIB
 INPDIR_ELFLD = ../../ELFLD

 ===================================

 Reading $CONTROL options in your input file
 Done

 Reading general information of the system from CONTROL_ELEC
 Done

 Reading frequencies from FREQ
 Reading vibrational modes from VIBMODE
 Done

 Orthonormalization of vibrational vectors
 Done

 Information of the system
 =============================
 Number of atoms:         10
 Charge:                  0
 Spin multiplicity:       1
 Number of electrons:     32
 Number of CGFs:          72
 Number of spin orbitals: 144
 Number of vib. modes:    4
 =============================

 Threshold values
 =================================
 Threshold_s_cgf:        0.100E-04
 Threshold_e_ab:         0.100E-03
 Threshold_ci_ci:        0.100E-07
 Threshold_contribution: 0.100E+00
 Threshold_distance:     0.400E+01
 =================================

 Reading nuclear coordinates from COORD
 Reading atomic numbers from ATMNUM
 Reading nuclear charges from NUCCHARG
 Done

 Reading primitive Gaussian functions (PGFs) from ATMORB
 Reading expantion coefficients for CGFs (MO coefficients) from
 COEFAREF and COEFBREF
 Constructing contracted Gaussian functions (CGFs) from the PGFs

 Names of spin orbitals
 =================================
   143  144   LUMO+55a   LUMO+55b 
   141  142   LUMO+54a   LUMO+54b 
   139  140   LUMO+53a   LUMO+53b 
   137  138   LUMO+52a   LUMO+52b 
   135  136   LUMO+51a   LUMO+51b 
   133  134   LUMO+50a   LUMO+50b 
   131  132   LUMO+49a   LUMO+49b 
   129  130   LUMO+48a   LUMO+48b 
   127  128   LUMO+47a   LUMO+47b 
   125  126   LUMO+46a   LUMO+46b 
   123  124   LUMO+45a   LUMO+45b 
   121  122   LUMO+44a   LUMO+44b 
   119  120   LUMO+43a   LUMO+43b 
   117  118   LUMO+42a   LUMO+42b 
   115  116   LUMO+41a   LUMO+41b 
   113  114   LUMO+40a   LUMO+40b 
   111  112   LUMO+39a   LUMO+39b 
   109  110   LUMO+38a   LUMO+38b 
   107  108   LUMO+37a   LUMO+37b 
   105  106   LUMO+36a   LUMO+36b 
   103  104   LUMO+35a   LUMO+35b 
   101  102   LUMO+34a   LUMO+34b 
    99  100   LUMO+33a   LUMO+33b 
    97   98   LUMO+32a   LUMO+32b 
    95   96   LUMO+31a   LUMO+31b 
    93   94   LUMO+30a   LUMO+30b 
    91   92   LUMO+29a   LUMO+29b 
    89   90   LUMO+28a   LUMO+28b 
    87   88   LUMO+27a   LUMO+27b 
    85   86   LUMO+26a   LUMO+26b 
    83   84   LUMO+25a   LUMO+25b 
    81   82   LUMO+24a   LUMO+24b 
    79   80   LUMO+23a   LUMO+23b 
    77   78   LUMO+22a   LUMO+22b 
    75   76   LUMO+21a   LUMO+21b 
    73   74   LUMO+20a   LUMO+20b 
    71   72   LUMO+19a   LUMO+19b 
    69   70   LUMO+18a   LUMO+18b 
    67   68   LUMO+17a   LUMO+17b 
    65   66   LUMO+16a   LUMO+16b 
    63   64   LUMO+15a   LUMO+15b 
    61   62   LUMO+14a   LUMO+14b 
    59   60   LUMO+13a   LUMO+13b 
    57   58   LUMO+12a   LUMO+12b 
    55   56   LUMO+11a   LUMO+11b 
    53   54   LUMO+10a   LUMO+10b 
    51   52   LUMO+9a    LUMO+9b  
    49   50   LUMO+8a    LUMO+8b  
    47   48   LUMO+7a    LUMO+7b  
    45   46   LUMO+6a    LUMO+6b  
    43   44   LUMO+5a    LUMO+5b  
    41   42   LUMO+4a    LUMO+4b  
    39   40   LUMO+3a    LUMO+3b  
    37   38   LUMO+2a    LUMO+2b  
    35   36   LUMO+1a    LUMO+1b  
    33   34   LUMOa      LUMOb    
 ---------------------------------
    31   32   HOMOa      HOMOb    
    29   30   HOMO-1a    HOMO-1b  
    27   28   HOMO-2a    HOMO-2b  
    25   26   HOMO-3a    HOMO-3b  
    23   24   HOMO-4a    HOMO-4b  
    21   22   HOMO-5a    HOMO-5b  
    19   20   HOMO-6a    HOMO-6b  
    17   18   HOMO-7a    HOMO-7b  
    15   16   HOMO-8a    HOMO-8b  
    13   14   HOMO-9a    HOMO-9b  
    11   12   HOMO-10a   HOMO-10b 
     9   10   HOMO-11a   HOMO-11b 
     7    8   HOMO-12a   HOMO-12b 
     5    6   HOMO-13a   HOMO-13b 
     3    4   HOMO-14a   HOMO-14b 
     1    2   HOMO-15a   HOMO-15b 
 =================================

 Nuclear coordinates (bohr)
 ==============================================
 Atom        x             y             z
 ----------------------------------------------
   1     0.00000000    0.00000000    0.34999784
   2     0.00000000   -0.00000000    2.64744995
   3    -0.00000000    2.44350938   -1.16164085
   4    -0.00000000    4.06028346    0.11980471
   5     1.66470496    2.53503137   -2.39487646
   6    -1.66470496    2.53503137   -2.39487646
   7    -0.00000000   -2.44350938   -1.16164085
   8    -1.66470496   -2.53503137   -2.39487646
   9     1.66470496   -2.53503137   -2.39487646
  10    -0.00000000   -4.06028346    0.11980471
 ==============================================

 Nuclear charges (elementary charge) and
 atomic weights (atomic mass unit)
 =============================================
 Atom   Element   Atomic   Nuclear     Atomic 
        symbol    number   charge      weight 
 ---------------------------------------------
   1       C         6       6.0      12.00000
   2       O         8       8.0      15.99491
   3       C         6       6.0      12.00000
   4       H         1       1.0       1.00783
   5       H         1       1.0       1.00783
   6       H         1       1.0       1.00783
   7       C         6       6.0      12.00000
   8       H         1       1.0       1.00783
   9       H         1       1.0       1.00783
  10       H         1       1.0       1.00783
 =============================================

 Reading X + Y and X - Y from XY
 Done

 X + Y, X - Y, and electronic configurations
 in terms of spin-orbital numbers
 =============================================
 | 0 >
 HF ground state
 Singlet

   1.0000000 HF determinant
 ---------------------------------------------
 | 2 >
 TD-HF/DFT excited state   2
 Singlet   

  -0.0023400   -0.0007200   9 ->  43
  -0.0023400   -0.0007200  10 ->  44
   0.0019200    0.0004000   9 ->  57
   0.0019200    0.0004000  10 ->  58
   0.0039500    0.0005900   9 ->  93
   0.0039500    0.0005900  10 ->  94
   0.0067000    0.0001800   9 -> 105
   0.0067000    0.0001800  10 -> 106
  -0.0011100    0.0002300   9 -> 115
  -0.0011100    0.0002300  10 -> 116
  -0.0025600    0.0001200  11 ->  43
  -0.0025600    0.0001200  12 ->  44
  -0.0009900   -0.0006900  11 ->  57
  -0.0009900   -0.0006900  12 ->  58
  -0.0022400   -0.0003600  11 -> 105
  -0.0022400   -0.0003600  12 -> 106
   0.0005000   -0.0002400  11 -> 115
   0.0005000   -0.0002400  12 -> 116
   0.0001200    0.0001200  11 -> 125
   0.0001200    0.0001200  12 -> 126
  -0.0046800   -0.0046800  13 ->  33
  -0.0046800   -0.0046800  14 ->  34
  -0.0051700   -0.0016300  13 ->  41
  -0.0051700   -0.0016300  14 ->  42
  -0.0007300   -0.0009500  13 ->  55
  -0.0007300   -0.0009500  14 ->  56
   0.0011300    0.0008100  13 ->  65
   0.0011300    0.0008100  14 ->  66
  -0.0005200   -0.0005200  13 ->  73
  -0.0005200   -0.0005200  14 ->  74
   0.0005200    0.0005200  13 ->  87
   0.0005200    0.0005200  14 ->  88
   0.0009700    0.0009700  13 ->  97
   0.0009700    0.0009700  14 ->  98
  -0.0013200   -0.0004400  13 -> 111
  -0.0013200   -0.0004400  14 -> 112
   0.0006700   -0.0000100  13 -> 121
   0.0006700   -0.0000100  14 -> 122
   0.0002400    0.0002400  13 -> 129
   0.0002400    0.0002400  14 -> 130
  -0.0000600    0.0010200  15 ->  43
  -0.0000600    0.0010200  16 ->  44
   0.0004300   -0.0007100  15 ->  57
   0.0004300   -0.0007100  16 ->  58
   0.0013800    0.0000400  15 ->  77
   0.0013800    0.0000400  16 ->  78
   0.0015100   -0.0003700  15 ->  93
   0.0015100   -0.0003700  16 ->  94
  -0.0022800   -0.0005800  15 -> 105
  -0.0022800   -0.0005800  16 -> 106
   0.0011600   -0.0000600  15 -> 115
   0.0011600   -0.0000600  16 -> 116
  -0.0009600    0.0000800  15 -> 125
  -0.0009600    0.0000800  16 -> 126
  -0.0031500    0.0001300  17 ->  39
  -0.0031500    0.0001300  18 ->  40
  -0.0032000   -0.0006400  17 ->  45
  -0.0032000   -0.0006400  18 ->  46
  -0.0049700   -0.0017100  17 ->  49
  -0.0049700   -0.0017100  18 ->  50
   0.0038300   -0.0019500  17 ->  59
   0.0038300   -0.0019500  18 ->  60
   0.0023600   -0.0008200  17 ->  67
   0.0023600   -0.0008200  18 ->  68
  -0.0016800   -0.0011200  17 ->  79
  -0.0016800   -0.0011200  18 ->  80
   0.0023300   -0.0003100  17 ->  85
   0.0023300   -0.0003100  18 ->  86
   0.0004800    0.0007600  17 ->  89
   0.0004800    0.0007600  18 ->  90
  -0.0008600    0.0011200  17 -> 103
  -0.0008600    0.0011200  18 -> 104
  -0.0022200    0.0006200  17 -> 107
  -0.0022200    0.0006200  18 -> 108
   0.0012100    0.0001500  17 -> 119
   0.0012100    0.0001500  18 -> 120
   0.0279700    0.0290900  19 ->  33
   0.0279700    0.0290900  20 ->  34
   0.0014600    0.0042200  19 ->  41
   0.0014600    0.0042200  20 ->  42
  -0.0019200   -0.0001200  19 ->  55
  -0.0019200   -0.0001200  20 ->  56
   0.0005100    0.0012900  19 ->  65
   0.0005100    0.0012900  20 ->  66
   0.0003000   -0.0025600  19 ->  73
   0.0003000   -0.0025600  20 ->  74
   0.0042800    0.0042800  19 ->  87
   0.0042800    0.0042800  20 ->  88
   0.0031800    0.0027800  19 ->  97
   0.0031800    0.0027800  20 ->  98
  -0.0018600   -0.0011200  19 -> 111
  -0.0018600   -0.0011200  20 -> 112
   0.0010200    0.0000200  19 -> 121
   0.0010200    0.0000200  20 -> 122
   0.0002900    0.0002900  19 -> 129
   0.0002900    0.0002900  20 -> 130
   0.0045000    0.0014400  21 ->  43
   0.0045000    0.0014400  22 ->  44
  -0.0025500   -0.0003900  21 ->  57
  -0.0025500   -0.0003900  22 ->  58
  -0.0014000   -0.0003200  21 ->  77
  -0.0014000   -0.0003200  22 ->  78
   0.0016100    0.0001500  21 ->  93
   0.0016100    0.0001500  22 ->  94
   0.0014200    0.0003800  21 -> 105
   0.0014200    0.0003800  22 -> 106
  -0.0025300   -0.0002900  21 -> 115
  -0.0025300   -0.0002900  22 -> 116
   0.0008700    0.0000900  21 -> 125
   0.0008700    0.0000900  22 -> 126
  -0.0037500   -0.0010500  23 ->  35
  -0.0037500   -0.0010500  24 ->  36
  -0.0080300   -0.0025500  23 ->  37
  -0.0080300   -0.0025500  24 ->  38
  -0.0080300   -0.0014100  23 ->  47
  -0.0080300   -0.0014100  24 ->  48
   0.0002700    0.0002700  23 ->  51
   0.0002700    0.0002700  24 ->  52
  -0.0050100   -0.0009100  23 ->  53
  -0.0050100   -0.0009100  24 ->  54
  -0.0021700   -0.0002300  23 ->  61
  -0.0021700   -0.0002300  24 ->  62
  -0.0012200   -0.0004200  23 ->  71
  -0.0012200   -0.0004200  24 ->  72
   0.0006400   -0.0000400  23 ->  81
   0.0006400   -0.0000400  24 ->  82
   0.0036400    0.0003600  23 ->  83
   0.0036400    0.0003600  24 ->  84
   0.0011200   -0.0000800  23 ->  91
   0.0011200   -0.0000800  24 ->  92
   0.0005600    0.0000200  23 ->  99
   0.0005600    0.0000200  24 -> 100
  -0.0010400    0.0000800  23 -> 101
  -0.0010400    0.0000800  24 -> 102
  -0.0007900    0.0000300  23 -> 109
  -0.0007900    0.0000300  24 -> 110
  -0.0011500   -0.0000700  23 -> 117
  -0.0011500   -0.0000700  24 -> 118
   0.0007400    0.0000600  23 -> 127
   0.0007400    0.0000600  24 -> 128
  -0.0059500   -0.0008300  25 ->  43
  -0.0059500   -0.0008300  26 ->  44
   0.0020800   -0.0001800  25 ->  57
   0.0020800   -0.0001800  26 ->  58
   0.0023600    0.0000400  25 ->  77
   0.0023600    0.0000400  26 ->  78
  -0.0004900   -0.0004900  25 ->  93
  -0.0004900   -0.0004900  26 ->  94
   0.0018600    0.0002800  25 -> 105
   0.0018600    0.0002800  26 -> 106
  -0.0007200   -0.0003600  25 -> 115
  -0.0007200   -0.0003600  26 -> 116
   0.0015700    0.0002700  25 -> 125
   0.0015700    0.0002700  26 -> 126
  -0.0082400   -0.0123000  27 ->  33
  -0.0082400   -0.0123000  28 ->  34
  -0.0045900   -0.0032700  27 ->  41
  -0.0045900   -0.0032700  28 ->  42
  -0.0019900   -0.0000700  27 ->  55
  -0.0019900   -0.0000700  28 ->  56
  -0.0032200   -0.0013800  27 ->  65
  -0.0032200   -0.0013800  28 ->  66
   0.0028100    0.0019900  27 ->  73
   0.0028100    0.0019900  28 ->  74
  -0.0007000   -0.0022200  27 ->  87
  -0.0007000   -0.0022200  28 ->  88
  -0.0002200   -0.0016400  27 ->  97
  -0.0002200   -0.0016400  28 ->  98
   0.0026300    0.0007900  27 -> 111
   0.0026300    0.0007900  28 -> 112
   0.0003500    0.0000700  27 -> 121
   0.0003500    0.0000700  28 -> 122
  -0.0005400   -0.0002600  27 -> 129
  -0.0005400   -0.0002600  28 -> 130
   0.0020100    0.0060500  29 ->  39
   0.0020100    0.0060500  30 ->  40
  -0.0001100    0.0020700  29 ->  45
  -0.0001100    0.0020700  30 ->  46
   0.0080100   -0.0055300  29 ->  49
   0.0080100   -0.0055300  30 ->  50
   0.0039500   -0.0064100  29 ->  59
   0.0039500   -0.0064100  30 ->  60
   0.0018800   -0.0026000  29 ->  67
   0.0018800   -0.0026000  30 ->  68
   0.0026000   -0.0023600  29 ->  69
   0.0026000   -0.0023600  30 ->  70
   0.0043400   -0.0013800  29 ->  79
   0.0043400   -0.0013800  30 ->  80
  -0.0000300   -0.0008300  29 ->  85
  -0.0000300   -0.0008300  30 ->  86
  -0.0011800    0.0037800  29 ->  89
  -0.0011800    0.0037800  30 ->  90
  -0.0012700    0.0017900  29 -> 103
  -0.0012700    0.0017900  30 -> 104
  -0.0006300    0.0001300  29 -> 119
  -0.0006300    0.0001300  30 -> 120
   0.6845100    0.7264700  31 ->  33
   0.6845100    0.7264700  32 ->  34
   0.0376600    0.0397000  31 ->  41
   0.0376600    0.0397000  32 ->  42
   0.0075400    0.0075400  31 ->  55
   0.0075400    0.0075400  32 ->  56
  -0.0026800   -0.0012200  31 ->  65
  -0.0026800   -0.0012200  32 ->  66
  -0.0067400   -0.0061200  31 ->  73
  -0.0067400   -0.0061200  32 ->  74
   0.0094400    0.0125600  31 ->  87
   0.0094400    0.0125600  32 ->  88
   0.0030400    0.0030400  31 ->  97
   0.0030400    0.0030400  32 ->  98
   0.0001500   -0.0012100  31 -> 111
   0.0001500   -0.0012100  32 -> 112
  -0.0007900    0.0000100  31 -> 121
  -0.0007900    0.0000100  32 -> 122
   0.0002700   -0.0002700   9 -> 125
   0.0002700   -0.0002700  10 -> 126
   0.0001400   -0.0001400  11 ->  77
   0.0001400   -0.0001400  12 ->  78
   0.0005600   -0.0005600  11 ->  93
   0.0005600   -0.0005600  12 ->  94
   0.0010100   -0.0010100  17 ->  69
   0.0010100   -0.0010100  18 ->  70
  -0.0001700    0.0001700  17 ->  95
  -0.0001700    0.0001700  18 ->  96
  -0.0002100    0.0002100  17 -> 123
  -0.0002100    0.0002100  18 -> 124
   0.0001200   -0.0001200  17 -> 135
   0.0001200   -0.0001200  18 -> 136
  -0.0001900    0.0001900  23 ->  63
  -0.0001900    0.0001900  24 ->  64
   0.0001600   -0.0001600  23 -> 113
   0.0001600   -0.0001600  24 -> 114
  -0.0001700    0.0001700  29 ->  95
  -0.0001700    0.0001700  30 ->  96
  -0.0008700    0.0008700  29 -> 107
  -0.0008700    0.0008700  30 -> 108
  -0.0006800    0.0006800  29 -> 123
  -0.0006800    0.0006800  30 -> 124
   0.0001200   -0.0001200  29 -> 135
   0.0001200   -0.0001200  30 -> 136
  -0.0002600    0.0002600  31 -> 129
  -0.0002600    0.0002600  32 -> 130
 =============================================

 X + Y, X - Y, and electronic configurations
 in terms of spin-orbital names
 =============================================
 | 0 >
 HF ground state
 Singlet

   1.0000000 HF determinant
 ---------------------------------------------
 | 2 >
 TD-HF/DFT excited state   2
 Singlet   

  -0.0023400   -0.0007200  LUMO+5a  
                           HOMO-11a 
  -0.0023400   -0.0007200  LUMO+5b  
                           HOMO-11b 
   0.0019200    0.0004000  LUMO+12a 
                           HOMO-11a 
   0.0019200    0.0004000  LUMO+12b 
                           HOMO-11b 
   0.0039500    0.0005900  LUMO+30a 
                           HOMO-11a 
   0.0039500    0.0005900  LUMO+30b 
                           HOMO-11b 
   0.0067000    0.0001800  LUMO+36a 
                           HOMO-11a 
   0.0067000    0.0001800  LUMO+36b 
                           HOMO-11b 
  -0.0011100    0.0002300  LUMO+41a 
                           HOMO-11a 
  -0.0011100    0.0002300  LUMO+41b 
                           HOMO-11b 
  -0.0025600    0.0001200  LUMO+5a  
                           HOMO-10a 
  -0.0025600    0.0001200  LUMO+5b  
                           HOMO-10b 
  -0.0009900   -0.0006900  LUMO+12a 
                           HOMO-10a 
  -0.0009900   -0.0006900  LUMO+12b 
                           HOMO-10b 
  -0.0022400   -0.0003600  LUMO+36a 
                           HOMO-10a 
  -0.0022400   -0.0003600  LUMO+36b 
                           HOMO-10b 
   0.0005000   -0.0002400  LUMO+41a 
                           HOMO-10a 
   0.0005000   -0.0002400  LUMO+41b 
                           HOMO-10b 
   0.0001200    0.0001200  LUMO+46a 
                           HOMO-10a 
   0.0001200    0.0001200  LUMO+46b 
                           HOMO-10b 
  -0.0046800   -0.0046800  LUMOa    
                           HOMO-9a  
  -0.0046800   -0.0046800  LUMOb    
                           HOMO-9b  
  -0.0051700   -0.0016300  LUMO+4a  
                           HOMO-9a  
  -0.0051700   -0.0016300  LUMO+4b  
                           HOMO-9b  
  -0.0007300   -0.0009500  LUMO+11a 
                           HOMO-9a  
  -0.0007300   -0.0009500  LUMO+11b 
                           HOMO-9b  
   0.0011300    0.0008100  LUMO+16a 
                           HOMO-9a  
   0.0011300    0.0008100  LUMO+16b 
                           HOMO-9b  
  -0.0005200   -0.0005200  LUMO+20a 
                           HOMO-9a  
  -0.0005200   -0.0005200  LUMO+20b 
                           HOMO-9b  
   0.0005200    0.0005200  LUMO+27a 
                           HOMO-9a  
   0.0005200    0.0005200  LUMO+27b 
                           HOMO-9b  
   0.0009700    0.0009700  LUMO+32a 
                           HOMO-9a  
   0.0009700    0.0009700  LUMO+32b 
                           HOMO-9b  
  -0.0013200   -0.0004400  LUMO+39a 
                           HOMO-9a  
  -0.0013200   -0.0004400  LUMO+39b 
                           HOMO-9b  
   0.0006700   -0.0000100  LUMO+44a 
                           HOMO-9a  
   0.0006700   -0.0000100  LUMO+44b 
                           HOMO-9b  
   0.0002400    0.0002400  LUMO+48a 
                           HOMO-9a  
   0.0002400    0.0002400  LUMO+48b 
                           HOMO-9b  
  -0.0000600    0.0010200  LUMO+5a  
                           HOMO-8a  
  -0.0000600    0.0010200  LUMO+5b  
                           HOMO-8b  
   0.0004300   -0.0007100  LUMO+12a 
                           HOMO-8a  
   0.0004300   -0.0007100  LUMO+12b 
                           HOMO-8b  
   0.0013800    0.0000400  LUMO+22a 
                           HOMO-8a  
   0.0013800    0.0000400  LUMO+22b 
                           HOMO-8b  
   0.0015100   -0.0003700  LUMO+30a 
                           HOMO-8a  
   0.0015100   -0.0003700  LUMO+30b 
                           HOMO-8b  
  -0.0022800   -0.0005800  LUMO+36a 
                           HOMO-8a  
  -0.0022800   -0.0005800  LUMO+36b 
                           HOMO-8b  
   0.0011600   -0.0000600  LUMO+41a 
                           HOMO-8a  
   0.0011600   -0.0000600  LUMO+41b 
                           HOMO-8b  
  -0.0009600    0.0000800  LUMO+46a 
                           HOMO-8a  
  -0.0009600    0.0000800  LUMO+46b 
                           HOMO-8b  
  -0.0031500    0.0001300  LUMO+3a  
                           HOMO-7a  
  -0.0031500    0.0001300  LUMO+3b  
                           HOMO-7b  
  -0.0032000   -0.0006400  LUMO+6a  
                           HOMO-7a  
  -0.0032000   -0.0006400  LUMO+6b  
                           HOMO-7b  
  -0.0049700   -0.0017100  LUMO+8a  
                           HOMO-7a  
  -0.0049700   -0.0017100  LUMO+8b  
                           HOMO-7b  
   0.0038300   -0.0019500  LUMO+13a 
                           HOMO-7a  
   0.0038300   -0.0019500  LUMO+13b 
                           HOMO-7b  
   0.0023600   -0.0008200  LUMO+17a 
                           HOMO-7a  
   0.0023600   -0.0008200  LUMO+17b 
                           HOMO-7b  
  -0.0016800   -0.0011200  LUMO+23a 
                           HOMO-7a  
  -0.0016800   -0.0011200  LUMO+23b 
                           HOMO-7b  
   0.0023300   -0.0003100  LUMO+26a 
                           HOMO-7a  
   0.0023300   -0.0003100  LUMO+26b 
                           HOMO-7b  
   0.0004800    0.0007600  LUMO+28a 
                           HOMO-7a  
   0.0004800    0.0007600  LUMO+28b 
                           HOMO-7b  
  -0.0008600    0.0011200  LUMO+35a 
                           HOMO-7a  
  -0.0008600    0.0011200  LUMO+35b 
                           HOMO-7b  
  -0.0022200    0.0006200  LUMO+37a 
                           HOMO-7a  
  -0.0022200    0.0006200  LUMO+37b 
                           HOMO-7b  
   0.0012100    0.0001500  LUMO+43a 
                           HOMO-7a  
   0.0012100    0.0001500  LUMO+43b 
                           HOMO-7b  
   0.0279700    0.0290900  LUMOa    
                           HOMO-6a  
   0.0279700    0.0290900  LUMOb    
                           HOMO-6b  
   0.0014600    0.0042200  LUMO+4a  
                           HOMO-6a  
   0.0014600    0.0042200  LUMO+4b  
                           HOMO-6b  
  -0.0019200   -0.0001200  LUMO+11a 
                           HOMO-6a  
  -0.0019200   -0.0001200  LUMO+11b 
                           HOMO-6b  
   0.0005100    0.0012900  LUMO+16a 
                           HOMO-6a  
   0.0005100    0.0012900  LUMO+16b 
                           HOMO-6b  
   0.0003000   -0.0025600  LUMO+20a 
                           HOMO-6a  
   0.0003000   -0.0025600  LUMO+20b 
                           HOMO-6b  
   0.0042800    0.0042800  LUMO+27a 
                           HOMO-6a  
   0.0042800    0.0042800  LUMO+27b 
                           HOMO-6b  
   0.0031800    0.0027800  LUMO+32a 
                           HOMO-6a  
   0.0031800    0.0027800  LUMO+32b 
                           HOMO-6b  
  -0.0018600   -0.0011200  LUMO+39a 
                           HOMO-6a  
  -0.0018600   -0.0011200  LUMO+39b 
                           HOMO-6b  
   0.0010200    0.0000200  LUMO+44a 
                           HOMO-6a  
   0.0010200    0.0000200  LUMO+44b 
                           HOMO-6b  
   0.0002900    0.0002900  LUMO+48a 
                           HOMO-6a  
   0.0002900    0.0002900  LUMO+48b 
                           HOMO-6b  
   0.0045000    0.0014400  LUMO+5a  
                           HOMO-5a  
   0.0045000    0.0014400  LUMO+5b  
                           HOMO-5b  
  -0.0025500   -0.0003900  LUMO+12a 
                           HOMO-5a  
  -0.0025500   -0.0003900  LUMO+12b 
                           HOMO-5b  
  -0.0014000   -0.0003200  LUMO+22a 
                           HOMO-5a  
  -0.0014000   -0.0003200  LUMO+22b 
                           HOMO-5b  
   0.0016100    0.0001500  LUMO+30a 
                           HOMO-5a  
   0.0016100    0.0001500  LUMO+30b 
                           HOMO-5b  
   0.0014200    0.0003800  LUMO+36a 
                           HOMO-5a  
   0.0014200    0.0003800  LUMO+36b 
                           HOMO-5b  
  -0.0025300   -0.0002900  LUMO+41a 
                           HOMO-5a  
  -0.0025300   -0.0002900  LUMO+41b 
                           HOMO-5b  
   0.0008700    0.0000900  LUMO+46a 
                           HOMO-5a  
   0.0008700    0.0000900  LUMO+46b 
                           HOMO-5b  
  -0.0037500   -0.0010500  LUMO+1a  
                           HOMO-4a  
  -0.0037500   -0.0010500  LUMO+1b  
                           HOMO-4b  
  -0.0080300   -0.0025500  LUMO+2a  
                           HOMO-4a  
  -0.0080300   -0.0025500  LUMO+2b  
                           HOMO-4b  
  -0.0080300   -0.0014100  LUMO+7a  
                           HOMO-4a  
  -0.0080300   -0.0014100  LUMO+7b  
                           HOMO-4b  
   0.0002700    0.0002700  LUMO+9a  
                           HOMO-4a  
   0.0002700    0.0002700  LUMO+9b  
                           HOMO-4b  
  -0.0050100   -0.0009100  LUMO+10a 
                           HOMO-4a  
  -0.0050100   -0.0009100  LUMO+10b 
                           HOMO-4b  
  -0.0021700   -0.0002300  LUMO+14a 
                           HOMO-4a  
  -0.0021700   -0.0002300  LUMO+14b 
                           HOMO-4b  
  -0.0012200   -0.0004200  LUMO+19a 
                           HOMO-4a  
  -0.0012200   -0.0004200  LUMO+19b 
                           HOMO-4b  
   0.0006400   -0.0000400  LUMO+24a 
                           HOMO-4a  
   0.0006400   -0.0000400  LUMO+24b 
                           HOMO-4b  
   0.0036400    0.0003600  LUMO+25a 
                           HOMO-4a  
   0.0036400    0.0003600  LUMO+25b 
                           HOMO-4b  
   0.0011200   -0.0000800  LUMO+29a 
                           HOMO-4a  
   0.0011200   -0.0000800  LUMO+29b 
                           HOMO-4b  
   0.0005600    0.0000200  LUMO+33a 
                           HOMO-4a  
   0.0005600    0.0000200  LUMO+33b 
                           HOMO-4b  
  -0.0010400    0.0000800  LUMO+34a 
                           HOMO-4a  
  -0.0010400    0.0000800  LUMO+34b 
                           HOMO-4b  
  -0.0007900    0.0000300  LUMO+38a 
                           HOMO-4a  
  -0.0007900    0.0000300  LUMO+38b 
                           HOMO-4b  
  -0.0011500   -0.0000700  LUMO+42a 
                           HOMO-4a  
  -0.0011500   -0.0000700  LUMO+42b 
                           HOMO-4b  
   0.0007400    0.0000600  LUMO+47a 
                           HOMO-4a  
   0.0007400    0.0000600  LUMO+47b 
                           HOMO-4b  
  -0.0059500   -0.0008300  LUMO+5a  
                           HOMO-3a  
  -0.0059500   -0.0008300  LUMO+5b  
                           HOMO-3b  
   0.0020800   -0.0001800  LUMO+12a 
                           HOMO-3a  
   0.0020800   -0.0001800  LUMO+12b 
                           HOMO-3b  
   0.0023600    0.0000400  LUMO+22a 
                           HOMO-3a  
   0.0023600    0.0000400  LUMO+22b 
                           HOMO-3b  
  -0.0004900   -0.0004900  LUMO+30a 
                           HOMO-3a  
  -0.0004900   -0.0004900  LUMO+30b 
                           HOMO-3b  
   0.0018600    0.0002800  LUMO+36a 
                           HOMO-3a  
   0.0018600    0.0002800  LUMO+36b 
                           HOMO-3b  
  -0.0007200   -0.0003600  LUMO+41a 
                           HOMO-3a  
  -0.0007200   -0.0003600  LUMO+41b 
                           HOMO-3b  
   0.0015700    0.0002700  LUMO+46a 
                           HOMO-3a  
   0.0015700    0.0002700  LUMO+46b 
                           HOMO-3b  
  -0.0082400   -0.0123000  LUMOa    
                           HOMO-2a  
  -0.0082400   -0.0123000  LUMOb    
                           HOMO-2b  
  -0.0045900   -0.0032700  LUMO+4a  
                           HOMO-2a  
  -0.0045900   -0.0032700  LUMO+4b  
                           HOMO-2b  
  -0.0019900   -0.0000700  LUMO+11a 
                           HOMO-2a  
  -0.0019900   -0.0000700  LUMO+11b 
                           HOMO-2b  
  -0.0032200   -0.0013800  LUMO+16a 
                           HOMO-2a  
  -0.0032200   -0.0013800  LUMO+16b 
                           HOMO-2b  
   0.0028100    0.0019900  LUMO+20a 
                           HOMO-2a  
   0.0028100    0.0019900  LUMO+20b 
                           HOMO-2b  
  -0.0007000   -0.0022200  LUMO+27a 
                           HOMO-2a  
  -0.0007000   -0.0022200  LUMO+27b 
                           HOMO-2b  
  -0.0002200   -0.0016400  LUMO+32a 
                           HOMO-2a  
  -0.0002200   -0.0016400  LUMO+32b 
                           HOMO-2b  
   0.0026300    0.0007900  LUMO+39a 
                           HOMO-2a  
   0.0026300    0.0007900  LUMO+39b 
                           HOMO-2b  
   0.0003500    0.0000700  LUMO+44a 
                           HOMO-2a  
   0.0003500    0.0000700  LUMO+44b 
                           HOMO-2b  
  -0.0005400   -0.0002600  LUMO+48a 
                           HOMO-2a  
  -0.0005400   -0.0002600  LUMO+48b 
                           HOMO-2b  
   0.0020100    0.0060500  LUMO+3a  
                           HOMO-1a  
   0.0020100    0.0060500  LUMO+3b  
                           HOMO-1b  
  -0.0001100    0.0020700  LUMO+6a  
                           HOMO-1a  
  -0.0001100    0.0020700  LUMO+6b  
                           HOMO-1b  
   0.0080100   -0.0055300  LUMO+8a  
                           HOMO-1a  
   0.0080100   -0.0055300  LUMO+8b  
                           HOMO-1b  
   0.0039500   -0.0064100  LUMO+13a 
                           HOMO-1a  
   0.0039500   -0.0064100  LUMO+13b 
                           HOMO-1b  
   0.0018800   -0.0026000  LUMO+17a 
                           HOMO-1a  
   0.0018800   -0.0026000  LUMO+17b 
                           HOMO-1b  
   0.0026000   -0.0023600  LUMO+18a 
                           HOMO-1a  
   0.0026000   -0.0023600  LUMO+18b 
                           HOMO-1b  
   0.0043400   -0.0013800  LUMO+23a 
                           HOMO-1a  
   0.0043400   -0.0013800  LUMO+23b 
                           HOMO-1b  
  -0.0000300   -0.0008300  LUMO+26a 
                           HOMO-1a  
  -0.0000300   -0.0008300  LUMO+26b 
                           HOMO-1b  
  -0.0011800    0.0037800  LUMO+28a 
                           HOMO-1a  
  -0.0011800    0.0037800  LUMO+28b 
                           HOMO-1b  
  -0.0012700    0.0017900  LUMO+35a 
                           HOMO-1a  
  -0.0012700    0.0017900  LUMO+35b 
                           HOMO-1b  
  -0.0006300    0.0001300  LUMO+43a 
                           HOMO-1a  
  -0.0006300    0.0001300  LUMO+43b 
                           HOMO-1b  
   0.6845100    0.7264700  LUMOa    
                           HOMOa    
   0.6845100    0.7264700  LUMOb    
                           HOMOb    
   0.0376600    0.0397000  LUMO+4a  
                           HOMOa    
   0.0376600    0.0397000  LUMO+4b  
                           HOMOb    
   0.0075400    0.0075400  LUMO+11a 
                           HOMOa    
   0.0075400    0.0075400  LUMO+11b 
                           HOMOb    
  -0.0026800   -0.0012200  LUMO+16a 
                           HOMOa    
  -0.0026800   -0.0012200  LUMO+16b 
                           HOMOb    
  -0.0067400   -0.0061200  LUMO+20a 
                           HOMOa    
  -0.0067400   -0.0061200  LUMO+20b 
                           HOMOb    
   0.0094400    0.0125600  LUMO+27a 
                           HOMOa    
   0.0094400    0.0125600  LUMO+27b 
                           HOMOb    
   0.0030400    0.0030400  LUMO+32a 
                           HOMOa    
   0.0030400    0.0030400  LUMO+32b 
                           HOMOb    
   0.0001500   -0.0012100  LUMO+39a 
                           HOMOa    
   0.0001500   -0.0012100  LUMO+39b 
                           HOMOb    
  -0.0007900    0.0000100  LUMO+44a 
                           HOMOa    
  -0.0007900    0.0000100  LUMO+44b 
                           HOMOb    
   0.0002700   -0.0002700  LUMO+46a 
                           HOMO-11a 
   0.0002700   -0.0002700  LUMO+46b 
                           HOMO-11b 
   0.0001400   -0.0001400  LUMO+22a 
                           HOMO-10a 
   0.0001400   -0.0001400  LUMO+22b 
                           HOMO-10b 
   0.0005600   -0.0005600  LUMO+30a 
                           HOMO-10a 
   0.0005600   -0.0005600  LUMO+30b 
                           HOMO-10b 
   0.0010100   -0.0010100  LUMO+18a 
                           HOMO-7a  
   0.0010100   -0.0010100  LUMO+18b 
                           HOMO-7b  
  -0.0001700    0.0001700  LUMO+31a 
                           HOMO-7a  
  -0.0001700    0.0001700  LUMO+31b 
                           HOMO-7b  
  -0.0002100    0.0002100  LUMO+45a 
                           HOMO-7a  
  -0.0002100    0.0002100  LUMO+45b 
                           HOMO-7b  
   0.0001200   -0.0001200  LUMO+51a 
                           HOMO-7a  
   0.0001200   -0.0001200  LUMO+51b 
                           HOMO-7b  
  -0.0001900    0.0001900  LUMO+15a 
                           HOMO-4a  
  -0.0001900    0.0001900  LUMO+15b 
                           HOMO-4b  
   0.0001600   -0.0001600  LUMO+40a 
                           HOMO-4a  
   0.0001600   -0.0001600  LUMO+40b 
                           HOMO-4b  
  -0.0001700    0.0001700  LUMO+31a 
                           HOMO-1a  
  -0.0001700    0.0001700  LUMO+31b 
                           HOMO-1b  
  -0.0008700    0.0008700  LUMO+37a 
                           HOMO-1a  
  -0.0008700    0.0008700  LUMO+37b 
                           HOMO-1b  
  -0.0006800    0.0006800  LUMO+45a 
                           HOMO-1a  
  -0.0006800    0.0006800  LUMO+45b 
                           HOMO-1b  
   0.0001200   -0.0001200  LUMO+51a 
                           HOMO-1a  
   0.0001200   -0.0001200  LUMO+51b 
                           HOMO-1b  
  -0.0002600    0.0002600  LUMO+48a 
                           HOMOa    
  -0.0002600    0.0002600  LUMO+48b 
                           HOMOb    
 =============================================

 Sum of (X + Y)*(X - Y) of electronic state | i >
 ==========================
   i   Sum[(X + Y)*(X - Y)]
 --------------------------
   0   1.00000000
   2   0.99999028
 ==========================

 Contributions from individual electronic configurations
 to electronic states in terms of spin-orbital numbers
 =============================================
 | 0 >
 HF ground state
 Singlet

 100.00  HF determinant
 ---------------------------------------------
 | 2 >
 TD-HF/DFT excited state   2
 Singlet   

  49.73  31 ->  33
  49.73  32 ->  34
   0.15  31 ->  41
   0.15  32 ->  42
 =============================================

 Contributions from individual electronic configurations
 to electronic states in terms of spin-orbital names
 =============================================
 | 0 >
 HF ground state
 Singlet

 100.00  HF determinant
 ---------------------------------------------
 | 2 >
 TD-HF/DFT excited state   2
 Singlet   

  49.73  LUMOa    
         HOMOa    
  49.73  LUMOb    
         HOMOb    
   0.15  LUMO+4a  
         HOMOa    
   0.15  LUMO+4b  
         HOMOb    
 =============================================


 --- Entering SUBROUTINE vc_density

 --------------
 Density matrix
 --------------

 gamma: one-particle reduced density matrix between
 electronic states |i> and |j> in terms of spin orbitals

 Trace of gamma
 =============================
   i   j   n_ci_ci   Tr[gamma]
 -----------------------------
   0   2     242       0.00000
 =============================

 Calculating density matrix in terms of CGFs
 from gamma and CGF coefficients
 Done

 -------------------------
 Vibronic coupling density
 -------------------------

 Calculating grid size for cube files
 Done

 --------------------------
 Information for cube grids
 --------------------------

 Minimum and maximum values of
 x, y, and z coordinates (bohr)
 =========================
         Min         Max  
 -------------------------
 x    -8.11000     8.11000
 y    -8.11000     8.11000
 z    -8.11000     8.11000
 =========================

 Grid size (bohr): Dx, Dy, Dz
 The number of lattice ponts: Nx, Ny, Nz
 ====================
 Dx  0.2000    Nx  82
 Dy  0.2000    Ny  82
 Dz  0.2000    Nz  82
 ====================

 Calculating xyz coordinates of lattice points
 Done

 Generating and opening cube files
 Done

 Calculating and writing overlap density,
 derivative of nuclear-electronic potential,
 and vibronic coupling density

 Closing cube files
 Done

 -----------------------------------------------------
 Integral of overlap (transition) density:    -0.00000
 -----------------------------------------------------
 This value should be approximately equal to zero.

 --------------------------------
 Vibronic coupling constant (VCC)
 --------------------------------

 Calculating VCCs by integrating vibronic coupling densities.

 Freq: frequency in cm-1
 VCC_en: electronic part of VCC in a.u.
 VCC_nn: nucelar part of VCC in a.u.
 VCC = VCC_en + VCC_nn (a.u.)

 ===============================================
 Mode      Freq     VCC_en     VCC_nn        VCC
 -----------------------------------------------
    1     48.51  -0.000025   0.000000  -0.000025
    8    897.17   0.000460   0.000000   0.000460
   15   1495.05  -0.000023   0.000000  -0.000023
   21   3100.60  -0.000130   0.000000  -0.000130
 ===============================================

 --- Leaving SUBROUTINE vc_density


 ****************************
 **                        **
 **   Normal termination   **
 **                        **
 ****************************


 Total CPU time =    65.25 seconds

 --- Leaving d77.exe on 2024/4/24 at 15:39:28 (time zone = UTC+0900)

 --------------- End of d77 execution script ---------------
