
 --------------- d77 execution script ---------------



 ****************************************************
 **                                                **
 **             d77: version 20240423              **
 **                                                **
 **  Visual understanding of molecular properties  **
 **                                                **
 **        Coded by SHIZU Katsuyuki (Japan)        **
 **                                                **
 ****************************************************

 d77 is free software and can be redistributed and/or modified
 under the terms of the GNU General Public License v3.0
 as published by the Free Software Foundation.
 https://www.gnu.org/licenses/gpl-3.0.html

 For bug reports, e-mail to shizu@scl.kyoto-u.ac.jp



 --- Entering d77.exe on 2024/4/24 at 15:15:23 (time zone = UTC+0900)

 ===== Copy of your input file =====

 $comment
 Input file for calculating vibronic coupling constants
 between S0 and S1
 | 0 > : ground state (S0)
 | 6 > : second lowest excited singlet state (S2)
 $comment
 
 $control
 property = vc
 runtyp = int_pgf
 method = td
 $end_control
 
 $elec_state
 bra = < 0 |
 ket = | 6 >
 $end_elec_state
 
 INPDIR_ELEC = ../../INP_ELEC
 INPDIR_VIB = ../../INP_VIB
 INPDIR_ELFLD = ../../ELFLD

 ===================================

 Reading $CONTROL options in your input file
 Done

 Reading general information of the system from CONTROL_ELEC
 Done

 Reading frequencies from FREQ
 Reading vibrational modes from VIBMODE
 Done

 Orthonormalization of vibrational vectors
 Done

 Information of the system
 =============================
 Number of atoms:         10
 Charge:                  0
 Spin multiplicity:       1
 Number of electrons:     32
 Number of CGFs:          72
 Number of spin orbitals: 144
 Number of vib. modes:    24
 =============================

 Threshold values
 =================================
 Threshold_s_cgf:        0.100E-04
 Threshold_e_ab:         0.100E-03
 Threshold_ci_ci:        0.100E-07
 Threshold_contribution: 0.100E+00
 Threshold_distance:     0.400E+01
 =================================

 Reading nuclear coordinates from COORD
 Reading atomic numbers from ATMNUM
 Reading nuclear charges from NUCCHARG
 Done

 Reading primitive Gaussian functions (PGFs) from ATMORB
 Reading expantion coefficients for CGFs (MO coefficients) from
 COEFAREF and COEFBREF
 Constructing contracted Gaussian functions (CGFs) from the PGFs

 Names of spin orbitals
 =================================
   143  144   LUMO+55a   LUMO+55b 
   141  142   LUMO+54a   LUMO+54b 
   139  140   LUMO+53a   LUMO+53b 
   137  138   LUMO+52a   LUMO+52b 
   135  136   LUMO+51a   LUMO+51b 
   133  134   LUMO+50a   LUMO+50b 
   131  132   LUMO+49a   LUMO+49b 
   129  130   LUMO+48a   LUMO+48b 
   127  128   LUMO+47a   LUMO+47b 
   125  126   LUMO+46a   LUMO+46b 
   123  124   LUMO+45a   LUMO+45b 
   121  122   LUMO+44a   LUMO+44b 
   119  120   LUMO+43a   LUMO+43b 
   117  118   LUMO+42a   LUMO+42b 
   115  116   LUMO+41a   LUMO+41b 
   113  114   LUMO+40a   LUMO+40b 
   111  112   LUMO+39a   LUMO+39b 
   109  110   LUMO+38a   LUMO+38b 
   107  108   LUMO+37a   LUMO+37b 
   105  106   LUMO+36a   LUMO+36b 
   103  104   LUMO+35a   LUMO+35b 
   101  102   LUMO+34a   LUMO+34b 
    99  100   LUMO+33a   LUMO+33b 
    97   98   LUMO+32a   LUMO+32b 
    95   96   LUMO+31a   LUMO+31b 
    93   94   LUMO+30a   LUMO+30b 
    91   92   LUMO+29a   LUMO+29b 
    89   90   LUMO+28a   LUMO+28b 
    87   88   LUMO+27a   LUMO+27b 
    85   86   LUMO+26a   LUMO+26b 
    83   84   LUMO+25a   LUMO+25b 
    81   82   LUMO+24a   LUMO+24b 
    79   80   LUMO+23a   LUMO+23b 
    77   78   LUMO+22a   LUMO+22b 
    75   76   LUMO+21a   LUMO+21b 
    73   74   LUMO+20a   LUMO+20b 
    71   72   LUMO+19a   LUMO+19b 
    69   70   LUMO+18a   LUMO+18b 
    67   68   LUMO+17a   LUMO+17b 
    65   66   LUMO+16a   LUMO+16b 
    63   64   LUMO+15a   LUMO+15b 
    61   62   LUMO+14a   LUMO+14b 
    59   60   LUMO+13a   LUMO+13b 
    57   58   LUMO+12a   LUMO+12b 
    55   56   LUMO+11a   LUMO+11b 
    53   54   LUMO+10a   LUMO+10b 
    51   52   LUMO+9a    LUMO+9b  
    49   50   LUMO+8a    LUMO+8b  
    47   48   LUMO+7a    LUMO+7b  
    45   46   LUMO+6a    LUMO+6b  
    43   44   LUMO+5a    LUMO+5b  
    41   42   LUMO+4a    LUMO+4b  
    39   40   LUMO+3a    LUMO+3b  
    37   38   LUMO+2a    LUMO+2b  
    35   36   LUMO+1a    LUMO+1b  
    33   34   LUMOa      LUMOb    
 ---------------------------------
    31   32   HOMOa      HOMOb    
    29   30   HOMO-1a    HOMO-1b  
    27   28   HOMO-2a    HOMO-2b  
    25   26   HOMO-3a    HOMO-3b  
    23   24   HOMO-4a    HOMO-4b  
    21   22   HOMO-5a    HOMO-5b  
    19   20   HOMO-6a    HOMO-6b  
    17   18   HOMO-7a    HOMO-7b  
    15   16   HOMO-8a    HOMO-8b  
    13   14   HOMO-9a    HOMO-9b  
    11   12   HOMO-10a   HOMO-10b 
     9   10   HOMO-11a   HOMO-11b 
     7    8   HOMO-12a   HOMO-12b 
     5    6   HOMO-13a   HOMO-13b 
     3    4   HOMO-14a   HOMO-14b 
     1    2   HOMO-15a   HOMO-15b 
 =================================

 Nuclear coordinates (bohr)
 ==============================================
 Atom        x             y             z
 ----------------------------------------------
   1     0.00000000    0.00000000    0.34999784
   2     0.00000000   -0.00000000    2.64744995
   3    -0.00000000    2.44350938   -1.16164085
   4    -0.00000000    4.06028346    0.11980471
   5     1.66470496    2.53503137   -2.39487646
   6    -1.66470496    2.53503137   -2.39487646
   7    -0.00000000   -2.44350938   -1.16164085
   8    -1.66470496   -2.53503137   -2.39487646
   9     1.66470496   -2.53503137   -2.39487646
  10    -0.00000000   -4.06028346    0.11980471
 ==============================================

 Nuclear charges (elementary charge) and
 atomic weights (atomic mass unit)
 =============================================
 Atom   Element   Atomic   Nuclear     Atomic 
        symbol    number   charge      weight 
 ---------------------------------------------
   1       C         6       6.0      12.00000
   2       O         8       8.0      15.99491
   3       C         6       6.0      12.00000
   4       H         1       1.0       1.00783
   5       H         1       1.0       1.00783
   6       H         1       1.0       1.00783
   7       C         6       6.0      12.00000
   8       H         1       1.0       1.00783
   9       H         1       1.0       1.00783
  10       H         1       1.0       1.00783
 =============================================

 Reading X + Y and X - Y from XY
 Done

 X + Y, X - Y, and electronic configurations
 in terms of spin-orbital numbers
 =============================================
 | 0 >
 HF ground state
 Singlet

   1.0000000 HF determinant
 ---------------------------------------------
 | 6 >
 TD-HF/DFT excited state   6
 Singlet   

  -0.0002100   -0.0004100   9 ->  45
  -0.0002100   -0.0004100  10 ->  46
   0.0002900    0.0002900   9 ->  49
   0.0002900    0.0002900  10 ->  50
   0.0004900   -0.0000300   9 ->  67
   0.0004900   -0.0000300  10 ->  68
   0.0003300    0.0001300   9 ->  69
   0.0003300    0.0001300  10 ->  70
  -0.0013500   -0.0005100   9 ->  89
  -0.0013500   -0.0005100  10 ->  90
   0.0003600    0.0001000   9 ->  95
   0.0003600    0.0001000  10 ->  96
   0.0003900   -0.0000700   9 -> 103
   0.0003900   -0.0000700  10 -> 104
   0.0004600    0.0000400   9 -> 107
   0.0004600    0.0000400  10 -> 108
   0.0001000    0.0001000   9 -> 119
   0.0001000    0.0001000  10 -> 120
   0.0001400    0.0001400   9 -> 135
   0.0001400    0.0001400  10 -> 136
  -0.0060800   -0.0034600  11 ->  39
  -0.0060800   -0.0034600  12 ->  40
   0.0022700    0.0010100  11 ->  45
   0.0022700    0.0010100  12 ->  46
  -0.0025800   -0.0015200  11 ->  49
  -0.0025800   -0.0015200  12 ->  50
  -0.0016800   -0.0010400  11 ->  59
  -0.0016800   -0.0010400  12 ->  60
   0.0001200    0.0003200  11 ->  67
   0.0001200    0.0003200  12 ->  68
   0.0001100    0.0001100  11 ->  69
   0.0001100    0.0001100  12 ->  70
  -0.0004600   -0.0004600  11 ->  79
  -0.0004600   -0.0004600  12 ->  80
   0.0022600    0.0008800  11 ->  85
   0.0022600    0.0008800  12 ->  86
   0.0005300    0.0001100  11 ->  89
   0.0005300    0.0001100  12 ->  90
   0.0009000    0.0002600  11 ->  95
   0.0009000    0.0002600  12 ->  96
   0.0007700    0.0001700  11 -> 103
   0.0007700    0.0001700  12 -> 104
  -0.0004500   -0.0001100  11 -> 119
  -0.0004500   -0.0001100  12 -> 120
  -0.0088100   -0.0052700  13 ->  35
  -0.0088100   -0.0052700  14 ->  36
   0.0001800   -0.0003800  13 ->  37
   0.0001800   -0.0003800  14 ->  38
  -0.0046900   -0.0029700  13 ->  47
  -0.0046900   -0.0029700  14 ->  48
  -0.0000300   -0.0002500  13 ->  51
  -0.0000300   -0.0002500  14 ->  52
  -0.0030300   -0.0011700  13 ->  53
  -0.0030300   -0.0011700  14 ->  54
   0.0011600    0.0008200  13 ->  61
   0.0011600    0.0008200  14 ->  62
  -0.0006400   -0.0003200  13 ->  63
  -0.0006400   -0.0003200  14 ->  64
  -0.0003000   -0.0003000  13 ->  75
  -0.0003000   -0.0003000  14 ->  76
   0.0025900    0.0008100  13 ->  81
   0.0025900    0.0008100  14 ->  82
   0.0018400    0.0008000  13 ->  83
   0.0018400    0.0008000  14 ->  84
  -0.0006000   -0.0000800  13 ->  91
  -0.0006000   -0.0000800  14 ->  92
  -0.0001800   -0.0001800  13 ->  99
  -0.0001800   -0.0001800  14 -> 100
   0.0002000    0.0002000  13 -> 109
   0.0002000    0.0002000  14 -> 110
  -0.0001200   -0.0001200  13 -> 117
  -0.0001200   -0.0001200  14 -> 118
  -0.0001200   -0.0001200  13 -> 127
  -0.0001200   -0.0001200  14 -> 128
  -0.0002500    0.0000100  13 -> 131
  -0.0002500    0.0000100  14 -> 132
  -0.0009300   -0.0057900  15 ->  39
  -0.0009300   -0.0057900  16 ->  40
  -0.0022500   -0.0017900  15 ->  45
  -0.0022500   -0.0017900  16 ->  46
   0.0024600    0.0010000  15 ->  49
   0.0024600    0.0010000  16 ->  50
  -0.0011100    0.0004100  15 ->  59
  -0.0011100    0.0004100  16 ->  60
  -0.0001900   -0.0001900  15 ->  67
  -0.0001900   -0.0001900  16 ->  68
  -0.0024300    0.0004700  15 ->  85
  -0.0024300    0.0004700  16 ->  86
   0.0001900    0.0001900  15 ->  89
   0.0001900    0.0001900  16 ->  90
   0.0004800    0.0004800  15 ->  95
   0.0004800    0.0004800  16 ->  96
   0.0021400    0.0004200  15 -> 103
   0.0021400    0.0004200  16 -> 104
   0.0001900    0.0001900  15 -> 107
   0.0001900    0.0001900  16 -> 108
  -0.0005900   -0.0000900  15 -> 119
  -0.0005900   -0.0000900  16 -> 120
  -0.0007600   -0.0001000  15 -> 123
  -0.0007600   -0.0001000  16 -> 124
   0.0004700    0.0004700  17 ->  43
   0.0004700    0.0004700  18 ->  44
   0.0030500    0.0008500  17 ->  57
   0.0030500    0.0008500  18 ->  58
  -0.0006200   -0.0004000  17 ->  77
  -0.0006200   -0.0004000  18 ->  78
   0.0030700    0.0003700  17 ->  93
   0.0030700    0.0003700  18 ->  94
  -0.0017400   -0.0000800  17 -> 105
  -0.0017400   -0.0000800  18 -> 106
   0.0012900    0.0001700  17 -> 125
   0.0012900    0.0001700  18 -> 126
  -0.0083500   -0.0121100  19 ->  35
  -0.0083500   -0.0121100  20 ->  36
  -0.0048000   -0.0033000  19 ->  37
  -0.0048000   -0.0033000  20 ->  38
   0.0003800    0.0012000  19 ->  47
   0.0003800    0.0012000  20 ->  48
  -0.0007300   -0.0029700  19 ->  51
  -0.0007300   -0.0029700  20 ->  52
   0.0022200    0.0007600  19 ->  61
   0.0022200    0.0007600  20 ->  62
   0.0000200    0.0003000  19 ->  63
   0.0000200    0.0003000  20 ->  64
  -0.0002100   -0.0007100  19 ->  71
  -0.0002100   -0.0007100  20 ->  72
  -0.0016800    0.0004000  19 ->  81
  -0.0016800    0.0004000  20 ->  82
  -0.0013100    0.0007500  19 ->  83
  -0.0013100    0.0007500  20 ->  84
  -0.0004800   -0.0004800  19 ->  91
  -0.0004800   -0.0004800  20 ->  92
  -0.0009000   -0.0005800  19 ->  99
  -0.0009000   -0.0005800  20 -> 100
   0.0009300    0.0003100  19 -> 101
   0.0009300    0.0003100  20 -> 102
   0.0016700    0.0003500  19 -> 109
   0.0016700    0.0003500  20 -> 110
  -0.0010100   -0.0000500  19 -> 113
  -0.0010100   -0.0000500  20 -> 114
  -0.0010000   -0.0003600  19 -> 117
  -0.0010000   -0.0003600  20 -> 118
  -0.0004500   -0.0000900  19 -> 127
  -0.0004500   -0.0000900  20 -> 128
   0.0007900   -0.0000500  19 -> 131
   0.0007900   -0.0000500  20 -> 132
   0.0032500    0.0017100  21 ->  39
   0.0032500    0.0017100  22 ->  40
  -0.0020500   -0.0015900  21 ->  45
  -0.0020500   -0.0015900  22 ->  46
  -0.0003900    0.0000500  21 ->  49
  -0.0003900    0.0000500  22 ->  50
  -0.0013400   -0.0008800  21 ->  59
  -0.0013400   -0.0008800  22 ->  60
  -0.0015600   -0.0006600  21 ->  67
  -0.0015600   -0.0006600  22 ->  68
   0.0003100   -0.0000100  21 ->  69
   0.0003100   -0.0000100  22 ->  70
  -0.0009900   -0.0001700  21 ->  85
  -0.0009900   -0.0001700  22 ->  86
  -0.0015100   -0.0001700  21 ->  89
  -0.0015100   -0.0001700  22 ->  90
   0.0011400    0.0002200  21 ->  95
   0.0011400    0.0002200  22 ->  96
   0.0004900    0.0001700  21 -> 103
   0.0004900    0.0001700  22 -> 104
  -0.0023300   -0.0003100  21 -> 107
  -0.0023300   -0.0003100  22 -> 108
  -0.0011700   -0.0001700  21 -> 119
  -0.0011700   -0.0001700  22 -> 120
   0.0002400    0.0000400  21 -> 135
   0.0002400    0.0000400  22 -> 136
   0.0019500    0.0019500  23 ->  33
   0.0019500    0.0019500  24 ->  34
   0.0041200    0.0017800  23 ->  41
   0.0041200    0.0017800  24 ->  42
  -0.0018800   -0.0006000  23 ->  55
  -0.0018800   -0.0006000  24 ->  56
  -0.0010400   -0.0002400  23 ->  65
  -0.0010400   -0.0002400  24 ->  66
  -0.0015400   -0.0005600  23 ->  73
  -0.0015400   -0.0005600  24 ->  74
  -0.0010400   -0.0002400  23 ->  87
  -0.0010400   -0.0002400  24 ->  88
  -0.0019700   -0.0002900  23 ->  97
  -0.0019700   -0.0002900  24 ->  98
  -0.0023500   -0.0002900  23 -> 111
  -0.0023500   -0.0002900  24 -> 112
   0.0018300    0.0002300  23 -> 121
   0.0018300    0.0002300  24 -> 122
   0.0004100    0.0000500  23 -> 129
   0.0004100    0.0000500  24 -> 130
  -0.0062100   -0.0075900  25 ->  39
  -0.0062100   -0.0075900  26 ->  40
   0.0012700    0.0000900  25 ->  45
   0.0012700    0.0000900  26 ->  46
   0.0021600    0.0001800  25 ->  49
   0.0021600    0.0001800  26 ->  50
   0.0003900   -0.0000300  25 ->  59
   0.0003900   -0.0000300  26 ->  60
   0.0016300   -0.0000300  25 ->  67
   0.0016300   -0.0000300  26 ->  68
  -0.0003300    0.0000700  25 ->  69
  -0.0003300    0.0000700  26 ->  70
  -0.0004500    0.0007100  25 ->  85
  -0.0004500    0.0007100  26 ->  86
   0.0001300    0.0001300  25 -> 103
   0.0001300    0.0001300  26 -> 104
   0.0014200    0.0002600  25 -> 107
   0.0014200    0.0002600  26 -> 108
  -0.0016300   -0.0002100  25 -> 123
  -0.0016300   -0.0002100  26 -> 124
  -0.0004100   -0.0001300  25 -> 135
  -0.0004100   -0.0001300  26 -> 136
   0.0044100    0.0067900  27 ->  35
   0.0044100    0.0067900  28 ->  36
   0.0080000    0.0058400  27 ->  37
   0.0080000    0.0058400  28 ->  38
   0.0001500    0.0001500  27 ->  47
   0.0001500    0.0001500  28 ->  48
   0.0044700    0.0038100  27 ->  51
   0.0044700    0.0038100  28 ->  52
  -0.0020900   -0.0008500  27 ->  53
  -0.0020900   -0.0008500  28 ->  54
  -0.0021100   -0.0012700  27 ->  61
  -0.0021100   -0.0012700  28 ->  62
   0.0002300    0.0002300  27 ->  63
   0.0002300    0.0002300  28 ->  64
  -0.0004400    0.0000400  27 ->  71
  -0.0004400    0.0000400  28 ->  72
  -0.0006000    0.0000600  27 ->  75
  -0.0006000    0.0000600  28 ->  76
   0.0007500   -0.0002100  27 ->  81
   0.0007500   -0.0002100  28 ->  82
  -0.0008000   -0.0008000  27 ->  83
  -0.0008000   -0.0008000  28 ->  84
  -0.0005300   -0.0000900  27 ->  91
  -0.0005300   -0.0000900  28 ->  92
  -0.0014300    0.0001100  27 ->  99
  -0.0014300    0.0001100  28 -> 100
   0.0010000   -0.0000200  27 -> 109
   0.0010000   -0.0000200  28 -> 110
   0.0016600    0.0003000  27 -> 113
   0.0016600    0.0003000  28 -> 114
   0.0011900    0.0002500  27 -> 127
   0.0011900    0.0002500  28 -> 128
   0.0010100    0.0001900  27 -> 131
   0.0010100    0.0001900  28 -> 132
  -0.0003100   -0.0000500  27 -> 133
  -0.0003100   -0.0000500  28 -> 134
  -0.0048500   -0.0026500  29 ->  43
  -0.0048500   -0.0026500  30 ->  44
  -0.0007300   -0.0001900  29 ->  57
  -0.0007300   -0.0001900  30 ->  58
   0.0009600    0.0003200  29 ->  77
   0.0009600    0.0003200  30 ->  78
  -0.0010900   -0.0001900  29 ->  93
  -0.0010900   -0.0001900  30 ->  94
   0.0005500    0.0000700  29 -> 115
   0.0005500    0.0000700  30 -> 116
  -0.0012600   -0.0001400  29 -> 125
  -0.0012600   -0.0001400  30 -> 126
   0.7038700    0.7089700  31 ->  35
   0.7038700    0.7089700  32 ->  36
   0.0155400    0.0155400  31 ->  37
   0.0155400    0.0155400  32 ->  38
   0.0076100    0.0058900  31 ->  47
   0.0076100    0.0058900  32 ->  48
  -0.0137700   -0.0175100  31 ->  51
  -0.0137700   -0.0175100  32 ->  52
   0.0007000   -0.0009800  31 ->  53
   0.0007000   -0.0009800  32 ->  54
   0.0004600    0.0013400  31 ->  61
   0.0004600    0.0013400  32 ->  62
   0.0000000    0.0015000  31 ->  63
   0.0000000    0.0015000  32 ->  64
  -0.0007700   -0.0003100  31 ->  71
  -0.0007700   -0.0003100  32 ->  72
   0.0038400    0.0027400  31 ->  75
   0.0038400    0.0027400  32 ->  76
  -0.0013900   -0.0026900  31 ->  81
  -0.0013900   -0.0026900  32 ->  82
  -0.0014800   -0.0028600  31 ->  83
  -0.0014800   -0.0028600  32 ->  84
   0.0014400    0.0017400  31 ->  91
   0.0014400    0.0017400  32 ->  92
   0.0002500   -0.0008900  31 ->  99
   0.0002500   -0.0008900  32 -> 100
  -0.0017100   -0.0005300  31 -> 101
  -0.0017100   -0.0005300  32 -> 102
   0.0003500   -0.0001500  31 -> 109
   0.0003500   -0.0001500  32 -> 110
   0.0008400    0.0001800  31 -> 113
   0.0008400    0.0001800  32 -> 114
   0.0008200    0.0001000  31 -> 117
   0.0008200    0.0001000  32 -> 118
   0.0012800    0.0002800  31 -> 127
   0.0012800    0.0002800  32 -> 128
  -0.0004300   -0.0004300  31 -> 131
  -0.0004300   -0.0004300  32 -> 132
   0.0003900   -0.0000100  31 -> 133
   0.0003900   -0.0000100  32 -> 134
  -0.0001500   -0.0001500  31 -> 143
  -0.0001500   -0.0001500  32 -> 144
  -0.0001400    0.0001400   9 ->  39
  -0.0001400    0.0001400  10 ->  40
   0.0001100   -0.0001100   9 -> 123
   0.0001100   -0.0001100  10 -> 124
  -0.0001000    0.0001000  11 -> 107
  -0.0001000    0.0001000  12 -> 108
  -0.0001100    0.0001100  11 -> 135
  -0.0001100    0.0001100  12 -> 136
  -0.0002500    0.0002500  13 ->  71
  -0.0002500    0.0002500  14 ->  72
  -0.0004000    0.0004000  15 ->  69
  -0.0004000    0.0004000  16 ->  70
   0.0001300   -0.0001300  15 ->  79
   0.0001300   -0.0001300  16 ->  80
  -0.0008200    0.0008200  19 ->  53
  -0.0008200    0.0008200  20 ->  54
   0.0001200   -0.0001200  19 ->  75
   0.0001200   -0.0001200  20 ->  76
   0.0002300   -0.0002300  21 ->  79
   0.0002300   -0.0002300  22 ->  80
   0.0001900   -0.0001900  25 ->  79
   0.0001900   -0.0001900  26 ->  80
  -0.0003600    0.0003600  25 ->  89
  -0.0003600    0.0003600  26 ->  90
  -0.0003600    0.0003600  25 ->  95
  -0.0003600    0.0003600  26 ->  96
  -0.0001200    0.0001200  27 -> 117
  -0.0001200    0.0001200  28 -> 118
  -0.0001400    0.0001400  31 -> 137
  -0.0001400    0.0001400  32 -> 138
 =============================================

 X + Y, X - Y, and electronic configurations
 in terms of spin-orbital names
 =============================================
 | 0 >
 HF ground state
 Singlet

   1.0000000 HF determinant
 ---------------------------------------------
 | 6 >
 TD-HF/DFT excited state   6
 Singlet   

  -0.0002100   -0.0004100  LUMO+6a  
                           HOMO-11a 
  -0.0002100   -0.0004100  LUMO+6b  
                           HOMO-11b 
   0.0002900    0.0002900  LUMO+8a  
                           HOMO-11a 
   0.0002900    0.0002900  LUMO+8b  
                           HOMO-11b 
   0.0004900   -0.0000300  LUMO+17a 
                           HOMO-11a 
   0.0004900   -0.0000300  LUMO+17b 
                           HOMO-11b 
   0.0003300    0.0001300  LUMO+18a 
                           HOMO-11a 
   0.0003300    0.0001300  LUMO+18b 
                           HOMO-11b 
  -0.0013500   -0.0005100  LUMO+28a 
                           HOMO-11a 
  -0.0013500   -0.0005100  LUMO+28b 
                           HOMO-11b 
   0.0003600    0.0001000  LUMO+31a 
                           HOMO-11a 
   0.0003600    0.0001000  LUMO+31b 
                           HOMO-11b 
   0.0003900   -0.0000700  LUMO+35a 
                           HOMO-11a 
   0.0003900   -0.0000700  LUMO+35b 
                           HOMO-11b 
   0.0004600    0.0000400  LUMO+37a 
                           HOMO-11a 
   0.0004600    0.0000400  LUMO+37b 
                           HOMO-11b 
   0.0001000    0.0001000  LUMO+43a 
                           HOMO-11a 
   0.0001000    0.0001000  LUMO+43b 
                           HOMO-11b 
   0.0001400    0.0001400  LUMO+51a 
                           HOMO-11a 
   0.0001400    0.0001400  LUMO+51b 
                           HOMO-11b 
  -0.0060800   -0.0034600  LUMO+3a  
                           HOMO-10a 
  -0.0060800   -0.0034600  LUMO+3b  
                           HOMO-10b 
   0.0022700    0.0010100  LUMO+6a  
                           HOMO-10a 
   0.0022700    0.0010100  LUMO+6b  
                           HOMO-10b 
  -0.0025800   -0.0015200  LUMO+8a  
                           HOMO-10a 
  -0.0025800   -0.0015200  LUMO+8b  
                           HOMO-10b 
  -0.0016800   -0.0010400  LUMO+13a 
                           HOMO-10a 
  -0.0016800   -0.0010400  LUMO+13b 
                           HOMO-10b 
   0.0001200    0.0003200  LUMO+17a 
                           HOMO-10a 
   0.0001200    0.0003200  LUMO+17b 
                           HOMO-10b 
   0.0001100    0.0001100  LUMO+18a 
                           HOMO-10a 
   0.0001100    0.0001100  LUMO+18b 
                           HOMO-10b 
  -0.0004600   -0.0004600  LUMO+23a 
                           HOMO-10a 
  -0.0004600   -0.0004600  LUMO+23b 
                           HOMO-10b 
   0.0022600    0.0008800  LUMO+26a 
                           HOMO-10a 
   0.0022600    0.0008800  LUMO+26b 
                           HOMO-10b 
   0.0005300    0.0001100  LUMO+28a 
                           HOMO-10a 
   0.0005300    0.0001100  LUMO+28b 
                           HOMO-10b 
   0.0009000    0.0002600  LUMO+31a 
                           HOMO-10a 
   0.0009000    0.0002600  LUMO+31b 
                           HOMO-10b 
   0.0007700    0.0001700  LUMO+35a 
                           HOMO-10a 
   0.0007700    0.0001700  LUMO+35b 
                           HOMO-10b 
  -0.0004500   -0.0001100  LUMO+43a 
                           HOMO-10a 
  -0.0004500   -0.0001100  LUMO+43b 
                           HOMO-10b 
  -0.0088100   -0.0052700  LUMO+1a  
                           HOMO-9a  
  -0.0088100   -0.0052700  LUMO+1b  
                           HOMO-9b  
   0.0001800   -0.0003800  LUMO+2a  
                           HOMO-9a  
   0.0001800   -0.0003800  LUMO+2b  
                           HOMO-9b  
  -0.0046900   -0.0029700  LUMO+7a  
                           HOMO-9a  
  -0.0046900   -0.0029700  LUMO+7b  
                           HOMO-9b  
  -0.0000300   -0.0002500  LUMO+9a  
                           HOMO-9a  
  -0.0000300   -0.0002500  LUMO+9b  
                           HOMO-9b  
  -0.0030300   -0.0011700  LUMO+10a 
                           HOMO-9a  
  -0.0030300   -0.0011700  LUMO+10b 
                           HOMO-9b  
   0.0011600    0.0008200  LUMO+14a 
                           HOMO-9a  
   0.0011600    0.0008200  LUMO+14b 
                           HOMO-9b  
  -0.0006400   -0.0003200  LUMO+15a 
                           HOMO-9a  
  -0.0006400   -0.0003200  LUMO+15b 
                           HOMO-9b  
  -0.0003000   -0.0003000  LUMO+21a 
                           HOMO-9a  
  -0.0003000   -0.0003000  LUMO+21b 
                           HOMO-9b  
   0.0025900    0.0008100  LUMO+24a 
                           HOMO-9a  
   0.0025900    0.0008100  LUMO+24b 
                           HOMO-9b  
   0.0018400    0.0008000  LUMO+25a 
                           HOMO-9a  
   0.0018400    0.0008000  LUMO+25b 
                           HOMO-9b  
  -0.0006000   -0.0000800  LUMO+29a 
                           HOMO-9a  
  -0.0006000   -0.0000800  LUMO+29b 
                           HOMO-9b  
  -0.0001800   -0.0001800  LUMO+33a 
                           HOMO-9a  
  -0.0001800   -0.0001800  LUMO+33b 
                           HOMO-9b  
   0.0002000    0.0002000  LUMO+38a 
                           HOMO-9a  
   0.0002000    0.0002000  LUMO+38b 
                           HOMO-9b  
  -0.0001200   -0.0001200  LUMO+42a 
                           HOMO-9a  
  -0.0001200   -0.0001200  LUMO+42b 
                           HOMO-9b  
  -0.0001200   -0.0001200  LUMO+47a 
                           HOMO-9a  
  -0.0001200   -0.0001200  LUMO+47b 
                           HOMO-9b  
  -0.0002500    0.0000100  LUMO+49a 
                           HOMO-9a  
  -0.0002500    0.0000100  LUMO+49b 
                           HOMO-9b  
  -0.0009300   -0.0057900  LUMO+3a  
                           HOMO-8a  
  -0.0009300   -0.0057900  LUMO+3b  
                           HOMO-8b  
  -0.0022500   -0.0017900  LUMO+6a  
                           HOMO-8a  
  -0.0022500   -0.0017900  LUMO+6b  
                           HOMO-8b  
   0.0024600    0.0010000  LUMO+8a  
                           HOMO-8a  
   0.0024600    0.0010000  LUMO+8b  
                           HOMO-8b  
  -0.0011100    0.0004100  LUMO+13a 
                           HOMO-8a  
  -0.0011100    0.0004100  LUMO+13b 
                           HOMO-8b  
  -0.0001900   -0.0001900  LUMO+17a 
                           HOMO-8a  
  -0.0001900   -0.0001900  LUMO+17b 
                           HOMO-8b  
  -0.0024300    0.0004700  LUMO+26a 
                           HOMO-8a  
  -0.0024300    0.0004700  LUMO+26b 
                           HOMO-8b  
   0.0001900    0.0001900  LUMO+28a 
                           HOMO-8a  
   0.0001900    0.0001900  LUMO+28b 
                           HOMO-8b  
   0.0004800    0.0004800  LUMO+31a 
                           HOMO-8a  
   0.0004800    0.0004800  LUMO+31b 
                           HOMO-8b  
   0.0021400    0.0004200  LUMO+35a 
                           HOMO-8a  
   0.0021400    0.0004200  LUMO+35b 
                           HOMO-8b  
   0.0001900    0.0001900  LUMO+37a 
                           HOMO-8a  
   0.0001900    0.0001900  LUMO+37b 
                           HOMO-8b  
  -0.0005900   -0.0000900  LUMO+43a 
                           HOMO-8a  
  -0.0005900   -0.0000900  LUMO+43b 
                           HOMO-8b  
  -0.0007600   -0.0001000  LUMO+45a 
                           HOMO-8a  
  -0.0007600   -0.0001000  LUMO+45b 
                           HOMO-8b  
   0.0004700    0.0004700  LUMO+5a  
                           HOMO-7a  
   0.0004700    0.0004700  LUMO+5b  
                           HOMO-7b  
   0.0030500    0.0008500  LUMO+12a 
                           HOMO-7a  
   0.0030500    0.0008500  LUMO+12b 
                           HOMO-7b  
  -0.0006200   -0.0004000  LUMO+22a 
                           HOMO-7a  
  -0.0006200   -0.0004000  LUMO+22b 
                           HOMO-7b  
   0.0030700    0.0003700  LUMO+30a 
                           HOMO-7a  
   0.0030700    0.0003700  LUMO+30b 
                           HOMO-7b  
  -0.0017400   -0.0000800  LUMO+36a 
                           HOMO-7a  
  -0.0017400   -0.0000800  LUMO+36b 
                           HOMO-7b  
   0.0012900    0.0001700  LUMO+46a 
                           HOMO-7a  
   0.0012900    0.0001700  LUMO+46b 
                           HOMO-7b  
  -0.0083500   -0.0121100  LUMO+1a  
                           HOMO-6a  
  -0.0083500   -0.0121100  LUMO+1b  
                           HOMO-6b  
  -0.0048000   -0.0033000  LUMO+2a  
                           HOMO-6a  
  -0.0048000   -0.0033000  LUMO+2b  
                           HOMO-6b  
   0.0003800    0.0012000  LUMO+7a  
                           HOMO-6a  
   0.0003800    0.0012000  LUMO+7b  
                           HOMO-6b  
  -0.0007300   -0.0029700  LUMO+9a  
                           HOMO-6a  
  -0.0007300   -0.0029700  LUMO+9b  
                           HOMO-6b  
   0.0022200    0.0007600  LUMO+14a 
                           HOMO-6a  
   0.0022200    0.0007600  LUMO+14b 
                           HOMO-6b  
   0.0000200    0.0003000  LUMO+15a 
                           HOMO-6a  
   0.0000200    0.0003000  LUMO+15b 
                           HOMO-6b  
  -0.0002100   -0.0007100  LUMO+19a 
                           HOMO-6a  
  -0.0002100   -0.0007100  LUMO+19b 
                           HOMO-6b  
  -0.0016800    0.0004000  LUMO+24a 
                           HOMO-6a  
  -0.0016800    0.0004000  LUMO+24b 
                           HOMO-6b  
  -0.0013100    0.0007500  LUMO+25a 
                           HOMO-6a  
  -0.0013100    0.0007500  LUMO+25b 
                           HOMO-6b  
  -0.0004800   -0.0004800  LUMO+29a 
                           HOMO-6a  
  -0.0004800   -0.0004800  LUMO+29b 
                           HOMO-6b  
  -0.0009000   -0.0005800  LUMO+33a 
                           HOMO-6a  
  -0.0009000   -0.0005800  LUMO+33b 
                           HOMO-6b  
   0.0009300    0.0003100  LUMO+34a 
                           HOMO-6a  
   0.0009300    0.0003100  LUMO+34b 
                           HOMO-6b  
   0.0016700    0.0003500  LUMO+38a 
                           HOMO-6a  
   0.0016700    0.0003500  LUMO+38b 
                           HOMO-6b  
  -0.0010100   -0.0000500  LUMO+40a 
                           HOMO-6a  
  -0.0010100   -0.0000500  LUMO+40b 
                           HOMO-6b  
  -0.0010000   -0.0003600  LUMO+42a 
                           HOMO-6a  
  -0.0010000   -0.0003600  LUMO+42b 
                           HOMO-6b  
  -0.0004500   -0.0000900  LUMO+47a 
                           HOMO-6a  
  -0.0004500   -0.0000900  LUMO+47b 
                           HOMO-6b  
   0.0007900   -0.0000500  LUMO+49a 
                           HOMO-6a  
   0.0007900   -0.0000500  LUMO+49b 
                           HOMO-6b  
   0.0032500    0.0017100  LUMO+3a  
                           HOMO-5a  
   0.0032500    0.0017100  LUMO+3b  
                           HOMO-5b  
  -0.0020500   -0.0015900  LUMO+6a  
                           HOMO-5a  
  -0.0020500   -0.0015900  LUMO+6b  
                           HOMO-5b  
  -0.0003900    0.0000500  LUMO+8a  
                           HOMO-5a  
  -0.0003900    0.0000500  LUMO+8b  
                           HOMO-5b  
  -0.0013400   -0.0008800  LUMO+13a 
                           HOMO-5a  
  -0.0013400   -0.0008800  LUMO+13b 
                           HOMO-5b  
  -0.0015600   -0.0006600  LUMO+17a 
                           HOMO-5a  
  -0.0015600   -0.0006600  LUMO+17b 
                           HOMO-5b  
   0.0003100   -0.0000100  LUMO+18a 
                           HOMO-5a  
   0.0003100   -0.0000100  LUMO+18b 
                           HOMO-5b  
  -0.0009900   -0.0001700  LUMO+26a 
                           HOMO-5a  
  -0.0009900   -0.0001700  LUMO+26b 
                           HOMO-5b  
  -0.0015100   -0.0001700  LUMO+28a 
                           HOMO-5a  
  -0.0015100   -0.0001700  LUMO+28b 
                           HOMO-5b  
   0.0011400    0.0002200  LUMO+31a 
                           HOMO-5a  
   0.0011400    0.0002200  LUMO+31b 
                           HOMO-5b  
   0.0004900    0.0001700  LUMO+35a 
                           HOMO-5a  
   0.0004900    0.0001700  LUMO+35b 
                           HOMO-5b  
  -0.0023300   -0.0003100  LUMO+37a 
                           HOMO-5a  
  -0.0023300   -0.0003100  LUMO+37b 
                           HOMO-5b  
  -0.0011700   -0.0001700  LUMO+43a 
                           HOMO-5a  
  -0.0011700   -0.0001700  LUMO+43b 
                           HOMO-5b  
   0.0002400    0.0000400  LUMO+51a 
                           HOMO-5a  
   0.0002400    0.0000400  LUMO+51b 
                           HOMO-5b  
   0.0019500    0.0019500  LUMOa    
                           HOMO-4a  
   0.0019500    0.0019500  LUMOb    
                           HOMO-4b  
   0.0041200    0.0017800  LUMO+4a  
                           HOMO-4a  
   0.0041200    0.0017800  LUMO+4b  
                           HOMO-4b  
  -0.0018800   -0.0006000  LUMO+11a 
                           HOMO-4a  
  -0.0018800   -0.0006000  LUMO+11b 
                           HOMO-4b  
  -0.0010400   -0.0002400  LUMO+16a 
                           HOMO-4a  
  -0.0010400   -0.0002400  LUMO+16b 
                           HOMO-4b  
  -0.0015400   -0.0005600  LUMO+20a 
                           HOMO-4a  
  -0.0015400   -0.0005600  LUMO+20b 
                           HOMO-4b  
  -0.0010400   -0.0002400  LUMO+27a 
                           HOMO-4a  
  -0.0010400   -0.0002400  LUMO+27b 
                           HOMO-4b  
  -0.0019700   -0.0002900  LUMO+32a 
                           HOMO-4a  
  -0.0019700   -0.0002900  LUMO+32b 
                           HOMO-4b  
  -0.0023500   -0.0002900  LUMO+39a 
                           HOMO-4a  
  -0.0023500   -0.0002900  LUMO+39b 
                           HOMO-4b  
   0.0018300    0.0002300  LUMO+44a 
                           HOMO-4a  
   0.0018300    0.0002300  LUMO+44b 
                           HOMO-4b  
   0.0004100    0.0000500  LUMO+48a 
                           HOMO-4a  
   0.0004100    0.0000500  LUMO+48b 
                           HOMO-4b  
  -0.0062100   -0.0075900  LUMO+3a  
                           HOMO-3a  
  -0.0062100   -0.0075900  LUMO+3b  
                           HOMO-3b  
   0.0012700    0.0000900  LUMO+6a  
                           HOMO-3a  
   0.0012700    0.0000900  LUMO+6b  
                           HOMO-3b  
   0.0021600    0.0001800  LUMO+8a  
                           HOMO-3a  
   0.0021600    0.0001800  LUMO+8b  
                           HOMO-3b  
   0.0003900   -0.0000300  LUMO+13a 
                           HOMO-3a  
   0.0003900   -0.0000300  LUMO+13b 
                           HOMO-3b  
   0.0016300   -0.0000300  LUMO+17a 
                           HOMO-3a  
   0.0016300   -0.0000300  LUMO+17b 
                           HOMO-3b  
  -0.0003300    0.0000700  LUMO+18a 
                           HOMO-3a  
  -0.0003300    0.0000700  LUMO+18b 
                           HOMO-3b  
  -0.0004500    0.0007100  LUMO+26a 
                           HOMO-3a  
  -0.0004500    0.0007100  LUMO+26b 
                           HOMO-3b  
   0.0001300    0.0001300  LUMO+35a 
                           HOMO-3a  
   0.0001300    0.0001300  LUMO+35b 
                           HOMO-3b  
   0.0014200    0.0002600  LUMO+37a 
                           HOMO-3a  
   0.0014200    0.0002600  LUMO+37b 
                           HOMO-3b  
  -0.0016300   -0.0002100  LUMO+45a 
                           HOMO-3a  
  -0.0016300   -0.0002100  LUMO+45b 
                           HOMO-3b  
  -0.0004100   -0.0001300  LUMO+51a 
                           HOMO-3a  
  -0.0004100   -0.0001300  LUMO+51b 
                           HOMO-3b  
   0.0044100    0.0067900  LUMO+1a  
                           HOMO-2a  
   0.0044100    0.0067900  LUMO+1b  
                           HOMO-2b  
   0.0080000    0.0058400  LUMO+2a  
                           HOMO-2a  
   0.0080000    0.0058400  LUMO+2b  
                           HOMO-2b  
   0.0001500    0.0001500  LUMO+7a  
                           HOMO-2a  
   0.0001500    0.0001500  LUMO+7b  
                           HOMO-2b  
   0.0044700    0.0038100  LUMO+9a  
                           HOMO-2a  
   0.0044700    0.0038100  LUMO+9b  
                           HOMO-2b  
  -0.0020900   -0.0008500  LUMO+10a 
                           HOMO-2a  
  -0.0020900   -0.0008500  LUMO+10b 
                           HOMO-2b  
  -0.0021100   -0.0012700  LUMO+14a 
                           HOMO-2a  
  -0.0021100   -0.0012700  LUMO+14b 
                           HOMO-2b  
   0.0002300    0.0002300  LUMO+15a 
                           HOMO-2a  
   0.0002300    0.0002300  LUMO+15b 
                           HOMO-2b  
  -0.0004400    0.0000400  LUMO+19a 
                           HOMO-2a  
  -0.0004400    0.0000400  LUMO+19b 
                           HOMO-2b  
  -0.0006000    0.0000600  LUMO+21a 
                           HOMO-2a  
  -0.0006000    0.0000600  LUMO+21b 
                           HOMO-2b  
   0.0007500   -0.0002100  LUMO+24a 
                           HOMO-2a  
   0.0007500   -0.0002100  LUMO+24b 
                           HOMO-2b  
  -0.0008000   -0.0008000  LUMO+25a 
                           HOMO-2a  
  -0.0008000   -0.0008000  LUMO+25b 
                           HOMO-2b  
  -0.0005300   -0.0000900  LUMO+29a 
                           HOMO-2a  
  -0.0005300   -0.0000900  LUMO+29b 
                           HOMO-2b  
  -0.0014300    0.0001100  LUMO+33a 
                           HOMO-2a  
  -0.0014300    0.0001100  LUMO+33b 
                           HOMO-2b  
   0.0010000   -0.0000200  LUMO+38a 
                           HOMO-2a  
   0.0010000   -0.0000200  LUMO+38b 
                           HOMO-2b  
   0.0016600    0.0003000  LUMO+40a 
                           HOMO-2a  
   0.0016600    0.0003000  LUMO+40b 
                           HOMO-2b  
   0.0011900    0.0002500  LUMO+47a 
                           HOMO-2a  
   0.0011900    0.0002500  LUMO+47b 
                           HOMO-2b  
   0.0010100    0.0001900  LUMO+49a 
                           HOMO-2a  
   0.0010100    0.0001900  LUMO+49b 
                           HOMO-2b  
  -0.0003100   -0.0000500  LUMO+50a 
                           HOMO-2a  
  -0.0003100   -0.0000500  LUMO+50b 
                           HOMO-2b  
  -0.0048500   -0.0026500  LUMO+5a  
                           HOMO-1a  
  -0.0048500   -0.0026500  LUMO+5b  
                           HOMO-1b  
  -0.0007300   -0.0001900  LUMO+12a 
                           HOMO-1a  
  -0.0007300   -0.0001900  LUMO+12b 
                           HOMO-1b  
   0.0009600    0.0003200  LUMO+22a 
                           HOMO-1a  
   0.0009600    0.0003200  LUMO+22b 
                           HOMO-1b  
  -0.0010900   -0.0001900  LUMO+30a 
                           HOMO-1a  
  -0.0010900   -0.0001900  LUMO+30b 
                           HOMO-1b  
   0.0005500    0.0000700  LUMO+41a 
                           HOMO-1a  
   0.0005500    0.0000700  LUMO+41b 
                           HOMO-1b  
  -0.0012600   -0.0001400  LUMO+46a 
                           HOMO-1a  
  -0.0012600   -0.0001400  LUMO+46b 
                           HOMO-1b  
   0.7038700    0.7089700  LUMO+1a  
                           HOMOa    
   0.7038700    0.7089700  LUMO+1b  
                           HOMOb    
   0.0155400    0.0155400  LUMO+2a  
                           HOMOa    
   0.0155400    0.0155400  LUMO+2b  
                           HOMOb    
   0.0076100    0.0058900  LUMO+7a  
                           HOMOa    
   0.0076100    0.0058900  LUMO+7b  
                           HOMOb    
  -0.0137700   -0.0175100  LUMO+9a  
                           HOMOa    
  -0.0137700   -0.0175100  LUMO+9b  
                           HOMOb    
   0.0007000   -0.0009800  LUMO+10a 
                           HOMOa    
   0.0007000   -0.0009800  LUMO+10b 
                           HOMOb    
   0.0004600    0.0013400  LUMO+14a 
                           HOMOa    
   0.0004600    0.0013400  LUMO+14b 
                           HOMOb    
   0.0000000    0.0015000  LUMO+15a 
                           HOMOa    
   0.0000000    0.0015000  LUMO+15b 
                           HOMOb    
  -0.0007700   -0.0003100  LUMO+19a 
                           HOMOa    
  -0.0007700   -0.0003100  LUMO+19b 
                           HOMOb    
   0.0038400    0.0027400  LUMO+21a 
                           HOMOa    
   0.0038400    0.0027400  LUMO+21b 
                           HOMOb    
  -0.0013900   -0.0026900  LUMO+24a 
                           HOMOa    
  -0.0013900   -0.0026900  LUMO+24b 
                           HOMOb    
  -0.0014800   -0.0028600  LUMO+25a 
                           HOMOa    
  -0.0014800   -0.0028600  LUMO+25b 
                           HOMOb    
   0.0014400    0.0017400  LUMO+29a 
                           HOMOa    
   0.0014400    0.0017400  LUMO+29b 
                           HOMOb    
   0.0002500   -0.0008900  LUMO+33a 
                           HOMOa    
   0.0002500   -0.0008900  LUMO+33b 
                           HOMOb    
  -0.0017100   -0.0005300  LUMO+34a 
                           HOMOa    
  -0.0017100   -0.0005300  LUMO+34b 
                           HOMOb    
   0.0003500   -0.0001500  LUMO+38a 
                           HOMOa    
   0.0003500   -0.0001500  LUMO+38b 
                           HOMOb    
   0.0008400    0.0001800  LUMO+40a 
                           HOMOa    
   0.0008400    0.0001800  LUMO+40b 
                           HOMOb    
   0.0008200    0.0001000  LUMO+42a 
                           HOMOa    
   0.0008200    0.0001000  LUMO+42b 
                           HOMOb    
   0.0012800    0.0002800  LUMO+47a 
                           HOMOa    
   0.0012800    0.0002800  LUMO+47b 
                           HOMOb    
  -0.0004300   -0.0004300  LUMO+49a 
                           HOMOa    
  -0.0004300   -0.0004300  LUMO+49b 
                           HOMOb    
   0.0003900   -0.0000100  LUMO+50a 
                           HOMOa    
   0.0003900   -0.0000100  LUMO+50b 
                           HOMOb    
  -0.0001500   -0.0001500  LUMO+55a 
                           HOMOa    
  -0.0001500   -0.0001500  LUMO+55b 
                           HOMOb    
  -0.0001400    0.0001400  LUMO+3a  
                           HOMO-11a 
  -0.0001400    0.0001400  LUMO+3b  
                           HOMO-11b 
   0.0001100   -0.0001100  LUMO+45a 
                           HOMO-11a 
   0.0001100   -0.0001100  LUMO+45b 
                           HOMO-11b 
  -0.0001000    0.0001000  LUMO+37a 
                           HOMO-10a 
  -0.0001000    0.0001000  LUMO+37b 
                           HOMO-10b 
  -0.0001100    0.0001100  LUMO+51a 
                           HOMO-10a 
  -0.0001100    0.0001100  LUMO+51b 
                           HOMO-10b 
  -0.0002500    0.0002500  LUMO+19a 
                           HOMO-9a  
  -0.0002500    0.0002500  LUMO+19b 
                           HOMO-9b  
  -0.0004000    0.0004000  LUMO+18a 
                           HOMO-8a  
  -0.0004000    0.0004000  LUMO+18b 
                           HOMO-8b  
   0.0001300   -0.0001300  LUMO+23a 
                           HOMO-8a  
   0.0001300   -0.0001300  LUMO+23b 
                           HOMO-8b  
  -0.0008200    0.0008200  LUMO+10a 
                           HOMO-6a  
  -0.0008200    0.0008200  LUMO+10b 
                           HOMO-6b  
   0.0001200   -0.0001200  LUMO+21a 
                           HOMO-6a  
   0.0001200   -0.0001200  LUMO+21b 
                           HOMO-6b  
   0.0002300   -0.0002300  LUMO+23a 
                           HOMO-5a  
   0.0002300   -0.0002300  LUMO+23b 
                           HOMO-5b  
   0.0001900   -0.0001900  LUMO+23a 
                           HOMO-3a  
   0.0001900   -0.0001900  LUMO+23b 
                           HOMO-3b  
  -0.0003600    0.0003600  LUMO+28a 
                           HOMO-3a  
  -0.0003600    0.0003600  LUMO+28b 
                           HOMO-3b  
  -0.0003600    0.0003600  LUMO+31a 
                           HOMO-3a  
  -0.0003600    0.0003600  LUMO+31b 
                           HOMO-3b  
  -0.0001200    0.0001200  LUMO+42a 
                           HOMO-2a  
  -0.0001200    0.0001200  LUMO+42b 
                           HOMO-2b  
  -0.0001400    0.0001400  LUMO+52a 
                           HOMOa    
  -0.0001400    0.0001400  LUMO+52b 
                           HOMOb    
 =============================================

 Sum of (X + Y)*(X - Y) of electronic state | i >
 ==========================
   i   Sum[(X + Y)*(X - Y)]
 --------------------------
   0   1.00000000
   6   1.00000025
 ==========================

 Contributions from individual electronic configurations
 to electronic states in terms of spin-orbital numbers
 =============================================
 | 0 >
 HF ground state
 Singlet

 100.00  HF determinant
 ---------------------------------------------
 | 6 >
 TD-HF/DFT excited state   6
 Singlet   

  49.90  31 ->  35
  49.90  32 ->  36
 =============================================

 Contributions from individual electronic configurations
 to electronic states in terms of spin-orbital names
 =============================================
 | 0 >
 HF ground state
 Singlet

 100.00  HF determinant
 ---------------------------------------------
 | 6 >
 TD-HF/DFT excited state   6
 Singlet   

  49.90  LUMO+1a  
         HOMOa    
  49.90  LUMO+1b  
         HOMOb    
 =============================================


 --- Entering SUBROUTINE vc_int_pgf

 --------------
 Density matrix
 --------------

 gamma: one-particle reduced density matrix
 between electronic states | i > and | j >

 Trace of gamma
 =============================
   i   j   n_ci_ci   Tr[gamma]
 -----------------------------
   0   6     332       0.00000
 =============================

 Calculating density matrix in terms of CGFs
 from gamma and CGF coefficients
 Done

 -------------
 Dipole moment
 -------------

 Dipole moment in atomic units
 ====================================================
   i   j      mu_x       mu_y       mu_z       |mu|
 ----------------------------------------------------
   0   6   -0.00000    0.29880    0.00000    0.29880
 ====================================================

 Dipole moment in debye
 ====================================================
   i   j      mu_x       mu_y       mu_z       |mu|
 ----------------------------------------------------
   0   6   -0.00000    0.75948    0.00000    0.75948
 ====================================================

 -----------------
 Vibronic coupling
 -----------------

 Reading elfld_cgf_atm from ELFLD_CGF_ATM                 
 Done

 --------------------------------
 Vibronic coupling constant (VCC)
 --------------------------------

 Freq   : frequency (cm-1)
 VCC_en : electronic part of VCC (a.u.)
 VCC_nn : nucelar part of VCC (a.u.)
 VCC = VCC_en + VCC_nn

 ====================================================
 Mode    Freq      VCC_en       VCC_nn       VCC
 ----------------------------------------------------
   1     48.51  -0.00000000   0.00000000  -0.00000000
   2    136.80  -0.00000000   0.00000000  -0.00000000
   3    376.63  -0.00000000   0.00000000  -0.00000000
   4    486.96  -0.00000000   0.00000000  -0.00000000
   5    531.74  -0.00001415   0.00000000  -0.00001415
   6    786.44   0.00000000   0.00000000   0.00000000
   7    895.17   0.00030958   0.00000000   0.00030958
   8    897.17   0.00000000   0.00000000   0.00000000
   9   1095.67  -0.00000000   0.00000000  -0.00000000
  10   1131.00   0.00000000   0.00000000   0.00000000
  11   1245.56   0.00047385   0.00000000   0.00047385
  12   1411.30   0.00000000   0.00000000   0.00000000
  13   1413.27  -0.00036080   0.00000000  -0.00036080
  14   1490.54   0.00003689   0.00000000   0.00003689
  15   1495.05  -0.00000000   0.00000000  -0.00000000
  16   1499.05   0.00000000   0.00000000   0.00000000
  17   1516.34  -0.00000000   0.00000000  -0.00000000
  18   1823.26   0.00000000   0.00000000   0.00000000
  19   3044.44   0.00081109   0.00000000   0.00081109
  20   3051.40  -0.00000000   0.00000000  -0.00000000
  21   3100.60   0.00000000   0.00000000   0.00000000
  22   3107.82  -0.00000000   0.00000000  -0.00000000
  23   3165.94  -0.00009398   0.00000000  -0.00009398
  24   3166.70   0.00000000   0.00000000   0.00000000
 ====================================================

 --- Leaving SUBROUTINE vc_int_pgf


 ****************************
 **                        **
 **   Normal termination   **
 **                        **
 ****************************


 Total CPU time =     0.44 seconds

 --- Leaving d77.exe on 2024/4/24 at 15:15:24 (time zone = UTC+0900)

 --------------- End of d77 execution script ---------------
