
 --------------- d77 execution script ---------------



 ****************************************************
 **                                                **
 **             d77: version 20230828              **
 **                                                **
 **  Visual understanding of molecular properties  **
 **                                                **
 **        Coded by SHIZU Katsuyuki (Japan)        **
 **                                                **
 ****************************************************

 d77 is free software and can be redistributed and/or modified
 under the terms of the GNU General Public License v3.0
 as published by the Free Software Foundation.
 https://www.gnu.org/licenses/gpl-3.0.html

 For bug reports, e-mail to shizu@scl.kyoto-u.ac.jp



 ===== Copy of your input file =====

 $comment
 Input file for calculating spin-orbit coupling
 between S1 and T1 (Ms = 0)
 | 1 > : lowest triplet state (T1)
 | 2 > : lowest excited singlet state (S1)
 $comment
 
 $control
 property = soc
 runtyp = int_pgf
 method = td
 effcharg_soc = read
 $end_control
 
 $spin_orbit
 ms = 0
 $end_spin_orbit
 
 $elec_state
 Bra = < 1 |
 Ket = | 2 >
 $end_elec_state
 
 INPDIR_ELEC = ../../INP_ELEC
 INPDIR_SOC_CGF = ../../SOC_CGF

 ===================================

 Reading $CONTROL options in your input file
 Done
 ms = 0                                                                                              

 Reading general information of the system from CONTROL_ELEC
 Done

 Information of the system
 =============================
 Number of atoms:         10
 Charge:                  0
 Spin multiplicity:       1
 Number of electrons:     32
 Number of CGFs:          72
 Number of spin orbitals: 144
 =============================

 Reading nuclear coordinates from COORD
 Reading atomic numbers from ATMNUM
 Reading nuclear charges from NUCCHARG
 Done

 Reading primitive Gaussian functions (PGFs) from ATMORB
 Reading expantion coefficients for CGFs (MO coefficients) from
 COEFAREF and COEFBREF
 Constructing contracted Gaussian functions (CGFs) from the PGFs

 Names of spin orbitals
 =================================
   143  144   LUMO+55a   LUMO+55b 
   141  142   LUMO+54a   LUMO+54b 
   139  140   LUMO+53a   LUMO+53b 
   137  138   LUMO+52a   LUMO+52b 
   135  136   LUMO+51a   LUMO+51b 
   133  134   LUMO+50a   LUMO+50b 
   131  132   LUMO+49a   LUMO+49b 
   129  130   LUMO+48a   LUMO+48b 
   127  128   LUMO+47a   LUMO+47b 
   125  126   LUMO+46a   LUMO+46b 
   123  124   LUMO+45a   LUMO+45b 
   121  122   LUMO+44a   LUMO+44b 
   119  120   LUMO+43a   LUMO+43b 
   117  118   LUMO+42a   LUMO+42b 
   115  116   LUMO+41a   LUMO+41b 
   113  114   LUMO+40a   LUMO+40b 
   111  112   LUMO+39a   LUMO+39b 
   109  110   LUMO+38a   LUMO+38b 
   107  108   LUMO+37a   LUMO+37b 
   105  106   LUMO+36a   LUMO+36b 
   103  104   LUMO+35a   LUMO+35b 
   101  102   LUMO+34a   LUMO+34b 
    99  100   LUMO+33a   LUMO+33b 
    97   98   LUMO+32a   LUMO+32b 
    95   96   LUMO+31a   LUMO+31b 
    93   94   LUMO+30a   LUMO+30b 
    91   92   LUMO+29a   LUMO+29b 
    89   90   LUMO+28a   LUMO+28b 
    87   88   LUMO+27a   LUMO+27b 
    85   86   LUMO+26a   LUMO+26b 
    83   84   LUMO+25a   LUMO+25b 
    81   82   LUMO+24a   LUMO+24b 
    79   80   LUMO+23a   LUMO+23b 
    77   78   LUMO+22a   LUMO+22b 
    75   76   LUMO+21a   LUMO+21b 
    73   74   LUMO+20a   LUMO+20b 
    71   72   LUMO+19a   LUMO+19b 
    69   70   LUMO+18a   LUMO+18b 
    67   68   LUMO+17a   LUMO+17b 
    65   66   LUMO+16a   LUMO+16b 
    63   64   LUMO+15a   LUMO+15b 
    61   62   LUMO+14a   LUMO+14b 
    59   60   LUMO+13a   LUMO+13b 
    57   58   LUMO+12a   LUMO+12b 
    55   56   LUMO+11a   LUMO+11b 
    53   54   LUMO+10a   LUMO+10b 
    51   52   LUMO+9a    LUMO+9b  
    49   50   LUMO+8a    LUMO+8b  
    47   48   LUMO+7a    LUMO+7b  
    45   46   LUMO+6a    LUMO+6b  
    43   44   LUMO+5a    LUMO+5b  
    41   42   LUMO+4a    LUMO+4b  
    39   40   LUMO+3a    LUMO+3b  
    37   38   LUMO+2a    LUMO+2b  
    35   36   LUMO+1a    LUMO+1b  
    33   34   LUMOa      LUMOb    
 ---------------------------------
    31   32   HOMOa      HOMOb    
    29   30   HOMO-1a    HOMO-1b  
    27   28   HOMO-2a    HOMO-2b  
    25   26   HOMO-3a    HOMO-3b  
    23   24   HOMO-4a    HOMO-4b  
    21   22   HOMO-5a    HOMO-5b  
    19   20   HOMO-6a    HOMO-6b  
    17   18   HOMO-7a    HOMO-7b  
    15   16   HOMO-8a    HOMO-8b  
    13   14   HOMO-9a    HOMO-9b  
    11   12   HOMO-10a   HOMO-10b 
     9   10   HOMO-11a   HOMO-11b 
     7    8   HOMO-12a   HOMO-12b 
     5    6   HOMO-13a   HOMO-13b 
     3    4   HOMO-14a   HOMO-14b 
     1    2   HOMO-15a   HOMO-15b 
 =================================

 Nuclear coordinates (bohr)
 ==============================================
 Atom        x             y             z
 ----------------------------------------------
   1     0.00000000    0.00000000    0.34999784
   2     0.00000000   -0.00000000    2.64744995
   3    -0.00000000    2.44350938   -1.16164085
   4    -0.00000000    4.06028346    0.11980471
   5     1.66470496    2.53503137   -2.39487646
   6    -1.66470496    2.53503137   -2.39487646
   7    -0.00000000   -2.44350938   -1.16164085
   8    -1.66470496   -2.53503137   -2.39487646
   9     1.66470496   -2.53503137   -2.39487646
  10    -0.00000000   -4.06028346    0.11980471
 ==============================================

 Nuclear charges (elementary charge)
 =================================
 Atom   Element   Atomic   Nuclear
        symbol    number   charge 
 ---------------------------------
   1       C         6       6.0
   2       O         8       8.0
   3       C         6       6.0
   4       H         1       1.0
   5       H         1       1.0
   6       H         1       1.0
   7       C         6       6.0
   8       H         1       1.0
   9       H         1       1.0
  10       H         1       1.0
 =================================

 Zeff for SOC calculations (elementary charge)
 =================================
 Atom   Element   Atomic   Zeff   
        symbol    number          
 ---------------------------------
   1       C         6       3.6
   2       O         8       5.6
   3       C         6       3.6
   4       H         1       1.0
   5       H         1       1.0
   6       H         1       1.0
   7       C         6       3.6
   8       H         1       1.0
   9       H         1       1.0
  10       H         1       1.0
 =================================

 Reading X+Y and X-Y from XY
 Done

 CI coefficients and electronic configurations
 in terms of spin-orbital numbers
 =============================================
 | 1 >
 TD-HF/DFT excited state   1
 Triplet   

   0.0010200   -0.0002400   9 ->  43
  -0.0010200    0.0002400  10 ->  44
  -0.0010000    0.0001000   9 ->  57
   0.0010000   -0.0001000  10 ->  58
  -0.0035000    0.0000800   9 ->  93
   0.0035000   -0.0000800  10 ->  94
  -0.0097800   -0.0007000   9 -> 105
   0.0097800    0.0007000  10 -> 106
   0.0036200    0.0004400   9 -> 115
  -0.0036200   -0.0004400  10 -> 116
  -0.0025200   -0.0003000   9 -> 125
   0.0025200    0.0003000  10 -> 126
   0.0025500    0.0009300  11 ->  43
  -0.0025500   -0.0009300  12 ->  44
  -0.0011400   -0.0006400  11 ->  57
   0.0011400    0.0006400  12 ->  58
  -0.0013300   -0.0002300  11 ->  77
   0.0013300    0.0002300  12 ->  78
  -0.0031400   -0.0008000  11 ->  93
   0.0031400    0.0008000  12 ->  94
   0.0043300    0.0000500  11 -> 105
  -0.0043300   -0.0000500  12 -> 106
  -0.0036600   -0.0004400  11 -> 115
   0.0036600    0.0004400  12 -> 116
   0.0016300    0.0002500  11 -> 125
  -0.0016300   -0.0002500  12 -> 126
  -0.0050600   -0.0041000  13 ->  33
   0.0050600    0.0041000  14 ->  34
  -0.0010100   -0.0007300  13 ->  41
   0.0010100    0.0007300  14 ->  42
  -0.0022300   -0.0010300  13 ->  55
   0.0022300    0.0010300  14 ->  56
   0.0014000    0.0007600  13 ->  65
  -0.0014000   -0.0007600  14 ->  66
  -0.0009700   -0.0005700  13 ->  73
   0.0009700    0.0005700  14 ->  74
   0.0015500    0.0005900  13 ->  87
  -0.0015500   -0.0005900  14 ->  88
   0.0027900    0.0010500  13 ->  97
  -0.0027900   -0.0010500  14 ->  98
  -0.0004500   -0.0004500  13 -> 111
   0.0004500    0.0004500  14 -> 112
  -0.0009900   -0.0001100  13 -> 121
   0.0009900    0.0001100  14 -> 122
   0.0007700    0.0001700  13 -> 129
  -0.0007700   -0.0001700  14 -> 130
   0.0076400    0.0026000  15 ->  43
  -0.0076400   -0.0026000  16 ->  44
  -0.0016500   -0.0009100  15 ->  57
   0.0016500    0.0009100  16 ->  58
  -0.0034900   -0.0004900  15 ->  77
   0.0034900    0.0004900  16 ->  78
  -0.0029000   -0.0006800  15 ->  93
   0.0029000    0.0006800  16 ->  94
   0.0066300    0.0000300  15 -> 105
  -0.0066300   -0.0000300  16 -> 106
  -0.0038200   -0.0003200  15 -> 115
   0.0038200    0.0003200  16 -> 116
   0.0022900    0.0002500  15 -> 125
  -0.0022900   -0.0002500  16 -> 126
  -0.0005200    0.0009600  17 ->  39
   0.0005200   -0.0009600  18 ->  40
   0.0013200    0.0006200  17 ->  45
  -0.0013200   -0.0006200  18 ->  46
   0.0019000   -0.0001000  17 ->  49
  -0.0019000    0.0001000  18 ->  50
   0.0051600   -0.0016200  17 ->  59
  -0.0051600    0.0016200  18 ->  60
   0.0036300   -0.0006100  17 ->  67
  -0.0036300    0.0006100  18 ->  68
   0.0022500   -0.0007300  17 ->  69
  -0.0022500    0.0007300  18 ->  70
   0.0030300   -0.0004700  17 ->  79
  -0.0030300    0.0004700  18 ->  80
   0.0001000   -0.0005400  17 ->  85
  -0.0001000    0.0005400  18 ->  86
  -0.0025100    0.0004100  17 ->  89
   0.0025100   -0.0004100  18 ->  90
  -0.0006200    0.0001400  17 ->  95
   0.0006200   -0.0001400  18 ->  96
  -0.0037400    0.0008400  17 -> 103
   0.0037400   -0.0008400  18 -> 104
  -0.0017700    0.0006100  17 -> 107
   0.0017700   -0.0006100  18 -> 108
  -0.0005300    0.0002100  17 -> 123
   0.0005300   -0.0002100  18 -> 124
   0.0009900   -0.0000700  17 -> 135
  -0.0009900    0.0000700  18 -> 136
   0.0352400    0.0286600  19 ->  33
  -0.0352400   -0.0286600  20 ->  34
   0.0106100    0.0061700  19 ->  41
  -0.0106100   -0.0061700  20 ->  42
  -0.0006200    0.0001400  19 ->  55
   0.0006200   -0.0001400  20 ->  56
   0.0030500    0.0014900  19 ->  65
  -0.0030500   -0.0014900  20 ->  66
  -0.0083200   -0.0033800  19 ->  73
   0.0083200    0.0033800  20 ->  74
   0.0087200    0.0044400  19 ->  87
  -0.0087200   -0.0044400  20 ->  88
   0.0063700    0.0027700  19 ->  97
  -0.0063700   -0.0027700  20 ->  98
  -0.0012000   -0.0009800  19 -> 111
   0.0012000    0.0009800  20 -> 112
  -0.0007600   -0.0000800  19 -> 121
   0.0007600    0.0000800  20 -> 122
   0.0010200    0.0003400  19 -> 129
  -0.0010200   -0.0003400  20 -> 130
  -0.0009000   -0.0000800  21 ->  57
   0.0009000    0.0000800  22 ->  58
   0.0005800   -0.0000400  21 ->  77
  -0.0005800    0.0000400  22 ->  78
  -0.0029500   -0.0002300  21 ->  93
   0.0029500    0.0002300  22 ->  94
  -0.0061100   -0.0001300  21 -> 105
   0.0061100    0.0001300  22 -> 106
   0.0019000    0.0000000  21 -> 115
  -0.0019000   -0.0000000  22 -> 116
  -0.0011100   -0.0000100  21 -> 125
   0.0011100    0.0000100  22 -> 126
   0.0033500    0.0014700  23 ->  35
  -0.0033500   -0.0014700  24 ->  36
   0.0034000    0.0010600  23 ->  37
  -0.0034000   -0.0010600  24 ->  38
  -0.0031400    0.0000800  23 ->  47
   0.0031400   -0.0000800  24 ->  48
  -0.0004900    0.0000900  23 ->  51
   0.0004900   -0.0000900  24 ->  52
   0.0008200    0.0002200  23 ->  53
  -0.0008200   -0.0002200  24 ->  54
   0.0016800    0.0000200  23 ->  71
  -0.0016800   -0.0000200  24 ->  72
  -0.0007400   -0.0002200  23 ->  81
   0.0007400    0.0002200  24 ->  82
  -0.0015000   -0.0003000  23 ->  83
   0.0015000    0.0003000  24 ->  84
  -0.0004300   -0.0002300  23 ->  91
   0.0004300    0.0002300  24 ->  92
   0.0003600    0.0000000  23 ->  99
  -0.0003600   -0.0000000  24 -> 100
  -0.0008000    0.0001000  23 -> 101
   0.0008000   -0.0001000  24 -> 102
  -0.0003200    0.0000600  23 -> 109
   0.0003200   -0.0000600  24 -> 110
   0.0004900   -0.0001100  23 -> 113
  -0.0004900    0.0001100  24 -> 114
   0.0006300    0.0000500  23 -> 127
  -0.0006300   -0.0000500  24 -> 128
   0.0091000    0.0034200  25 ->  43
  -0.0091000   -0.0034200  26 ->  44
  -0.0026400   -0.0009200  25 ->  57
   0.0026400    0.0009200  26 ->  58
  -0.0025100   -0.0005700  25 ->  77
   0.0025100    0.0005700  26 ->  78
  -0.0043900   -0.0007500  25 ->  93
   0.0043900    0.0007500  26 ->  94
  -0.0044000   -0.0001600  25 -> 105
   0.0044000    0.0001600  26 -> 106
   0.0010000   -0.0002200  25 -> 115
  -0.0010000    0.0002200  26 -> 116
  -0.0007400    0.0001200  25 -> 125
   0.0007400   -0.0001200  26 -> 126
  -0.0218100   -0.0170700  27 ->  33
   0.0218100    0.0170700  28 ->  34
  -0.0028100   -0.0023700  27 ->  41
   0.0028100    0.0023700  28 ->  42
   0.0022600    0.0006400  27 ->  55
  -0.0022600   -0.0006400  28 ->  56
  -0.0021500   -0.0010700  27 ->  65
   0.0021500    0.0010700  28 ->  66
   0.0033200    0.0018400  27 ->  73
  -0.0033200   -0.0018400  28 ->  74
  -0.0052800   -0.0025600  27 ->  87
   0.0052800    0.0025600  28 ->  88
  -0.0043500   -0.0018300  27 ->  97
   0.0043500    0.0018300  28 ->  98
   0.0009800    0.0006000  27 -> 111
  -0.0009800   -0.0006000  28 -> 112
   0.0006700    0.0000700  27 -> 121
  -0.0006700   -0.0000700  28 -> 122
  -0.0009600   -0.0002600  27 -> 129
   0.0009600    0.0002600  28 -> 130
  -0.0143200    0.0005200  29 ->  39
   0.0143200   -0.0005200  30 ->  40
  -0.0045400    0.0005600  29 ->  45
   0.0045400   -0.0005600  30 ->  46
   0.0155700   -0.0034900  29 ->  49
  -0.0155700    0.0034900  30 ->  50
   0.0154900   -0.0040500  29 ->  59
  -0.0154900    0.0040500  30 ->  60
   0.0076800   -0.0016200  29 ->  67
  -0.0076800    0.0016200  30 ->  68
   0.0070100   -0.0016100  29 ->  69
  -0.0070100    0.0016100  30 ->  70
   0.0040800   -0.0013600  29 ->  79
  -0.0040800    0.0013600  30 ->  80
   0.0027000   -0.0004200  29 ->  85
  -0.0027000    0.0004200  30 ->  86
  -0.0097300    0.0026300  29 ->  89
   0.0097300   -0.0026300  30 ->  90
  -0.0010500    0.0000700  29 ->  95
   0.0010500   -0.0000700  30 ->  96
  -0.0043600    0.0014400  29 -> 103
   0.0043600   -0.0014400  30 -> 104
  -0.0025900    0.0006700  29 -> 107
   0.0025900   -0.0006700  30 -> 108
  -0.0007000    0.0001200  29 -> 119
   0.0007000   -0.0001200  30 -> 120
  -0.0018400    0.0005600  29 -> 123
   0.0018400   -0.0005600  30 -> 124
   0.0013200   -0.0000800  29 -> 135
  -0.0013200    0.0000800  30 -> 136
  -0.0002300    0.0000300  29 -> 141
   0.0002300   -0.0000300  30 -> 142
   0.7422300    0.6686500  31 ->  33
  -0.7422300   -0.6686500  32 ->  34
   0.0462700    0.0385300  31 ->  41
  -0.0462700   -0.0385300  32 ->  42
   0.0066700    0.0066700  31 ->  55
  -0.0066700   -0.0066700  32 ->  56
   0.0020200   -0.0003400  31 ->  65
  -0.0020200    0.0003400  32 ->  66
  -0.0094500   -0.0059500  31 ->  73
   0.0094500    0.0059500  32 ->  74
   0.0242200    0.0132200  31 ->  87
  -0.0242200   -0.0132200  32 ->  88
   0.0039700    0.0028500  31 ->  97
  -0.0039700   -0.0028500  32 ->  98
  -0.0036800   -0.0013800  31 -> 111
   0.0036800    0.0013800  32 -> 112
   0.0007600    0.0001000  31 -> 121
  -0.0007600   -0.0001000  32 -> 122
  -0.0001200    0.0001200  23 ->  61
  -0.0001200    0.0001200  24 ->  62
  -0.0002000    0.0002000  23 ->  63
  -0.0002000    0.0002000  24 ->  64
  -0.0001200    0.0001200  23 -> 131
  -0.0001200    0.0001200  24 -> 132
  -0.0001000    0.0001000  31 -> 129
  -0.0001000    0.0001000  32 -> 130
 ---------------------------------------------
 | 2 >
 TD-HF/DFT excited state   2
 Singlet   

  -0.0023400   -0.0007200   9 ->  43
  -0.0023400   -0.0007200  10 ->  44
   0.0019200    0.0004000   9 ->  57
   0.0019200    0.0004000  10 ->  58
   0.0039500    0.0005900   9 ->  93
   0.0039500    0.0005900  10 ->  94
   0.0067000    0.0001800   9 -> 105
   0.0067000    0.0001800  10 -> 106
  -0.0011100    0.0002300   9 -> 115
  -0.0011100    0.0002300  10 -> 116
  -0.0025600    0.0001200  11 ->  43
  -0.0025600    0.0001200  12 ->  44
  -0.0009900   -0.0006900  11 ->  57
  -0.0009900   -0.0006900  12 ->  58
  -0.0022400   -0.0003600  11 -> 105
  -0.0022400   -0.0003600  12 -> 106
   0.0005000   -0.0002400  11 -> 115
   0.0005000   -0.0002400  12 -> 116
   0.0001200    0.0001200  11 -> 125
   0.0001200    0.0001200  12 -> 126
  -0.0046800   -0.0046800  13 ->  33
  -0.0046800   -0.0046800  14 ->  34
  -0.0051700   -0.0016300  13 ->  41
  -0.0051700   -0.0016300  14 ->  42
  -0.0007300   -0.0009500  13 ->  55
  -0.0007300   -0.0009500  14 ->  56
   0.0011300    0.0008100  13 ->  65
   0.0011300    0.0008100  14 ->  66
  -0.0005200   -0.0005200  13 ->  73
  -0.0005200   -0.0005200  14 ->  74
   0.0005200    0.0005200  13 ->  87
   0.0005200    0.0005200  14 ->  88
   0.0009700    0.0009700  13 ->  97
   0.0009700    0.0009700  14 ->  98
  -0.0013200   -0.0004400  13 -> 111
  -0.0013200   -0.0004400  14 -> 112
   0.0006700   -0.0000100  13 -> 121
   0.0006700   -0.0000100  14 -> 122
   0.0002400    0.0002400  13 -> 129
   0.0002400    0.0002400  14 -> 130
  -0.0000600    0.0010200  15 ->  43
  -0.0000600    0.0010200  16 ->  44
   0.0004300   -0.0007100  15 ->  57
   0.0004300   -0.0007100  16 ->  58
   0.0013800    0.0000400  15 ->  77
   0.0013800    0.0000400  16 ->  78
   0.0015100   -0.0003700  15 ->  93
   0.0015100   -0.0003700  16 ->  94
  -0.0022800   -0.0005800  15 -> 105
  -0.0022800   -0.0005800  16 -> 106
   0.0011600   -0.0000600  15 -> 115
   0.0011600   -0.0000600  16 -> 116
  -0.0009600    0.0000800  15 -> 125
  -0.0009600    0.0000800  16 -> 126
  -0.0031500    0.0001300  17 ->  39
  -0.0031500    0.0001300  18 ->  40
  -0.0032000   -0.0006400  17 ->  45
  -0.0032000   -0.0006400  18 ->  46
  -0.0049700   -0.0017100  17 ->  49
  -0.0049700   -0.0017100  18 ->  50
   0.0038300   -0.0019500  17 ->  59
   0.0038300   -0.0019500  18 ->  60
   0.0023600   -0.0008200  17 ->  67
   0.0023600   -0.0008200  18 ->  68
  -0.0016800   -0.0011200  17 ->  79
  -0.0016800   -0.0011200  18 ->  80
   0.0023300   -0.0003100  17 ->  85
   0.0023300   -0.0003100  18 ->  86
   0.0004800    0.0007600  17 ->  89
   0.0004800    0.0007600  18 ->  90
  -0.0008600    0.0011200  17 -> 103
  -0.0008600    0.0011200  18 -> 104
  -0.0022200    0.0006200  17 -> 107
  -0.0022200    0.0006200  18 -> 108
   0.0012100    0.0001500  17 -> 119
   0.0012100    0.0001500  18 -> 120
   0.0279700    0.0290900  19 ->  33
   0.0279700    0.0290900  20 ->  34
   0.0014600    0.0042200  19 ->  41
   0.0014600    0.0042200  20 ->  42
  -0.0019200   -0.0001200  19 ->  55
  -0.0019200   -0.0001200  20 ->  56
   0.0005100    0.0012900  19 ->  65
   0.0005100    0.0012900  20 ->  66
   0.0003000   -0.0025600  19 ->  73
   0.0003000   -0.0025600  20 ->  74
   0.0042800    0.0042800  19 ->  87
   0.0042800    0.0042800  20 ->  88
   0.0031800    0.0027800  19 ->  97
   0.0031800    0.0027800  20 ->  98
  -0.0018600   -0.0011200  19 -> 111
  -0.0018600   -0.0011200  20 -> 112
   0.0010200    0.0000200  19 -> 121
   0.0010200    0.0000200  20 -> 122
   0.0002900    0.0002900  19 -> 129
   0.0002900    0.0002900  20 -> 130
   0.0045000    0.0014400  21 ->  43
   0.0045000    0.0014400  22 ->  44
  -0.0025500   -0.0003900  21 ->  57
  -0.0025500   -0.0003900  22 ->  58
  -0.0014000   -0.0003200  21 ->  77
  -0.0014000   -0.0003200  22 ->  78
   0.0016100    0.0001500  21 ->  93
   0.0016100    0.0001500  22 ->  94
   0.0014200    0.0003800  21 -> 105
   0.0014200    0.0003800  22 -> 106
  -0.0025300   -0.0002900  21 -> 115
  -0.0025300   -0.0002900  22 -> 116
   0.0008700    0.0000900  21 -> 125
   0.0008700    0.0000900  22 -> 126
  -0.0037500   -0.0010500  23 ->  35
  -0.0037500   -0.0010500  24 ->  36
  -0.0080300   -0.0025500  23 ->  37
  -0.0080300   -0.0025500  24 ->  38
  -0.0080300   -0.0014100  23 ->  47
  -0.0080300   -0.0014100  24 ->  48
   0.0002700    0.0002700  23 ->  51
   0.0002700    0.0002700  24 ->  52
  -0.0050100   -0.0009100  23 ->  53
  -0.0050100   -0.0009100  24 ->  54
  -0.0021700   -0.0002300  23 ->  61
  -0.0021700   -0.0002300  24 ->  62
  -0.0012200   -0.0004200  23 ->  71
  -0.0012200   -0.0004200  24 ->  72
   0.0006400   -0.0000400  23 ->  81
   0.0006400   -0.0000400  24 ->  82
   0.0036400    0.0003600  23 ->  83
   0.0036400    0.0003600  24 ->  84
   0.0011200   -0.0000800  23 ->  91
   0.0011200   -0.0000800  24 ->  92
   0.0005600    0.0000200  23 ->  99
   0.0005600    0.0000200  24 -> 100
  -0.0010400    0.0000800  23 -> 101
  -0.0010400    0.0000800  24 -> 102
  -0.0007900    0.0000300  23 -> 109
  -0.0007900    0.0000300  24 -> 110
  -0.0011500   -0.0000700  23 -> 117
  -0.0011500   -0.0000700  24 -> 118
   0.0007400    0.0000600  23 -> 127
   0.0007400    0.0000600  24 -> 128
  -0.0059500   -0.0008300  25 ->  43
  -0.0059500   -0.0008300  26 ->  44
   0.0020800   -0.0001800  25 ->  57
   0.0020800   -0.0001800  26 ->  58
   0.0023600    0.0000400  25 ->  77
   0.0023600    0.0000400  26 ->  78
  -0.0004900   -0.0004900  25 ->  93
  -0.0004900   -0.0004900  26 ->  94
   0.0018600    0.0002800  25 -> 105
   0.0018600    0.0002800  26 -> 106
  -0.0007200   -0.0003600  25 -> 115
  -0.0007200   -0.0003600  26 -> 116
   0.0015700    0.0002700  25 -> 125
   0.0015700    0.0002700  26 -> 126
  -0.0082400   -0.0123000  27 ->  33
  -0.0082400   -0.0123000  28 ->  34
  -0.0045900   -0.0032700  27 ->  41
  -0.0045900   -0.0032700  28 ->  42
  -0.0019900   -0.0000700  27 ->  55
  -0.0019900   -0.0000700  28 ->  56
  -0.0032200   -0.0013800  27 ->  65
  -0.0032200   -0.0013800  28 ->  66
   0.0028100    0.0019900  27 ->  73
   0.0028100    0.0019900  28 ->  74
  -0.0007000   -0.0022200  27 ->  87
  -0.0007000   -0.0022200  28 ->  88
  -0.0002200   -0.0016400  27 ->  97
  -0.0002200   -0.0016400  28 ->  98
   0.0026300    0.0007900  27 -> 111
   0.0026300    0.0007900  28 -> 112
   0.0003500    0.0000700  27 -> 121
   0.0003500    0.0000700  28 -> 122
  -0.0005400   -0.0002600  27 -> 129
  -0.0005400   -0.0002600  28 -> 130
   0.0020100    0.0060500  29 ->  39
   0.0020100    0.0060500  30 ->  40
  -0.0001100    0.0020700  29 ->  45
  -0.0001100    0.0020700  30 ->  46
   0.0080100   -0.0055300  29 ->  49
   0.0080100   -0.0055300  30 ->  50
   0.0039500   -0.0064100  29 ->  59
   0.0039500   -0.0064100  30 ->  60
   0.0018800   -0.0026000  29 ->  67
   0.0018800   -0.0026000  30 ->  68
   0.0026000   -0.0023600  29 ->  69
   0.0026000   -0.0023600  30 ->  70
   0.0043400   -0.0013800  29 ->  79
   0.0043400   -0.0013800  30 ->  80
  -0.0000300   -0.0008300  29 ->  85
  -0.0000300   -0.0008300  30 ->  86
  -0.0011800    0.0037800  29 ->  89
  -0.0011800    0.0037800  30 ->  90
  -0.0012700    0.0017900  29 -> 103
  -0.0012700    0.0017900  30 -> 104
  -0.0006300    0.0001300  29 -> 119
  -0.0006300    0.0001300  30 -> 120
   0.6845100    0.7264700  31 ->  33
   0.6845100    0.7264700  32 ->  34
   0.0376600    0.0397000  31 ->  41
   0.0376600    0.0397000  32 ->  42
   0.0075400    0.0075400  31 ->  55
   0.0075400    0.0075400  32 ->  56
  -0.0026800   -0.0012200  31 ->  65
  -0.0026800   -0.0012200  32 ->  66
  -0.0067400   -0.0061200  31 ->  73
  -0.0067400   -0.0061200  32 ->  74
   0.0094400    0.0125600  31 ->  87
   0.0094400    0.0125600  32 ->  88
   0.0030400    0.0030400  31 ->  97
   0.0030400    0.0030400  32 ->  98
   0.0001500   -0.0012100  31 -> 111
   0.0001500   -0.0012100  32 -> 112
  -0.0007900    0.0000100  31 -> 121
  -0.0007900    0.0000100  32 -> 122
   0.0002700   -0.0002700   9 -> 125
   0.0002700   -0.0002700  10 -> 126
   0.0001400   -0.0001400  11 ->  77
   0.0001400   -0.0001400  12 ->  78
   0.0005600   -0.0005600  11 ->  93
   0.0005600   -0.0005600  12 ->  94
   0.0010100   -0.0010100  17 ->  69
   0.0010100   -0.0010100  18 ->  70
  -0.0001700    0.0001700  17 ->  95
  -0.0001700    0.0001700  18 ->  96
  -0.0002100    0.0002100  17 -> 123
  -0.0002100    0.0002100  18 -> 124
   0.0001200   -0.0001200  17 -> 135
   0.0001200   -0.0001200  18 -> 136
  -0.0001900    0.0001900  23 ->  63
  -0.0001900    0.0001900  24 ->  64
   0.0001600   -0.0001600  23 -> 113
   0.0001600   -0.0001600  24 -> 114
  -0.0001700    0.0001700  29 ->  95
  -0.0001700    0.0001700  30 ->  96
  -0.0008700    0.0008700  29 -> 107
  -0.0008700    0.0008700  30 -> 108
  -0.0006800    0.0006800  29 -> 123
  -0.0006800    0.0006800  30 -> 124
   0.0001200   -0.0001200  29 -> 135
   0.0001200   -0.0001200  30 -> 136
  -0.0002600    0.0002600  31 -> 129
  -0.0002600    0.0002600  32 -> 130
 =============================================


 CI coefficients and electronic configurations
 in terms of spin-orbital names
 =============================================
 | 1 >
 TD-HF/DFT excited state   1
 Triplet   

   0.0010200   -0.0002400  LUMO+5a  
  -0.0010200    0.0002400  LUMO+5b  
  -0.0010000    0.0001000  LUMO+12a 
   0.0010000   -0.0001000  LUMO+12b 
  -0.0035000    0.0000800  LUMO+30a 
   0.0035000   -0.0000800  LUMO+30b 
  -0.0097800   -0.0007000  LUMO+36a 
   0.0097800    0.0007000  LUMO+36b 
   0.0036200    0.0004400  LUMO+41a 
  -0.0036200   -0.0004400  LUMO+41b 
  -0.0025200   -0.0003000  LUMO+46a 
   0.0025200    0.0003000  LUMO+46b 
   0.0025500    0.0009300  LUMO+5a  
  -0.0025500   -0.0009300  LUMO+5b  
  -0.0011400   -0.0006400  LUMO+12a 
   0.0011400    0.0006400  LUMO+12b 
  -0.0013300   -0.0002300  LUMO+22a 
   0.0013300    0.0002300  LUMO+22b 
  -0.0031400   -0.0008000  LUMO+30a 
   0.0031400    0.0008000  LUMO+30b 
   0.0043300    0.0000500  LUMO+36a 
  -0.0043300   -0.0000500  LUMO+36b 
  -0.0036600   -0.0004400  LUMO+41a 
   0.0036600    0.0004400  LUMO+41b 
   0.0016300    0.0002500  LUMO+46a 
  -0.0016300   -0.0002500  LUMO+46b 
  -0.0050600   -0.0041000  LUMOa    
   0.0050600    0.0041000  LUMOb    
  -0.0010100   -0.0007300  LUMO+4a  
   0.0010100    0.0007300  LUMO+4b  
  -0.0022300   -0.0010300  LUMO+11a 
   0.0022300    0.0010300  LUMO+11b 
   0.0014000    0.0007600  LUMO+16a 
  -0.0014000   -0.0007600  LUMO+16b 
  -0.0009700   -0.0005700  LUMO+20a 
   0.0009700    0.0005700  LUMO+20b 
   0.0015500    0.0005900  LUMO+27a 
  -0.0015500   -0.0005900  LUMO+27b 
   0.0027900    0.0010500  LUMO+32a 
  -0.0027900   -0.0010500  LUMO+32b 
  -0.0004500   -0.0004500  LUMO+39a 
   0.0004500    0.0004500  LUMO+39b 
  -0.0009900   -0.0001100  LUMO+44a 
   0.0009900    0.0001100  LUMO+44b 
   0.0007700    0.0001700  LUMO+48a 
  -0.0007700   -0.0001700  LUMO+48b 
   0.0076400    0.0026000  LUMO+5a  
  -0.0076400   -0.0026000  LUMO+5b  
  -0.0016500   -0.0009100  LUMO+12a 
   0.0016500    0.0009100  LUMO+12b 
  -0.0034900   -0.0004900  LUMO+22a 
   0.0034900    0.0004900  LUMO+22b 
  -0.0029000   -0.0006800  LUMO+30a 
   0.0029000    0.0006800  LUMO+30b 
   0.0066300    0.0000300  LUMO+36a 
  -0.0066300   -0.0000300  LUMO+36b 
  -0.0038200   -0.0003200  LUMO+41a 
   0.0038200    0.0003200  LUMO+41b 
   0.0022900    0.0002500  LUMO+46a 
  -0.0022900   -0.0002500  LUMO+46b 
  -0.0005200    0.0009600  LUMO+3a  
   0.0005200   -0.0009600  LUMO+3b  
   0.0013200    0.0006200  LUMO+6a  
  -0.0013200   -0.0006200  LUMO+6b  
   0.0019000   -0.0001000  LUMO+8a  
  -0.0019000    0.0001000  LUMO+8b  
   0.0051600   -0.0016200  LUMO+13a 
  -0.0051600    0.0016200  LUMO+13b 
   0.0036300   -0.0006100  LUMO+17a 
  -0.0036300    0.0006100  LUMO+17b 
   0.0022500   -0.0007300  LUMO+18a 
  -0.0022500    0.0007300  LUMO+18b 
   0.0030300   -0.0004700  LUMO+23a 
  -0.0030300    0.0004700  LUMO+23b 
   0.0001000   -0.0005400  LUMO+26a 
  -0.0001000    0.0005400  LUMO+26b 
  -0.0025100    0.0004100  LUMO+28a 
   0.0025100   -0.0004100  LUMO+28b 
  -0.0006200    0.0001400  LUMO+31a 
   0.0006200   -0.0001400  LUMO+31b 
  -0.0037400    0.0008400  LUMO+35a 
   0.0037400   -0.0008400  LUMO+35b 
  -0.0017700    0.0006100  LUMO+37a 
   0.0017700   -0.0006100  LUMO+37b 
  -0.0005300    0.0002100  LUMO+45a 
   0.0005300   -0.0002100  LUMO+45b 
   0.0009900   -0.0000700  LUMO+51a 
  -0.0009900    0.0000700  LUMO+51b 
   0.0352400    0.0286600  LUMOa    
  -0.0352400   -0.0286600  LUMOb    
   0.0106100    0.0061700  LUMO+4a  
  -0.0106100   -0.0061700  LUMO+4b  
  -0.0006200    0.0001400  LUMO+11a 
   0.0006200   -0.0001400  LUMO+11b 
   0.0030500    0.0014900  LUMO+16a 
  -0.0030500   -0.0014900  LUMO+16b 
  -0.0083200   -0.0033800  LUMO+20a 
   0.0083200    0.0033800  LUMO+20b 
   0.0087200    0.0044400  LUMO+27a 
  -0.0087200   -0.0044400  LUMO+27b 
   0.0063700    0.0027700  LUMO+32a 
  -0.0063700   -0.0027700  LUMO+32b 
  -0.0012000   -0.0009800  LUMO+39a 
   0.0012000    0.0009800  LUMO+39b 
  -0.0007600   -0.0000800  LUMO+44a 
   0.0007600    0.0000800  LUMO+44b 
   0.0010200    0.0003400  LUMO+48a 
  -0.0010200   -0.0003400  LUMO+48b 
  -0.0009000   -0.0000800  LUMO+12a 
   0.0009000    0.0000800  LUMO+12b 
   0.0005800   -0.0000400  LUMO+22a 
  -0.0005800    0.0000400  LUMO+22b 
  -0.0029500   -0.0002300  LUMO+30a 
   0.0029500    0.0002300  LUMO+30b 
  -0.0061100   -0.0001300  LUMO+36a 
   0.0061100    0.0001300  LUMO+36b 
   0.0019000    0.0000000  LUMO+41a 
  -0.0019000   -0.0000000  LUMO+41b 
  -0.0011100   -0.0000100  LUMO+46a 
   0.0011100    0.0000100  LUMO+46b 
   0.0033500    0.0014700  LUMO+1a  
  -0.0033500   -0.0014700  LUMO+1b  
   0.0034000    0.0010600  LUMO+2a  
  -0.0034000   -0.0010600  LUMO+2b  
  -0.0031400    0.0000800  LUMO+7a  
   0.0031400   -0.0000800  LUMO+7b  
  -0.0004900    0.0000900  LUMO+9a  
   0.0004900   -0.0000900  LUMO+9b  
   0.0008200    0.0002200  LUMO+10a 
  -0.0008200   -0.0002200  LUMO+10b 
   0.0016800    0.0000200  LUMO+19a 
  -0.0016800   -0.0000200  LUMO+19b 
  -0.0007400   -0.0002200  LUMO+24a 
   0.0007400    0.0002200  LUMO+24b 
  -0.0015000   -0.0003000  LUMO+25a 
   0.0015000    0.0003000  LUMO+25b 
  -0.0004300   -0.0002300  LUMO+29a 
   0.0004300    0.0002300  LUMO+29b 
   0.0003600    0.0000000  LUMO+33a 
  -0.0003600   -0.0000000  LUMO+33b 
  -0.0008000    0.0001000  LUMO+34a 
   0.0008000   -0.0001000  LUMO+34b 
  -0.0003200    0.0000600  LUMO+38a 
   0.0003200   -0.0000600  LUMO+38b 
   0.0004900   -0.0001100  LUMO+40a 
  -0.0004900    0.0001100  LUMO+40b 
   0.0006300    0.0000500  LUMO+47a 
  -0.0006300   -0.0000500  LUMO+47b 
   0.0091000    0.0034200  LUMO+5a  
  -0.0091000   -0.0034200  LUMO+5b  
  -0.0026400   -0.0009200  LUMO+12a 
   0.0026400    0.0009200  LUMO+12b 
  -0.0025100   -0.0005700  LUMO+22a 
   0.0025100    0.0005700  LUMO+22b 
  -0.0043900   -0.0007500  LUMO+30a 
   0.0043900    0.0007500  LUMO+30b 
  -0.0044000   -0.0001600  LUMO+36a 
   0.0044000    0.0001600  LUMO+36b 
   0.0010000   -0.0002200  LUMO+41a 
  -0.0010000    0.0002200  LUMO+41b 
  -0.0007400    0.0001200  LUMO+46a 
   0.0007400   -0.0001200  LUMO+46b 
  -0.0218100   -0.0170700  LUMOa    
   0.0218100    0.0170700  LUMOb    
  -0.0028100   -0.0023700  LUMO+4a  
   0.0028100    0.0023700  LUMO+4b  
   0.0022600    0.0006400  LUMO+11a 
  -0.0022600   -0.0006400  LUMO+11b 
  -0.0021500   -0.0010700  LUMO+16a 
   0.0021500    0.0010700  LUMO+16b 
   0.0033200    0.0018400  LUMO+20a 
  -0.0033200   -0.0018400  LUMO+20b 
  -0.0052800   -0.0025600  LUMO+27a 
   0.0052800    0.0025600  LUMO+27b 
  -0.0043500   -0.0018300  LUMO+32a 
   0.0043500    0.0018300  LUMO+32b 
   0.0009800    0.0006000  LUMO+39a 
  -0.0009800   -0.0006000  LUMO+39b 
   0.0006700    0.0000700  LUMO+44a 
  -0.0006700   -0.0000700  LUMO+44b 
  -0.0009600   -0.0002600  LUMO+48a 
   0.0009600    0.0002600  LUMO+48b 
  -0.0143200    0.0005200  LUMO+3a  
   0.0143200   -0.0005200  LUMO+3b  
  -0.0045400    0.0005600  LUMO+6a  
   0.0045400   -0.0005600  LUMO+6b  
   0.0155700   -0.0034900  LUMO+8a  
  -0.0155700    0.0034900  LUMO+8b  
   0.0154900   -0.0040500  LUMO+13a 
  -0.0154900    0.0040500  LUMO+13b 
   0.0076800   -0.0016200  LUMO+17a 
  -0.0076800    0.0016200  LUMO+17b 
   0.0070100   -0.0016100  LUMO+18a 
  -0.0070100    0.0016100  LUMO+18b 
   0.0040800   -0.0013600  LUMO+23a 
  -0.0040800    0.0013600  LUMO+23b 
   0.0027000   -0.0004200  LUMO+26a 
  -0.0027000    0.0004200  LUMO+26b 
  -0.0097300    0.0026300  LUMO+28a 
   0.0097300   -0.0026300  LUMO+28b 
  -0.0010500    0.0000700  LUMO+31a 
   0.0010500   -0.0000700  LUMO+31b 
  -0.0043600    0.0014400  LUMO+35a 
   0.0043600   -0.0014400  LUMO+35b 
  -0.0025900    0.0006700  LUMO+37a 
   0.0025900   -0.0006700  LUMO+37b 
  -0.0007000    0.0001200  LUMO+43a 
   0.0007000   -0.0001200  LUMO+43b 
  -0.0018400    0.0005600  LUMO+45a 
   0.0018400   -0.0005600  LUMO+45b 
   0.0013200   -0.0000800  LUMO+51a 
  -0.0013200    0.0000800  LUMO+51b 
  -0.0002300    0.0000300  LUMO+54a 
   0.0002300   -0.0000300  LUMO+54b 
   0.7422300    0.6686500  LUMOa    
  -0.7422300   -0.6686500  LUMOb    
   0.0462700    0.0385300  LUMO+4a  
  -0.0462700   -0.0385300  LUMO+4b  
   0.0066700    0.0066700  LUMO+11a 
  -0.0066700   -0.0066700  LUMO+11b 
   0.0020200   -0.0003400  LUMO+16a 
  -0.0020200    0.0003400  LUMO+16b 
  -0.0094500   -0.0059500  LUMO+20a 
   0.0094500    0.0059500  LUMO+20b 
   0.0242200    0.0132200  LUMO+27a 
  -0.0242200   -0.0132200  LUMO+27b 
   0.0039700    0.0028500  LUMO+32a 
  -0.0039700   -0.0028500  LUMO+32b 
  -0.0036800   -0.0013800  LUMO+39a 
   0.0036800    0.0013800  LUMO+39b 
   0.0007600    0.0001000  LUMO+44a 
  -0.0007600   -0.0001000  LUMO+44b 
  -0.0001200    0.0001200  LUMO+14a 
  -0.0001200    0.0001200  LUMO+14b 
  -0.0002000    0.0002000  LUMO+15a 
  -0.0002000    0.0002000  LUMO+15b 
  -0.0001200    0.0001200  LUMO+49a 
  -0.0001200    0.0001200  LUMO+49b 
  -0.0001000    0.0001000  LUMO+48a 
  -0.0001000    0.0001000  LUMO+48b 
                           HOMOb    
 ---------------------------------------------
 | 2 >
 TD-HF/DFT excited state   2
 Singlet   

  -0.0023400   -0.0007200  LUMO+5a  
                           HOMO-11a 
  -0.0023400   -0.0007200  LUMO+5b  
                           HOMO-11b 
   0.0019200    0.0004000  LUMO+12a 
                           HOMO-11a 
   0.0019200    0.0004000  LUMO+12b 
                           HOMO-11b 
   0.0039500    0.0005900  LUMO+30a 
                           HOMO-11a 
   0.0039500    0.0005900  LUMO+30b 
                           HOMO-11b 
   0.0067000    0.0001800  LUMO+36a 
                           HOMO-11a 
   0.0067000    0.0001800  LUMO+36b 
                           HOMO-11b 
  -0.0011100    0.0002300  LUMO+41a 
                           HOMO-11a 
  -0.0011100    0.0002300  LUMO+41b 
                           HOMO-11b 
  -0.0025600    0.0001200  LUMO+5a  
                           HOMO-10a 
  -0.0025600    0.0001200  LUMO+5b  
                           HOMO-10b 
  -0.0009900   -0.0006900  LUMO+12a 
                           HOMO-10a 
  -0.0009900   -0.0006900  LUMO+12b 
                           HOMO-10b 
  -0.0022400   -0.0003600  LUMO+36a 
                           HOMO-10a 
  -0.0022400   -0.0003600  LUMO+36b 
                           HOMO-10b 
   0.0005000   -0.0002400  LUMO+41a 
                           HOMO-10a 
   0.0005000   -0.0002400  LUMO+41b 
                           HOMO-10b 
   0.0001200    0.0001200  LUMO+46a 
                           HOMO-10a 
   0.0001200    0.0001200  LUMO+46b 
                           HOMO-10b 
  -0.0046800   -0.0046800  LUMOa    
                           HOMO-9a  
  -0.0046800   -0.0046800  LUMOb    
                           HOMO-9b  
  -0.0051700   -0.0016300  LUMO+4a  
                           HOMO-9a  
  -0.0051700   -0.0016300  LUMO+4b  
                           HOMO-9b  
  -0.0007300   -0.0009500  LUMO+11a 
                           HOMO-9a  
  -0.0007300   -0.0009500  LUMO+11b 
                           HOMO-9b  
   0.0011300    0.0008100  LUMO+16a 
                           HOMO-9a  
   0.0011300    0.0008100  LUMO+16b 
                           HOMO-9b  
  -0.0005200   -0.0005200  LUMO+20a 
                           HOMO-9a  
  -0.0005200   -0.0005200  LUMO+20b 
                           HOMO-9b  
   0.0005200    0.0005200  LUMO+27a 
                           HOMO-9a  
   0.0005200    0.0005200  LUMO+27b 
                           HOMO-9b  
   0.0009700    0.0009700  LUMO+32a 
                           HOMO-9a  
   0.0009700    0.0009700  LUMO+32b 
                           HOMO-9b  
  -0.0013200   -0.0004400  LUMO+39a 
                           HOMO-9a  
  -0.0013200   -0.0004400  LUMO+39b 
                           HOMO-9b  
   0.0006700   -0.0000100  LUMO+44a 
                           HOMO-9a  
   0.0006700   -0.0000100  LUMO+44b 
                           HOMO-9b  
   0.0002400    0.0002400  LUMO+48a 
                           HOMO-9a  
   0.0002400    0.0002400  LUMO+48b 
                           HOMO-9b  
  -0.0000600    0.0010200  LUMO+5a  
                           HOMO-8a  
  -0.0000600    0.0010200  LUMO+5b  
                           HOMO-8b  
   0.0004300   -0.0007100  LUMO+12a 
                           HOMO-8a  
   0.0004300   -0.0007100  LUMO+12b 
                           HOMO-8b  
   0.0013800    0.0000400  LUMO+22a 
                           HOMO-8a  
   0.0013800    0.0000400  LUMO+22b 
                           HOMO-8b  
   0.0015100   -0.0003700  LUMO+30a 
                           HOMO-8a  
   0.0015100   -0.0003700  LUMO+30b 
                           HOMO-8b  
  -0.0022800   -0.0005800  LUMO+36a 
                           HOMO-8a  
  -0.0022800   -0.0005800  LUMO+36b 
                           HOMO-8b  
   0.0011600   -0.0000600  LUMO+41a 
                           HOMO-8a  
   0.0011600   -0.0000600  LUMO+41b 
                           HOMO-8b  
  -0.0009600    0.0000800  LUMO+46a 
                           HOMO-8a  
  -0.0009600    0.0000800  LUMO+46b 
                           HOMO-8b  
  -0.0031500    0.0001300  LUMO+3a  
                           HOMO-7a  
  -0.0031500    0.0001300  LUMO+3b  
                           HOMO-7b  
  -0.0032000   -0.0006400  LUMO+6a  
                           HOMO-7a  
  -0.0032000   -0.0006400  LUMO+6b  
                           HOMO-7b  
  -0.0049700   -0.0017100  LUMO+8a  
                           HOMO-7a  
  -0.0049700   -0.0017100  LUMO+8b  
                           HOMO-7b  
   0.0038300   -0.0019500  LUMO+13a 
                           HOMO-7a  
   0.0038300   -0.0019500  LUMO+13b 
                           HOMO-7b  
   0.0023600   -0.0008200  LUMO+17a 
                           HOMO-7a  
   0.0023600   -0.0008200  LUMO+17b 
                           HOMO-7b  
  -0.0016800   -0.0011200  LUMO+23a 
                           HOMO-7a  
  -0.0016800   -0.0011200  LUMO+23b 
                           HOMO-7b  
   0.0023300   -0.0003100  LUMO+26a 
                           HOMO-7a  
   0.0023300   -0.0003100  LUMO+26b 
                           HOMO-7b  
   0.0004800    0.0007600  LUMO+28a 
                           HOMO-7a  
   0.0004800    0.0007600  LUMO+28b 
                           HOMO-7b  
  -0.0008600    0.0011200  LUMO+35a 
                           HOMO-7a  
  -0.0008600    0.0011200  LUMO+35b 
                           HOMO-7b  
  -0.0022200    0.0006200  LUMO+37a 
                           HOMO-7a  
  -0.0022200    0.0006200  LUMO+37b 
                           HOMO-7b  
   0.0012100    0.0001500  LUMO+43a 
                           HOMO-7a  
   0.0012100    0.0001500  LUMO+43b 
                           HOMO-7b  
   0.0279700    0.0290900  LUMOa    
                           HOMO-6a  
   0.0279700    0.0290900  LUMOb    
                           HOMO-6b  
   0.0014600    0.0042200  LUMO+4a  
                           HOMO-6a  
   0.0014600    0.0042200  LUMO+4b  
                           HOMO-6b  
  -0.0019200   -0.0001200  LUMO+11a 
                           HOMO-6a  
  -0.0019200   -0.0001200  LUMO+11b 
                           HOMO-6b  
   0.0005100    0.0012900  LUMO+16a 
                           HOMO-6a  
   0.0005100    0.0012900  LUMO+16b 
                           HOMO-6b  
   0.0003000   -0.0025600  LUMO+20a 
                           HOMO-6a  
   0.0003000   -0.0025600  LUMO+20b 
                           HOMO-6b  
   0.0042800    0.0042800  LUMO+27a 
                           HOMO-6a  
   0.0042800    0.0042800  LUMO+27b 
                           HOMO-6b  
   0.0031800    0.0027800  LUMO+32a 
                           HOMO-6a  
   0.0031800    0.0027800  LUMO+32b 
                           HOMO-6b  
  -0.0018600   -0.0011200  LUMO+39a 
                           HOMO-6a  
  -0.0018600   -0.0011200  LUMO+39b 
                           HOMO-6b  
   0.0010200    0.0000200  LUMO+44a 
                           HOMO-6a  
   0.0010200    0.0000200  LUMO+44b 
                           HOMO-6b  
   0.0002900    0.0002900  LUMO+48a 
                           HOMO-6a  
   0.0002900    0.0002900  LUMO+48b 
                           HOMO-6b  
   0.0045000    0.0014400  LUMO+5a  
                           HOMO-5a  
   0.0045000    0.0014400  LUMO+5b  
                           HOMO-5b  
  -0.0025500   -0.0003900  LUMO+12a 
                           HOMO-5a  
  -0.0025500   -0.0003900  LUMO+12b 
                           HOMO-5b  
  -0.0014000   -0.0003200  LUMO+22a 
                           HOMO-5a  
  -0.0014000   -0.0003200  LUMO+22b 
                           HOMO-5b  
   0.0016100    0.0001500  LUMO+30a 
                           HOMO-5a  
   0.0016100    0.0001500  LUMO+30b 
                           HOMO-5b  
   0.0014200    0.0003800  LUMO+36a 
                           HOMO-5a  
   0.0014200    0.0003800  LUMO+36b 
                           HOMO-5b  
  -0.0025300   -0.0002900  LUMO+41a 
                           HOMO-5a  
  -0.0025300   -0.0002900  LUMO+41b 
                           HOMO-5b  
   0.0008700    0.0000900  LUMO+46a 
                           HOMO-5a  
   0.0008700    0.0000900  LUMO+46b 
                           HOMO-5b  
  -0.0037500   -0.0010500  LUMO+1a  
                           HOMO-4a  
  -0.0037500   -0.0010500  LUMO+1b  
                           HOMO-4b  
  -0.0080300   -0.0025500  LUMO+2a  
                           HOMO-4a  
  -0.0080300   -0.0025500  LUMO+2b  
                           HOMO-4b  
  -0.0080300   -0.0014100  LUMO+7a  
                           HOMO-4a  
  -0.0080300   -0.0014100  LUMO+7b  
                           HOMO-4b  
   0.0002700    0.0002700  LUMO+9a  
                           HOMO-4a  
   0.0002700    0.0002700  LUMO+9b  
                           HOMO-4b  
  -0.0050100   -0.0009100  LUMO+10a 
                           HOMO-4a  
  -0.0050100   -0.0009100  LUMO+10b 
                           HOMO-4b  
  -0.0021700   -0.0002300  LUMO+14a 
                           HOMO-4a  
  -0.0021700   -0.0002300  LUMO+14b 
                           HOMO-4b  
  -0.0012200   -0.0004200  LUMO+19a 
                           HOMO-4a  
  -0.0012200   -0.0004200  LUMO+19b 
                           HOMO-4b  
   0.0006400   -0.0000400  LUMO+24a 
                           HOMO-4a  
   0.0006400   -0.0000400  LUMO+24b 
                           HOMO-4b  
   0.0036400    0.0003600  LUMO+25a 
                           HOMO-4a  
   0.0036400    0.0003600  LUMO+25b 
                           HOMO-4b  
   0.0011200   -0.0000800  LUMO+29a 
                           HOMO-4a  
   0.0011200   -0.0000800  LUMO+29b 
                           HOMO-4b  
   0.0005600    0.0000200  LUMO+33a 
                           HOMO-4a  
   0.0005600    0.0000200  LUMO+33b 
                           HOMO-4b  
  -0.0010400    0.0000800  LUMO+34a 
                           HOMO-4a  
  -0.0010400    0.0000800  LUMO+34b 
                           HOMO-4b  
  -0.0007900    0.0000300  LUMO+38a 
                           HOMO-4a  
  -0.0007900    0.0000300  LUMO+38b 
                           HOMO-4b  
  -0.0011500   -0.0000700  LUMO+42a 
                           HOMO-4a  
  -0.0011500   -0.0000700  LUMO+42b 
                           HOMO-4b  
   0.0007400    0.0000600  LUMO+47a 
                           HOMO-4a  
   0.0007400    0.0000600  LUMO+47b 
                           HOMO-4b  
  -0.0059500   -0.0008300  LUMO+5a  
                           HOMO-3a  
  -0.0059500   -0.0008300  LUMO+5b  
                           HOMO-3b  
   0.0020800   -0.0001800  LUMO+12a 
                           HOMO-3a  
   0.0020800   -0.0001800  LUMO+12b 
                           HOMO-3b  
   0.0023600    0.0000400  LUMO+22a 
                           HOMO-3a  
   0.0023600    0.0000400  LUMO+22b 
                           HOMO-3b  
  -0.0004900   -0.0004900  LUMO+30a 
                           HOMO-3a  
  -0.0004900   -0.0004900  LUMO+30b 
                           HOMO-3b  
   0.0018600    0.0002800  LUMO+36a 
                           HOMO-3a  
   0.0018600    0.0002800  LUMO+36b 
                           HOMO-3b  
  -0.0007200   -0.0003600  LUMO+41a 
                           HOMO-3a  
  -0.0007200   -0.0003600  LUMO+41b 
                           HOMO-3b  
   0.0015700    0.0002700  LUMO+46a 
                           HOMO-3a  
   0.0015700    0.0002700  LUMO+46b 
                           HOMO-3b  
  -0.0082400   -0.0123000  LUMOa    
                           HOMO-2a  
  -0.0082400   -0.0123000  LUMOb    
                           HOMO-2b  
  -0.0045900   -0.0032700  LUMO+4a  
                           HOMO-2a  
  -0.0045900   -0.0032700  LUMO+4b  
                           HOMO-2b  
  -0.0019900   -0.0000700  LUMO+11a 
                           HOMO-2a  
  -0.0019900   -0.0000700  LUMO+11b 
                           HOMO-2b  
  -0.0032200   -0.0013800  LUMO+16a 
                           HOMO-2a  
  -0.0032200   -0.0013800  LUMO+16b 
                           HOMO-2b  
   0.0028100    0.0019900  LUMO+20a 
                           HOMO-2a  
   0.0028100    0.0019900  LUMO+20b 
                           HOMO-2b  
  -0.0007000   -0.0022200  LUMO+27a 
                           HOMO-2a  
  -0.0007000   -0.0022200  LUMO+27b 
                           HOMO-2b  
  -0.0002200   -0.0016400  LUMO+32a 
                           HOMO-2a  
  -0.0002200   -0.0016400  LUMO+32b 
                           HOMO-2b  
   0.0026300    0.0007900  LUMO+39a 
                           HOMO-2a  
   0.0026300    0.0007900  LUMO+39b 
                           HOMO-2b  
   0.0003500    0.0000700  LUMO+44a 
                           HOMO-2a  
   0.0003500    0.0000700  LUMO+44b 
                           HOMO-2b  
  -0.0005400   -0.0002600  LUMO+48a 
                           HOMO-2a  
  -0.0005400   -0.0002600  LUMO+48b 
                           HOMO-2b  
   0.0020100    0.0060500  LUMO+3a  
                           HOMO-1a  
   0.0020100    0.0060500  LUMO+3b  
                           HOMO-1b  
  -0.0001100    0.0020700  LUMO+6a  
                           HOMO-1a  
  -0.0001100    0.0020700  LUMO+6b  
                           HOMO-1b  
   0.0080100   -0.0055300  LUMO+8a  
                           HOMO-1a  
   0.0080100   -0.0055300  LUMO+8b  
                           HOMO-1b  
   0.0039500   -0.0064100  LUMO+13a 
                           HOMO-1a  
   0.0039500   -0.0064100  LUMO+13b 
                           HOMO-1b  
   0.0018800   -0.0026000  LUMO+17a 
                           HOMO-1a  
   0.0018800   -0.0026000  LUMO+17b 
                           HOMO-1b  
   0.0026000   -0.0023600  LUMO+18a 
                           HOMO-1a  
   0.0026000   -0.0023600  LUMO+18b 
                           HOMO-1b  
   0.0043400   -0.0013800  LUMO+23a 
                           HOMO-1a  
   0.0043400   -0.0013800  LUMO+23b 
                           HOMO-1b  
  -0.0000300   -0.0008300  LUMO+26a 
                           HOMO-1a  
  -0.0000300   -0.0008300  LUMO+26b 
                           HOMO-1b  
  -0.0011800    0.0037800  LUMO+28a 
                           HOMO-1a  
  -0.0011800    0.0037800  LUMO+28b 
                           HOMO-1b  
  -0.0012700    0.0017900  LUMO+35a 
                           HOMO-1a  
  -0.0012700    0.0017900  LUMO+35b 
                           HOMO-1b  
  -0.0006300    0.0001300  LUMO+43a 
                           HOMO-1a  
  -0.0006300    0.0001300  LUMO+43b 
                           HOMO-1b  
   0.6845100    0.7264700  LUMOa    
                           HOMOa    
   0.6845100    0.7264700  LUMOb    
                           HOMOb    
   0.0376600    0.0397000  LUMO+4a  
                           HOMOa    
   0.0376600    0.0397000  LUMO+4b  
                           HOMOb    
   0.0075400    0.0075400  LUMO+11a 
                           HOMOa    
   0.0075400    0.0075400  LUMO+11b 
                           HOMOb    
  -0.0026800   -0.0012200  LUMO+16a 
                           HOMOa    
  -0.0026800   -0.0012200  LUMO+16b 
                           HOMOb    
  -0.0067400   -0.0061200  LUMO+20a 
                           HOMOa    
  -0.0067400   -0.0061200  LUMO+20b 
                           HOMOb    
   0.0094400    0.0125600  LUMO+27a 
                           HOMOa    
   0.0094400    0.0125600  LUMO+27b 
                           HOMOb    
   0.0030400    0.0030400  LUMO+32a 
                           HOMOa    
   0.0030400    0.0030400  LUMO+32b 
                           HOMOb    
   0.0001500   -0.0012100  LUMO+39a 
                           HOMOa    
   0.0001500   -0.0012100  LUMO+39b 
                           HOMOb    
  -0.0007900    0.0000100  LUMO+44a 
                           HOMOa    
  -0.0007900    0.0000100  LUMO+44b 
                           HOMOb    
   0.0002700   -0.0002700  LUMO+46a 
                           HOMO-11a 
   0.0002700   -0.0002700  LUMO+46b 
                           HOMO-11b 
   0.0001400   -0.0001400  LUMO+22a 
                           HOMO-10a 
   0.0001400   -0.0001400  LUMO+22b 
                           HOMO-10b 
   0.0005600   -0.0005600  LUMO+30a 
                           HOMO-10a 
   0.0005600   -0.0005600  LUMO+30b 
                           HOMO-10b 
   0.0010100   -0.0010100  LUMO+18a 
                           HOMO-7a  
   0.0010100   -0.0010100  LUMO+18b 
                           HOMO-7b  
  -0.0001700    0.0001700  LUMO+31a 
                           HOMO-7a  
  -0.0001700    0.0001700  LUMO+31b 
                           HOMO-7b  
  -0.0002100    0.0002100  LUMO+45a 
                           HOMO-7a  
  -0.0002100    0.0002100  LUMO+45b 
                           HOMO-7b  
   0.0001200   -0.0001200  LUMO+51a 
                           HOMO-7a  
   0.0001200   -0.0001200  LUMO+51b 
                           HOMO-7b  
  -0.0001900    0.0001900  LUMO+15a 
                           HOMO-4a  
  -0.0001900    0.0001900  LUMO+15b 
                           HOMO-4b  
   0.0001600   -0.0001600  LUMO+40a 
                           HOMO-4a  
   0.0001600   -0.0001600  LUMO+40b 
                           HOMO-4b  
  -0.0001700    0.0001700  LUMO+31a 
                           HOMO-1a  
  -0.0001700    0.0001700  LUMO+31b 
                           HOMO-1b  
  -0.0008700    0.0008700  LUMO+37a 
                           HOMO-1a  
  -0.0008700    0.0008700  LUMO+37b 
                           HOMO-1b  
  -0.0006800    0.0006800  LUMO+45a 
                           HOMO-1a  
  -0.0006800    0.0006800  LUMO+45b 
                           HOMO-1b  
   0.0001200   -0.0001200  LUMO+51a 
                           HOMO-1a  
   0.0001200   -0.0001200  LUMO+51b 
                           HOMO-1b  
  -0.0002600    0.0002600  LUMO+48a 
                           HOMOa    
  -0.0002600    0.0002600  LUMO+48b 
                           HOMOb    
 =============================================

 Sum of squared CI coefficients of
 electronic state |i>
 ================
   i   Sum[ci**2]
 ----------------
   1   0.99999970
   2   0.99999028
 ================

 Contributions from individual electronic configurations
 to electronic states in terms of spin-orbital numbers
 =============================================
 | 1 >
 TD-HF/DFT excited state   1
 Triplet   

  99.26  16 ->  17
   0.36  16 ->  21
   0.20  10 ->  17
 ---------------------------------------------
 | 2 >
 TD-HF/DFT excited state   2
 Singlet   

  99.46  16 ->  17
   0.30  16 ->  21
   0.16  10 ->  17
 =============================================

 Contributions from individual electronic configurations
 to electronic states in terms of spin-orbital names
 =============================================
 | 1 >
 TD-HF/DFT excited state   1
 Triplet   

  99.26  LUMOa    
         HOMOa    
   0.36  LUMO+4a  
         HOMOa    
   0.20  LUMOa    
         HOMO-6a  
 ---------------------------------------------
 | 2 >
 TD-HF/DFT excited state   2
 Singlet   

  99.46  LUMOa    
         HOMOa    
   0.30  LUMO+4a  
         HOMOa    
   0.16  LUMOa    
         HOMO-6a  
 =============================================


 --- Entering SUBROUTINE soc_int_pgf

 --------------------------
 Calculating density matrix
 --------------------------

 gamma: one-particle reduced density matrix between
 electronic states |i> and |j> in terms of spin orbitals

 Done

 Trace of gamma
 =============================
   i   j   n_ci_ci   Tr[gamma]
 -----------------------------
   1   2   56072      -0.00002
 =============================


 Calculating density matrix in terms of CGFs
 Done


 Reading z components of soc_cgf from 
 SOC_CGF_Z                     


 ----------------------------------
 Spin-orbit coupling constant (SOC)
 ----------------------------------

 Alpha: fine-structure constant
 Alpha   =      0.007297
 1/Alpha = 137.03599908

 < 1 | Soc | 2 > (a.u.)
 ========================================
       x             y             z      
 ----------------------------------------
  0.00000E+00   0.00000E+00  -0.46621E-17
 ========================================

 < 1 | Soc | 2 > * Alpha**2/2 (a.u.)
 ========================================
       x             y             z      
 ----------------------------------------
  0.00000E+00   0.00000E+00  -0.62065E-22
 ========================================

 < 1 | Soc | 2 > * Alpha**2/2 (cm-1)
 ========================================
       x             y             z      
 ----------------------------------------
  0.00000E+00   0.00000E+00  -0.13592E-16
 ========================================

 --- Leaving SUBROUTINE soc_int_pgf


 ****************************
 **                        **
 **   Normal termination   **
 **                        **
 ****************************


 Total CPU time =    55.66 seconds


 --------------- End of d77 execution script ---------------
