
 --------------- d77 execution script ---------------



 ****************************************************
 **                                                **
 **             d77: version 20230828              **
 **                                                **
 **  Visual understanding of molecular properties  **
 **                                                **
 **        Coded by SHIZU Katsuyuki (Japan)        **
 **                                                **
 ****************************************************

 d77 is free software and can be redistributed and/or modified
 under the terms of the GNU General Public License v3.0
 as published by the Free Software Foundation.
 https://www.gnu.org/licenses/gpl-3.0.html

 For bug reports, e-mail to shizu@scl.kyoto-u.ac.jp



 ===== Copy of your input file =====

 $comment
 Input file for calculating spin-orbit coupling
 between S0 and T1 (Ms = 1)
 | 0 >: ground state (S0)
 | 1 >: lowest triplet state (T1)
 $comment
 
 $control
 property = soc
 runtyp = int_pgf
 method = td
 effcharg_soc = read
 $end_control
 
 $spin_orbit
 ms = 1
 $end_spin_orbit
 
 $elec_state
 Bra = < 0 |
 Ket = | 1 >
 $end_elec_state
 
 INPDIR_ELEC = ../../INP_ELEC
 INPDIR_SOC_CGF = ../../SOC_CGF

 ===================================

 Reading $CONTROL options in your input file
 Done
 ms = 1                                                                                              

 Reading general information of the system from CONTROL_ELEC
 Done

 Information of the system
 =============================
 Number of atoms:         10
 Charge:                  0
 Spin multiplicity:       1
 Number of electrons:     32
 Number of CGFs:          72
 Number of spin orbitals: 144
 =============================

 Reading nuclear coordinates from COORD
 Reading atomic numbers from ATMNUM
 Reading nuclear charges from NUCCHARG
 Done

 Reading primitive Gaussian functions (PGFs) from ATMORB
 Reading expantion coefficients for CGFs (MO coefficients) from
 COEFAREF and COEFBREF
 Constructing contracted Gaussian functions (CGFs) from the PGFs

 Names of spin orbitals
 =================================
   143  144   LUMO+55a   LUMO+55b 
   141  142   LUMO+54a   LUMO+54b 
   139  140   LUMO+53a   LUMO+53b 
   137  138   LUMO+52a   LUMO+52b 
   135  136   LUMO+51a   LUMO+51b 
   133  134   LUMO+50a   LUMO+50b 
   131  132   LUMO+49a   LUMO+49b 
   129  130   LUMO+48a   LUMO+48b 
   127  128   LUMO+47a   LUMO+47b 
   125  126   LUMO+46a   LUMO+46b 
   123  124   LUMO+45a   LUMO+45b 
   121  122   LUMO+44a   LUMO+44b 
   119  120   LUMO+43a   LUMO+43b 
   117  118   LUMO+42a   LUMO+42b 
   115  116   LUMO+41a   LUMO+41b 
   113  114   LUMO+40a   LUMO+40b 
   111  112   LUMO+39a   LUMO+39b 
   109  110   LUMO+38a   LUMO+38b 
   107  108   LUMO+37a   LUMO+37b 
   105  106   LUMO+36a   LUMO+36b 
   103  104   LUMO+35a   LUMO+35b 
   101  102   LUMO+34a   LUMO+34b 
    99  100   LUMO+33a   LUMO+33b 
    97   98   LUMO+32a   LUMO+32b 
    95   96   LUMO+31a   LUMO+31b 
    93   94   LUMO+30a   LUMO+30b 
    91   92   LUMO+29a   LUMO+29b 
    89   90   LUMO+28a   LUMO+28b 
    87   88   LUMO+27a   LUMO+27b 
    85   86   LUMO+26a   LUMO+26b 
    83   84   LUMO+25a   LUMO+25b 
    81   82   LUMO+24a   LUMO+24b 
    79   80   LUMO+23a   LUMO+23b 
    77   78   LUMO+22a   LUMO+22b 
    75   76   LUMO+21a   LUMO+21b 
    73   74   LUMO+20a   LUMO+20b 
    71   72   LUMO+19a   LUMO+19b 
    69   70   LUMO+18a   LUMO+18b 
    67   68   LUMO+17a   LUMO+17b 
    65   66   LUMO+16a   LUMO+16b 
    63   64   LUMO+15a   LUMO+15b 
    61   62   LUMO+14a   LUMO+14b 
    59   60   LUMO+13a   LUMO+13b 
    57   58   LUMO+12a   LUMO+12b 
    55   56   LUMO+11a   LUMO+11b 
    53   54   LUMO+10a   LUMO+10b 
    51   52   LUMO+9a    LUMO+9b  
    49   50   LUMO+8a    LUMO+8b  
    47   48   LUMO+7a    LUMO+7b  
    45   46   LUMO+6a    LUMO+6b  
    43   44   LUMO+5a    LUMO+5b  
    41   42   LUMO+4a    LUMO+4b  
    39   40   LUMO+3a    LUMO+3b  
    37   38   LUMO+2a    LUMO+2b  
    35   36   LUMO+1a    LUMO+1b  
    33   34   LUMOa      LUMOb    
 ---------------------------------
    31   32   HOMOa      HOMOb    
    29   30   HOMO-1a    HOMO-1b  
    27   28   HOMO-2a    HOMO-2b  
    25   26   HOMO-3a    HOMO-3b  
    23   24   HOMO-4a    HOMO-4b  
    21   22   HOMO-5a    HOMO-5b  
    19   20   HOMO-6a    HOMO-6b  
    17   18   HOMO-7a    HOMO-7b  
    15   16   HOMO-8a    HOMO-8b  
    13   14   HOMO-9a    HOMO-9b  
    11   12   HOMO-10a   HOMO-10b 
     9   10   HOMO-11a   HOMO-11b 
     7    8   HOMO-12a   HOMO-12b 
     5    6   HOMO-13a   HOMO-13b 
     3    4   HOMO-14a   HOMO-14b 
     1    2   HOMO-15a   HOMO-15b 
 =================================

 Nuclear coordinates (bohr)
 ==============================================
 Atom        x             y             z
 ----------------------------------------------
   1     0.00000000    0.00000000    0.34999784
   2     0.00000000   -0.00000000    2.64744995
   3    -0.00000000    2.44350938   -1.16164085
   4    -0.00000000    4.06028346    0.11980471
   5     1.66470496    2.53503137   -2.39487646
   6    -1.66470496    2.53503137   -2.39487646
   7    -0.00000000   -2.44350938   -1.16164085
   8    -1.66470496   -2.53503137   -2.39487646
   9     1.66470496   -2.53503137   -2.39487646
  10    -0.00000000   -4.06028346    0.11980471
 ==============================================

 Nuclear charges (elementary charge)
 =================================
 Atom   Element   Atomic   Nuclear
        symbol    number   charge 
 ---------------------------------
   1       C         6       6.0
   2       O         8       8.0
   3       C         6       6.0
   4       H         1       1.0
   5       H         1       1.0
   6       H         1       1.0
   7       C         6       6.0
   8       H         1       1.0
   9       H         1       1.0
  10       H         1       1.0
 =================================

 Zeff for SOC calculations (elementary charge)
 =================================
 Atom   Element   Atomic   Zeff   
        symbol    number          
 ---------------------------------
   1       C         6       3.6
   2       O         8       5.6
   3       C         6       3.6
   4       H         1       1.0
   5       H         1       1.0
   6       H         1       1.0
   7       C         6       3.6
   8       H         1       1.0
   9       H         1       1.0
  10       H         1       1.0
 =================================

 Reading X+Y and X-Y from XY
 Done

 CI coefficients and electronic configurations
 in terms of spin-orbital numbers
 =============================================
 | 0 >
 HF ground state
 Singlet

   1.0000000 HF determinant
 ---------------------------------------------
 | 1 >
 TD-HF/DFT excited state   1
 Triplet   

   0.0014425   -0.0003394  10 ->  43
  -0.0014142    0.0001414  10 ->  57
  -0.0049497    0.0001131  10 ->  93
  -0.0138310   -0.0009899  10 -> 105
   0.0051195    0.0006223  10 -> 115
  -0.0035638   -0.0004243  10 -> 125
   0.0036062    0.0013152  12 ->  43
  -0.0016122   -0.0009051  12 ->  57
  -0.0018809   -0.0003253  12 ->  77
  -0.0044406   -0.0011314  12 ->  93
   0.0061235    0.0000707  12 -> 105
  -0.0051760   -0.0006223  12 -> 115
   0.0023052    0.0003536  12 -> 125
  -0.0071559   -0.0057983  14 ->  33
  -0.0014284   -0.0010324  14 ->  41
  -0.0031537   -0.0014566  14 ->  55
   0.0019799    0.0010748  14 ->  65
  -0.0013718   -0.0008061  14 ->  73
   0.0021920    0.0008344  14 ->  87
   0.0039457    0.0014849  14 ->  97
  -0.0006364   -0.0006364  14 -> 111
  -0.0014001   -0.0001556  14 -> 121
   0.0010889    0.0002404  14 -> 129
   0.0108046    0.0036770  16 ->  43
  -0.0023335   -0.0012869  16 ->  57
  -0.0049356   -0.0006930  16 ->  77
  -0.0041012   -0.0009617  16 ->  93
   0.0093762    0.0000424  16 -> 105
  -0.0054023   -0.0004525  16 -> 115
   0.0032385    0.0003536  16 -> 125
  -0.0007354    0.0013576  18 ->  39
   0.0018668    0.0008768  18 ->  45
   0.0026870   -0.0001414  18 ->  49
   0.0072973   -0.0022910  18 ->  59
   0.0051336   -0.0008627  18 ->  67
   0.0031820   -0.0010324  18 ->  69
   0.0042851   -0.0006647  18 ->  79
   0.0001414   -0.0007637  18 ->  85
  -0.0035497    0.0005798  18 ->  89
  -0.0008768    0.0001980  18 ->  95
  -0.0052892    0.0011879  18 -> 103
  -0.0025032    0.0008627  18 -> 107
  -0.0007495    0.0002970  18 -> 123
   0.0014001   -0.0000990  18 -> 135
   0.0498369    0.0405314  20 ->  33
   0.0150048    0.0087257  20 ->  41
  -0.0008768    0.0001980  20 ->  55
   0.0043134    0.0021072  20 ->  65
  -0.0117663   -0.0047800  20 ->  73
   0.0123319    0.0062791  20 ->  87
   0.0090085    0.0039174  20 ->  97
  -0.0016971   -0.0013859  20 -> 111
  -0.0010748   -0.0001131  20 -> 121
   0.0014425    0.0004808  20 -> 129
  -0.0012728   -0.0001131  22 ->  57
   0.0008202   -0.0000566  22 ->  77
  -0.0041719   -0.0003253  22 ->  93
  -0.0086408   -0.0001838  22 -> 105
   0.0026870    0.0000000  22 -> 115
  -0.0015698   -0.0000141  22 -> 125
   0.0047376    0.0020789  24 ->  35
   0.0048083    0.0014991  24 ->  37
  -0.0044406    0.0001131  24 ->  47
  -0.0006930    0.0001273  24 ->  51
   0.0011597    0.0003111  24 ->  53
   0.0023759    0.0000283  24 ->  71
  -0.0010465   -0.0003111  24 ->  81
  -0.0021213   -0.0004243  24 ->  83
  -0.0006081   -0.0003253  24 ->  91
   0.0005091    0.0000000  24 ->  99
  -0.0011314    0.0001414  24 -> 101
  -0.0004525    0.0000849  24 -> 109
   0.0006930   -0.0001556  24 -> 113
   0.0008910    0.0000707  24 -> 127
   0.0128693    0.0048366  26 ->  43
  -0.0037335   -0.0013011  26 ->  57
  -0.0035497   -0.0008061  26 ->  77
  -0.0062084   -0.0010607  26 ->  93
  -0.0062225   -0.0002263  26 -> 105
   0.0014142   -0.0003111  26 -> 115
  -0.0010465    0.0001697  26 -> 125
  -0.0308440   -0.0241406  28 ->  33
  -0.0039739   -0.0033517  28 ->  41
   0.0031961    0.0009051  28 ->  55
  -0.0030406   -0.0015132  28 ->  65
   0.0046952    0.0026022  28 ->  73
  -0.0074670   -0.0036204  28 ->  87
  -0.0061518   -0.0025880  28 ->  97
   0.0013859    0.0008485  28 -> 111
   0.0009475    0.0000990  28 -> 121
  -0.0013576   -0.0003677  28 -> 129
  -0.0202515    0.0007354  30 ->  39
  -0.0064205    0.0007920  30 ->  45
   0.0220193   -0.0049356  30 ->  49
   0.0219062   -0.0057276  30 ->  59
   0.0108612   -0.0022910  30 ->  67
   0.0099136   -0.0022769  30 ->  69
   0.0057700   -0.0019233  30 ->  79
   0.0038184   -0.0005940  30 ->  85
  -0.0137603    0.0037194  30 ->  89
  -0.0014849    0.0000990  30 ->  95
  -0.0061660    0.0020365  30 -> 103
  -0.0036628    0.0009475  30 -> 107
  -0.0009899    0.0001697  30 -> 119
  -0.0026022    0.0007920  30 -> 123
   0.0018668   -0.0001131  30 -> 135
  -0.0003253    0.0000424  30 -> 141
   1.0496717    0.9456139  32 ->  33
   0.0654357    0.0544896  32 ->  41
   0.0094328    0.0094328  32 ->  55
   0.0028567   -0.0004808  32 ->  65
  -0.0133643   -0.0084146  32 ->  73
   0.0342523    0.0186959  32 ->  87
   0.0056144    0.0040305  32 ->  97
  -0.0052043   -0.0019516  32 -> 111
   0.0010748    0.0001414  32 -> 121
  -0.0001697    0.0001697  24 ->  61
  -0.0002828    0.0002828  24 ->  63
  -0.0001697    0.0001697  24 -> 131
  -0.0001414    0.0001414  32 -> 129
 =============================================


 CI coefficients and electronic configurations
 in terms of spin-orbital names
 =============================================
 | 0 >
 HF ground state
 Singlet

   1.0000000 HF determinant
 ---------------------------------------------
 | 1 >
 TD-HF/DFT excited state   1
 Triplet   

   0.0014425   -0.0003394  LUMO+5a  
                           HOMO-11b 
  -0.0014142    0.0001414  LUMO+12a 
                           HOMO-11b 
  -0.0049497    0.0001131  LUMO+30a 
                           HOMO-11b 
  -0.0138310   -0.0009899  LUMO+36a 
                           HOMO-11b 
   0.0051195    0.0006223  LUMO+41a 
                           HOMO-11b 
  -0.0035638   -0.0004243  LUMO+46a 
                           HOMO-11b 
   0.0036062    0.0013152  LUMO+5a  
                           HOMO-10b 
  -0.0016122   -0.0009051  LUMO+12a 
                           HOMO-10b 
  -0.0018809   -0.0003253  LUMO+22a 
                           HOMO-10b 
  -0.0044406   -0.0011314  LUMO+30a 
                           HOMO-10b 
   0.0061235    0.0000707  LUMO+36a 
                           HOMO-10b 
  -0.0051760   -0.0006223  LUMO+41a 
                           HOMO-10b 
   0.0023052    0.0003536  LUMO+46a 
                           HOMO-10b 
  -0.0071559   -0.0057983  LUMOa    
                           HOMO-9b  
  -0.0014284   -0.0010324  LUMO+4a  
                           HOMO-9b  
  -0.0031537   -0.0014566  LUMO+11a 
                           HOMO-9b  
   0.0019799    0.0010748  LUMO+16a 
                           HOMO-9b  
  -0.0013718   -0.0008061  LUMO+20a 
                           HOMO-9b  
   0.0021920    0.0008344  LUMO+27a 
                           HOMO-9b  
   0.0039457    0.0014849  LUMO+32a 
                           HOMO-9b  
  -0.0006364   -0.0006364  LUMO+39a 
                           HOMO-9b  
  -0.0014001   -0.0001556  LUMO+44a 
                           HOMO-9b  
   0.0010889    0.0002404  LUMO+48a 
                           HOMO-9b  
   0.0108046    0.0036770  LUMO+5a  
                           HOMO-8b  
  -0.0023335   -0.0012869  LUMO+12a 
                           HOMO-8b  
  -0.0049356   -0.0006930  LUMO+22a 
                           HOMO-8b  
  -0.0041012   -0.0009617  LUMO+30a 
                           HOMO-8b  
   0.0093762    0.0000424  LUMO+36a 
                           HOMO-8b  
  -0.0054023   -0.0004525  LUMO+41a 
                           HOMO-8b  
   0.0032385    0.0003536  LUMO+46a 
                           HOMO-8b  
  -0.0007354    0.0013576  LUMO+3a  
                           HOMO-7b  
   0.0018668    0.0008768  LUMO+6a  
                           HOMO-7b  
   0.0026870   -0.0001414  LUMO+8a  
                           HOMO-7b  
   0.0072973   -0.0022910  LUMO+13a 
                           HOMO-7b  
   0.0051336   -0.0008627  LUMO+17a 
                           HOMO-7b  
   0.0031820   -0.0010324  LUMO+18a 
                           HOMO-7b  
   0.0042851   -0.0006647  LUMO+23a 
                           HOMO-7b  
   0.0001414   -0.0007637  LUMO+26a 
                           HOMO-7b  
  -0.0035497    0.0005798  LUMO+28a 
                           HOMO-7b  
  -0.0008768    0.0001980  LUMO+31a 
                           HOMO-7b  
  -0.0052892    0.0011879  LUMO+35a 
                           HOMO-7b  
  -0.0025032    0.0008627  LUMO+37a 
                           HOMO-7b  
  -0.0007495    0.0002970  LUMO+45a 
                           HOMO-7b  
   0.0014001   -0.0000990  LUMO+51a 
                           HOMO-7b  
   0.0498369    0.0405314  LUMOa    
                           HOMO-6b  
   0.0150048    0.0087257  LUMO+4a  
                           HOMO-6b  
  -0.0008768    0.0001980  LUMO+11a 
                           HOMO-6b  
   0.0043134    0.0021072  LUMO+16a 
                           HOMO-6b  
  -0.0117663   -0.0047800  LUMO+20a 
                           HOMO-6b  
   0.0123319    0.0062791  LUMO+27a 
                           HOMO-6b  
   0.0090085    0.0039174  LUMO+32a 
                           HOMO-6b  
  -0.0016971   -0.0013859  LUMO+39a 
                           HOMO-6b  
  -0.0010748   -0.0001131  LUMO+44a 
                           HOMO-6b  
   0.0014425    0.0004808  LUMO+48a 
                           HOMO-6b  
  -0.0012728   -0.0001131  LUMO+12a 
                           HOMO-5b  
   0.0008202   -0.0000566  LUMO+22a 
                           HOMO-5b  
  -0.0041719   -0.0003253  LUMO+30a 
                           HOMO-5b  
  -0.0086408   -0.0001838  LUMO+36a 
                           HOMO-5b  
   0.0026870    0.0000000  LUMO+41a 
                           HOMO-5b  
  -0.0015698   -0.0000141  LUMO+46a 
                           HOMO-5b  
   0.0047376    0.0020789  LUMO+1a  
                           HOMO-4b  
   0.0048083    0.0014991  LUMO+2a  
                           HOMO-4b  
  -0.0044406    0.0001131  LUMO+7a  
                           HOMO-4b  
  -0.0006930    0.0001273  LUMO+9a  
                           HOMO-4b  
   0.0011597    0.0003111  LUMO+10a 
                           HOMO-4b  
   0.0023759    0.0000283  LUMO+19a 
                           HOMO-4b  
  -0.0010465   -0.0003111  LUMO+24a 
                           HOMO-4b  
  -0.0021213   -0.0004243  LUMO+25a 
                           HOMO-4b  
  -0.0006081   -0.0003253  LUMO+29a 
                           HOMO-4b  
   0.0005091    0.0000000  LUMO+33a 
                           HOMO-4b  
  -0.0011314    0.0001414  LUMO+34a 
                           HOMO-4b  
  -0.0004525    0.0000849  LUMO+38a 
                           HOMO-4b  
   0.0006930   -0.0001556  LUMO+40a 
                           HOMO-4b  
   0.0008910    0.0000707  LUMO+47a 
                           HOMO-4b  
   0.0128693    0.0048366  LUMO+5a  
                           HOMO-3b  
  -0.0037335   -0.0013011  LUMO+12a 
                           HOMO-3b  
  -0.0035497   -0.0008061  LUMO+22a 
                           HOMO-3b  
  -0.0062084   -0.0010607  LUMO+30a 
                           HOMO-3b  
  -0.0062225   -0.0002263  LUMO+36a 
                           HOMO-3b  
   0.0014142   -0.0003111  LUMO+41a 
                           HOMO-3b  
  -0.0010465    0.0001697  LUMO+46a 
                           HOMO-3b  
  -0.0308440   -0.0241406  LUMOa    
                           HOMO-2b  
  -0.0039739   -0.0033517  LUMO+4a  
                           HOMO-2b  
   0.0031961    0.0009051  LUMO+11a 
                           HOMO-2b  
  -0.0030406   -0.0015132  LUMO+16a 
                           HOMO-2b  
   0.0046952    0.0026022  LUMO+20a 
                           HOMO-2b  
  -0.0074670   -0.0036204  LUMO+27a 
                           HOMO-2b  
  -0.0061518   -0.0025880  LUMO+32a 
                           HOMO-2b  
   0.0013859    0.0008485  LUMO+39a 
                           HOMO-2b  
   0.0009475    0.0000990  LUMO+44a 
                           HOMO-2b  
  -0.0013576   -0.0003677  LUMO+48a 
                           HOMO-2b  
  -0.0202515    0.0007354  LUMO+3a  
                           HOMO-1b  
  -0.0064205    0.0007920  LUMO+6a  
                           HOMO-1b  
   0.0220193   -0.0049356  LUMO+8a  
                           HOMO-1b  
   0.0219062   -0.0057276  LUMO+13a 
                           HOMO-1b  
   0.0108612   -0.0022910  LUMO+17a 
                           HOMO-1b  
   0.0099136   -0.0022769  LUMO+18a 
                           HOMO-1b  
   0.0057700   -0.0019233  LUMO+23a 
                           HOMO-1b  
   0.0038184   -0.0005940  LUMO+26a 
                           HOMO-1b  
  -0.0137603    0.0037194  LUMO+28a 
                           HOMO-1b  
  -0.0014849    0.0000990  LUMO+31a 
                           HOMO-1b  
  -0.0061660    0.0020365  LUMO+35a 
                           HOMO-1b  
  -0.0036628    0.0009475  LUMO+37a 
                           HOMO-1b  
  -0.0009899    0.0001697  LUMO+43a 
                           HOMO-1b  
  -0.0026022    0.0007920  LUMO+45a 
                           HOMO-1b  
   0.0018668   -0.0001131  LUMO+51a 
                           HOMO-1b  
  -0.0003253    0.0000424  LUMO+54a 
                           HOMO-1b  
   1.0496717    0.9456139  LUMOa    
                           HOMOb    
   0.0654357    0.0544896  LUMO+4a  
                           HOMOb    
   0.0094328    0.0094328  LUMO+11a 
                           HOMOb    
   0.0028567   -0.0004808  LUMO+16a 
                           HOMOb    
  -0.0133643   -0.0084146  LUMO+20a 
                           HOMOb    
   0.0342523    0.0186959  LUMO+27a 
                           HOMOb    
   0.0056144    0.0040305  LUMO+32a 
                           HOMOb    
  -0.0052043   -0.0019516  LUMO+39a 
                           HOMOb    
   0.0010748    0.0001414  LUMO+44a 
                           HOMOb    
  -0.0001697    0.0001697  LUMO+14a 
                           HOMO-4b  
  -0.0002828    0.0002828  LUMO+15a 
                           HOMO-4b  
  -0.0001697    0.0001697  LUMO+49a 
                           HOMO-4b  
  -0.0001414    0.0001414  LUMO+48a 
                           HOMOb    
 =============================================

 Sum of squared CI coefficients of
 electronic state |i>
 ================
   i   Sum[ci**2]
 ----------------
   0   1.00000000
   1   0.99999970
 ================

 Contributions from individual electronic configurations
 to electronic states in terms of spin-orbital numbers
 =============================================
 | 0 >
 HF ground state
 Singlet

 100.00  HF determinant
 ---------------------------------------------
 | 1 >
 TD-HF/DFT excited state   1
 Triplet   

  99.26  16 ->  17
   0.36  16 ->  21
   0.20  10 ->  17
 =============================================

 Contributions from individual electronic configurations
 to electronic states in terms of spin-orbital names
 =============================================
 | 0 >
 HF ground state
 Singlet

 100.00  HF determinant
 ---------------------------------------------
 | 1 >
 TD-HF/DFT excited state   1
 Triplet   

  99.26  LUMOa    
         HOMOb    
   0.36  LUMO+4a  
         HOMOb    
   0.20  LUMOa    
         HOMO-6b  
 =============================================


 --- Entering SUBROUTINE soc_int_pgf

 --------------------------
 Calculating density matrix
 --------------------------

 gamma: one-particle reduced density matrix between
 electronic states |i> and |j> in terms of spin orbitals

 Done

 Trace of gamma
 =============================
   i   j   n_ci_ci   Tr[gamma]
 -----------------------------
   0   1     120       0.00000
 =============================


 Calculating density matrix in terms of CGFs
 Done


 Reading x components of soc_cgf from 
 SOC_CGF_X                     
 Reading y components of soc_cgf from 
 SOC_CGF_Y                     


 ----------------------------------
 Spin-orbit coupling constant (SOC)
 ----------------------------------

 Alpha: fine-structure constant
 Alpha   =      0.007297
 1/Alpha = 137.03599908

 < 0 | Soc | 1 > (a.u.)
 ========================================
       x             y             z      
 ----------------------------------------
  0.25153E-16  -0.18366E-15   0.00000E+00
 ========================================

 < 0 | Soc | 1 > * Alpha**2/2 (a.u.)
 ========================================
       x             y             z      
 ----------------------------------------
  0.33486E-21  -0.24451E-20   0.00000E+00
 ========================================

 < 0 | Soc | 1 > * Alpha**2/2 (cm-1)
 ========================================
       x             y             z      
 ----------------------------------------
  0.73334E-16  -0.53547E-15   0.00000E+00
 ========================================

 --- Leaving SUBROUTINE soc_int_pgf


 ****************************
 **                        **
 **   Normal termination   **
 **                        **
 ****************************


 Total CPU time =     1.62 seconds


 --------------- End of d77 execution script ---------------
