 --------------- d77 execution script ---------------



 ****************************************************
 **                                                **
 **             d77: version 20240427              **
 **                                                **
 **  Visual understanding of molecular properties  **
 **                                                **
 **        Coded by SHIZU Katsuyuki (Japan)        **
 **                                                **
 ****************************************************

 d77 is free software and can be redistributed and/or modified
 under the terms of the GNU General Public License v3.0
 as published by the Free Software Foundation.
 https://www.gnu.org/licenses/gpl-3.0.html

 For bug reports, e-mail to shizu@scl.kyoto-u.ac.jp



 --- Entering d77.exe on 2024/4/29 at 18:24:7 (time zone = UTC+0900)

 ===== Copy of your input file =====

 $comment
 Input file for calculating vibronic coupling constants
 between T1 and T2
 | 1 > : lowest triplet state (T1)
 | 3 > : second lowest triplet state (T2)
 $comment
 
 $control
 property = vc
 runtyp   = int_pgf
 method   = td
 $end_control
 
 $elec_state
 bra = < 1 |
 ket = | 3 >
 $end_elec_state
 
 DIR_INP_ELEC  = ../INP_ELEC
 DIR_INP_VIB   = ../INP_VIB
 DIR_INP_ELFLD = ../ELFLD

 ===================================

 Reading $CONTROL options in your input file.
 Reading general information of the system from CONTROL_ELEC.

 Reading frequencies from FREQ.
 Reading vibrational modes from VIBMODE.

 Orthonormalization of vibrational vectors

 Information of the system
 =============================
 Number of atoms:         10
 Charge:                  0
 Spin multiplicity:       1
 Number of electrons:     32
 Number of CGFs:          72
 Number of spin orbitals: 144
 Number of vib. modes:    24
 =============================

 Threshold values
 =================================
 Threshold_s_cgf:        0.100E-04
 Threshold_e_ab:         0.100E-03
 Threshold_ci_ci:        0.100E-07
 Threshold_contribution: 0.100E+00
 Threshold_distance:     0.400E+01
 =================================

 Reading nuclear coordinates from COORD.
 Reading atomic numbers from ATMNUM.
 Reading nuclear charges from NUCCHARG.

 Reading primitive Gaussian functions (PGFs) from ATMORB.
 Reading expantion coefficients for CGFs (MO coefficients) from
 COEFAREF and COEFBREF.
 Constructing contracted Gaussian functions (CGFs) from the PGFs.

 Names of spin orbitals
 =================================
   143  144   LUMO+55a   LUMO+55b 
   141  142   LUMO+54a   LUMO+54b 
   139  140   LUMO+53a   LUMO+53b 
   137  138   LUMO+52a   LUMO+52b 
   135  136   LUMO+51a   LUMO+51b 
   133  134   LUMO+50a   LUMO+50b 
   131  132   LUMO+49a   LUMO+49b 
   129  130   LUMO+48a   LUMO+48b 
   127  128   LUMO+47a   LUMO+47b 
   125  126   LUMO+46a   LUMO+46b 
   123  124   LUMO+45a   LUMO+45b 
   121  122   LUMO+44a   LUMO+44b 
   119  120   LUMO+43a   LUMO+43b 
   117  118   LUMO+42a   LUMO+42b 
   115  116   LUMO+41a   LUMO+41b 
   113  114   LUMO+40a   LUMO+40b 
   111  112   LUMO+39a   LUMO+39b 
   109  110   LUMO+38a   LUMO+38b 
   107  108   LUMO+37a   LUMO+37b 
   105  106   LUMO+36a   LUMO+36b 
   103  104   LUMO+35a   LUMO+35b 
   101  102   LUMO+34a   LUMO+34b 
    99  100   LUMO+33a   LUMO+33b 
    97   98   LUMO+32a   LUMO+32b 
    95   96   LUMO+31a   LUMO+31b 
    93   94   LUMO+30a   LUMO+30b 
    91   92   LUMO+29a   LUMO+29b 
    89   90   LUMO+28a   LUMO+28b 
    87   88   LUMO+27a   LUMO+27b 
    85   86   LUMO+26a   LUMO+26b 
    83   84   LUMO+25a   LUMO+25b 
    81   82   LUMO+24a   LUMO+24b 
    79   80   LUMO+23a   LUMO+23b 
    77   78   LUMO+22a   LUMO+22b 
    75   76   LUMO+21a   LUMO+21b 
    73   74   LUMO+20a   LUMO+20b 
    71   72   LUMO+19a   LUMO+19b 
    69   70   LUMO+18a   LUMO+18b 
    67   68   LUMO+17a   LUMO+17b 
    65   66   LUMO+16a   LUMO+16b 
    63   64   LUMO+15a   LUMO+15b 
    61   62   LUMO+14a   LUMO+14b 
    59   60   LUMO+13a   LUMO+13b 
    57   58   LUMO+12a   LUMO+12b 
    55   56   LUMO+11a   LUMO+11b 
    53   54   LUMO+10a   LUMO+10b 
    51   52   LUMO+9a    LUMO+9b  
    49   50   LUMO+8a    LUMO+8b  
    47   48   LUMO+7a    LUMO+7b  
    45   46   LUMO+6a    LUMO+6b  
    43   44   LUMO+5a    LUMO+5b  
    41   42   LUMO+4a    LUMO+4b  
    39   40   LUMO+3a    LUMO+3b  
    37   38   LUMO+2a    LUMO+2b  
    35   36   LUMO+1a    LUMO+1b  
    33   34   LUMOa      LUMOb    
 ---------------------------------
    31   32   HOMOa      HOMOb    
    29   30   HOMO-1a    HOMO-1b  
    27   28   HOMO-2a    HOMO-2b  
    25   26   HOMO-3a    HOMO-3b  
    23   24   HOMO-4a    HOMO-4b  
    21   22   HOMO-5a    HOMO-5b  
    19   20   HOMO-6a    HOMO-6b  
    17   18   HOMO-7a    HOMO-7b  
    15   16   HOMO-8a    HOMO-8b  
    13   14   HOMO-9a    HOMO-9b  
    11   12   HOMO-10a   HOMO-10b 
     9   10   HOMO-11a   HOMO-11b 
     7    8   HOMO-12a   HOMO-12b 
     5    6   HOMO-13a   HOMO-13b 
     3    4   HOMO-14a   HOMO-14b 
     1    2   HOMO-15a   HOMO-15b 
 =================================

 Nuclear coordinates (bohr)
 ==============================================
 Atom        x             y             z
 ----------------------------------------------
   1     0.00000000    0.00000000    0.34999784
   2     0.00000000   -0.00000000    2.64744995
   3    -0.00000000    2.44350938   -1.16164085
   4    -0.00000000    4.06028346    0.11980471
   5     1.66470496    2.53503137   -2.39487646
   6    -1.66470496    2.53503137   -2.39487646
   7    -0.00000000   -2.44350938   -1.16164085
   8    -1.66470496   -2.53503137   -2.39487646
   9     1.66470496   -2.53503137   -2.39487646
  10    -0.00000000   -4.06028346    0.11980471
 ==============================================

 Nuclear charges (elementary charge) and
 atomic weights (atomic mass unit)
 =============================================
 Atom   Element   Atomic   Nuclear     Atomic 
        symbol    number   charge      weight 
 ---------------------------------------------
   1       C         6       6.0      12.00000
   2       O         8       8.0      15.99491
   3       C         6       6.0      12.00000
   4       H         1       1.0       1.00783
   5       H         1       1.0       1.00783
   6       H         1       1.0       1.00783
   7       C         6       6.0      12.00000
   8       H         1       1.0       1.00783
   9       H         1       1.0       1.00783
  10       H         1       1.0       1.00783
 =============================================

 Reading X + Y and X - Y from XY.

 X + Y, X - Y, and electronic configurations
 in terms of spin-orbital numbers
 =============================================
 | 1 >
 TD-HF/DFT excited state   1
 Triplet   

   0.0010200   -0.0002400   9 ->  43
  -0.0010200    0.0002400  10 ->  44
  -0.0010000    0.0001000   9 ->  57
   0.0010000   -0.0001000  10 ->  58
  -0.0035000    0.0000800   9 ->  93
   0.0035000   -0.0000800  10 ->  94
  -0.0097800   -0.0007000   9 -> 105
   0.0097800    0.0007000  10 -> 106
   0.0036200    0.0004400   9 -> 115
  -0.0036200   -0.0004400  10 -> 116
  -0.0025200   -0.0003000   9 -> 125
   0.0025200    0.0003000  10 -> 126
   0.0025500    0.0009300  11 ->  43
  -0.0025500   -0.0009300  12 ->  44
  -0.0011400   -0.0006400  11 ->  57
   0.0011400    0.0006400  12 ->  58
  -0.0013300   -0.0002300  11 ->  77
   0.0013300    0.0002300  12 ->  78
  -0.0031400   -0.0008000  11 ->  93
   0.0031400    0.0008000  12 ->  94
   0.0043300    0.0000500  11 -> 105
  -0.0043300   -0.0000500  12 -> 106
  -0.0036600   -0.0004400  11 -> 115
   0.0036600    0.0004400  12 -> 116
   0.0016300    0.0002500  11 -> 125
  -0.0016300   -0.0002500  12 -> 126
  -0.0050600   -0.0041000  13 ->  33
   0.0050600    0.0041000  14 ->  34
  -0.0010100   -0.0007300  13 ->  41
   0.0010100    0.0007300  14 ->  42
  -0.0022300   -0.0010300  13 ->  55
   0.0022300    0.0010300  14 ->  56
   0.0014000    0.0007600  13 ->  65
  -0.0014000   -0.0007600  14 ->  66
  -0.0009700   -0.0005700  13 ->  73
   0.0009700    0.0005700  14 ->  74
   0.0015500    0.0005900  13 ->  87
  -0.0015500   -0.0005900  14 ->  88
   0.0027900    0.0010500  13 ->  97
  -0.0027900   -0.0010500  14 ->  98
  -0.0004500   -0.0004500  13 -> 111
   0.0004500    0.0004500  14 -> 112
  -0.0009900   -0.0001100  13 -> 121
   0.0009900    0.0001100  14 -> 122
   0.0007700    0.0001700  13 -> 129
  -0.0007700   -0.0001700  14 -> 130
   0.0076400    0.0026000  15 ->  43
  -0.0076400   -0.0026000  16 ->  44
  -0.0016500   -0.0009100  15 ->  57
   0.0016500    0.0009100  16 ->  58
  -0.0034900   -0.0004900  15 ->  77
   0.0034900    0.0004900  16 ->  78
  -0.0029000   -0.0006800  15 ->  93
   0.0029000    0.0006800  16 ->  94
   0.0066300    0.0000300  15 -> 105
  -0.0066300   -0.0000300  16 -> 106
  -0.0038200   -0.0003200  15 -> 115
   0.0038200    0.0003200  16 -> 116
   0.0022900    0.0002500  15 -> 125
  -0.0022900   -0.0002500  16 -> 126
  -0.0005200    0.0009600  17 ->  39
   0.0005200   -0.0009600  18 ->  40
   0.0013200    0.0006200  17 ->  45
  -0.0013200   -0.0006200  18 ->  46
   0.0019000   -0.0001000  17 ->  49
  -0.0019000    0.0001000  18 ->  50
   0.0051600   -0.0016200  17 ->  59
  -0.0051600    0.0016200  18 ->  60
   0.0036300   -0.0006100  17 ->  67
  -0.0036300    0.0006100  18 ->  68
   0.0022500   -0.0007300  17 ->  69
  -0.0022500    0.0007300  18 ->  70
   0.0030300   -0.0004700  17 ->  79
  -0.0030300    0.0004700  18 ->  80
   0.0001000   -0.0005400  17 ->  85
  -0.0001000    0.0005400  18 ->  86
  -0.0025100    0.0004100  17 ->  89
   0.0025100   -0.0004100  18 ->  90
  -0.0006200    0.0001400  17 ->  95
   0.0006200   -0.0001400  18 ->  96
  -0.0037400    0.0008400  17 -> 103
   0.0037400   -0.0008400  18 -> 104
  -0.0017700    0.0006100  17 -> 107
   0.0017700   -0.0006100  18 -> 108
  -0.0005300    0.0002100  17 -> 123
   0.0005300   -0.0002100  18 -> 124
   0.0009900   -0.0000700  17 -> 135
  -0.0009900    0.0000700  18 -> 136
   0.0352400    0.0286600  19 ->  33
  -0.0352400   -0.0286600  20 ->  34
   0.0106100    0.0061700  19 ->  41
  -0.0106100   -0.0061700  20 ->  42
  -0.0006200    0.0001400  19 ->  55
   0.0006200   -0.0001400  20 ->  56
   0.0030500    0.0014900  19 ->  65
  -0.0030500   -0.0014900  20 ->  66
  -0.0083200   -0.0033800  19 ->  73
   0.0083200    0.0033800  20 ->  74
   0.0087200    0.0044400  19 ->  87
  -0.0087200   -0.0044400  20 ->  88
   0.0063700    0.0027700  19 ->  97
  -0.0063700   -0.0027700  20 ->  98
  -0.0012000   -0.0009800  19 -> 111
   0.0012000    0.0009800  20 -> 112
  -0.0007600   -0.0000800  19 -> 121
   0.0007600    0.0000800  20 -> 122
   0.0010200    0.0003400  19 -> 129
  -0.0010200   -0.0003400  20 -> 130
  -0.0009000   -0.0000800  21 ->  57
   0.0009000    0.0000800  22 ->  58
   0.0005800   -0.0000400  21 ->  77
  -0.0005800    0.0000400  22 ->  78
  -0.0029500   -0.0002300  21 ->  93
   0.0029500    0.0002300  22 ->  94
  -0.0061100   -0.0001300  21 -> 105
   0.0061100    0.0001300  22 -> 106
   0.0019000    0.0000000  21 -> 115
  -0.0019000   -0.0000000  22 -> 116
  -0.0011100   -0.0000100  21 -> 125
   0.0011100    0.0000100  22 -> 126
   0.0033500    0.0014700  23 ->  35
  -0.0033500   -0.0014700  24 ->  36
   0.0034000    0.0010600  23 ->  37
  -0.0034000   -0.0010600  24 ->  38
  -0.0031400    0.0000800  23 ->  47
   0.0031400   -0.0000800  24 ->  48
  -0.0004900    0.0000900  23 ->  51
   0.0004900   -0.0000900  24 ->  52
   0.0008200    0.0002200  23 ->  53
  -0.0008200   -0.0002200  24 ->  54
   0.0016800    0.0000200  23 ->  71
  -0.0016800   -0.0000200  24 ->  72
  -0.0007400   -0.0002200  23 ->  81
   0.0007400    0.0002200  24 ->  82
  -0.0015000   -0.0003000  23 ->  83
   0.0015000    0.0003000  24 ->  84
  -0.0004300   -0.0002300  23 ->  91
   0.0004300    0.0002300  24 ->  92
   0.0003600    0.0000000  23 ->  99
  -0.0003600   -0.0000000  24 -> 100
  -0.0008000    0.0001000  23 -> 101
   0.0008000   -0.0001000  24 -> 102
  -0.0003200    0.0000600  23 -> 109
   0.0003200   -0.0000600  24 -> 110
   0.0004900   -0.0001100  23 -> 113
  -0.0004900    0.0001100  24 -> 114
   0.0006300    0.0000500  23 -> 127
  -0.0006300   -0.0000500  24 -> 128
   0.0091000    0.0034200  25 ->  43
  -0.0091000   -0.0034200  26 ->  44
  -0.0026400   -0.0009200  25 ->  57
   0.0026400    0.0009200  26 ->  58
  -0.0025100   -0.0005700  25 ->  77
   0.0025100    0.0005700  26 ->  78
  -0.0043900   -0.0007500  25 ->  93
   0.0043900    0.0007500  26 ->  94
  -0.0044000   -0.0001600  25 -> 105
   0.0044000    0.0001600  26 -> 106
   0.0010000   -0.0002200  25 -> 115
  -0.0010000    0.0002200  26 -> 116
  -0.0007400    0.0001200  25 -> 125
   0.0007400   -0.0001200  26 -> 126
  -0.0218100   -0.0170700  27 ->  33
   0.0218100    0.0170700  28 ->  34
  -0.0028100   -0.0023700  27 ->  41
   0.0028100    0.0023700  28 ->  42
   0.0022600    0.0006400  27 ->  55
  -0.0022600   -0.0006400  28 ->  56
  -0.0021500   -0.0010700  27 ->  65
   0.0021500    0.0010700  28 ->  66
   0.0033200    0.0018400  27 ->  73
  -0.0033200   -0.0018400  28 ->  74
  -0.0052800   -0.0025600  27 ->  87
   0.0052800    0.0025600  28 ->  88
  -0.0043500   -0.0018300  27 ->  97
   0.0043500    0.0018300  28 ->  98
   0.0009800    0.0006000  27 -> 111
  -0.0009800   -0.0006000  28 -> 112
   0.0006700    0.0000700  27 -> 121
  -0.0006700   -0.0000700  28 -> 122
  -0.0009600   -0.0002600  27 -> 129
   0.0009600    0.0002600  28 -> 130
  -0.0143200    0.0005200  29 ->  39
   0.0143200   -0.0005200  30 ->  40
  -0.0045400    0.0005600  29 ->  45
   0.0045400   -0.0005600  30 ->  46
   0.0155700   -0.0034900  29 ->  49
  -0.0155700    0.0034900  30 ->  50
   0.0154900   -0.0040500  29 ->  59
  -0.0154900    0.0040500  30 ->  60
   0.0076800   -0.0016200  29 ->  67
  -0.0076800    0.0016200  30 ->  68
   0.0070100   -0.0016100  29 ->  69
  -0.0070100    0.0016100  30 ->  70
   0.0040800   -0.0013600  29 ->  79
  -0.0040800    0.0013600  30 ->  80
   0.0027000   -0.0004200  29 ->  85
  -0.0027000    0.0004200  30 ->  86
  -0.0097300    0.0026300  29 ->  89
   0.0097300   -0.0026300  30 ->  90
  -0.0010500    0.0000700  29 ->  95
   0.0010500   -0.0000700  30 ->  96
  -0.0043600    0.0014400  29 -> 103
   0.0043600   -0.0014400  30 -> 104
  -0.0025900    0.0006700  29 -> 107
   0.0025900   -0.0006700  30 -> 108
  -0.0007000    0.0001200  29 -> 119
   0.0007000   -0.0001200  30 -> 120
  -0.0018400    0.0005600  29 -> 123
   0.0018400   -0.0005600  30 -> 124
   0.0013200   -0.0000800  29 -> 135
  -0.0013200    0.0000800  30 -> 136
  -0.0002300    0.0000300  29 -> 141
   0.0002300   -0.0000300  30 -> 142
   0.7422300    0.6686500  31 ->  33
  -0.7422300   -0.6686500  32 ->  34
   0.0462700    0.0385300  31 ->  41
  -0.0462700   -0.0385300  32 ->  42
   0.0066700    0.0066700  31 ->  55
  -0.0066700   -0.0066700  32 ->  56
   0.0020200   -0.0003400  31 ->  65
  -0.0020200    0.0003400  32 ->  66
  -0.0094500   -0.0059500  31 ->  73
   0.0094500    0.0059500  32 ->  74
   0.0242200    0.0132200  31 ->  87
  -0.0242200   -0.0132200  32 ->  88
   0.0039700    0.0028500  31 ->  97
  -0.0039700   -0.0028500  32 ->  98
  -0.0036800   -0.0013800  31 -> 111
   0.0036800    0.0013800  32 -> 112
   0.0007600    0.0001000  31 -> 121
  -0.0007600   -0.0001000  32 -> 122
  -0.0001200    0.0001200  23 ->  61
  -0.0001200    0.0001200  24 ->  62
  -0.0002000    0.0002000  23 ->  63
  -0.0002000    0.0002000  24 ->  64
  -0.0001200    0.0001200  23 -> 131
  -0.0001200    0.0001200  24 -> 132
  -0.0001000    0.0001000  31 -> 129
  -0.0001000    0.0001000  32 -> 130
 ---------------------------------------------
 | 3 >
 TD-HF/DFT excited state   3
 Triplet   

  -0.0054300   -0.0014700   9 ->  35
   0.0054300    0.0014700  10 ->  36
  -0.0061400   -0.0015800   9 ->  37
   0.0061400    0.0015800  10 ->  38
   0.0132500    0.0034300   9 ->  47
  -0.0132500   -0.0034300  10 ->  48
   0.0212200    0.0047600   9 ->  51
  -0.0212200   -0.0047600  10 ->  52
   0.0042600    0.0010400   9 ->  53
  -0.0042600   -0.0010400  10 ->  54
  -0.0021900   -0.0006900   9 ->  61
   0.0021900    0.0006900  10 ->  62
  -0.0188800   -0.0033200   9 ->  63
   0.0188800    0.0033200  10 ->  64
  -0.0025700   -0.0001500   9 ->  71
   0.0025700    0.0001500  10 ->  72
   0.0026600    0.0000200   9 ->  75
  -0.0026600   -0.0000200  10 ->  76
   0.0001400    0.0001400   9 ->  81
  -0.0001400   -0.0001400  10 ->  82
  -0.0011300   -0.0001100   9 ->  83
   0.0011300    0.0001100  10 ->  84
  -0.0035000   -0.0001800   9 ->  91
   0.0035000    0.0001800  10 ->  92
   0.0043100    0.0003900   9 ->  99
  -0.0043100   -0.0003900  10 -> 100
   0.0023700    0.0001500   9 -> 101
  -0.0023700   -0.0001500  10 -> 102
  -0.0092800   -0.0010800   9 -> 109
   0.0092800    0.0010800  10 -> 110
   0.0078300    0.0009900   9 -> 113
  -0.0078300   -0.0009900  10 -> 114
   0.0012400    0.0000800   9 -> 117
  -0.0012400   -0.0000800  10 -> 118
  -0.0028600   -0.0004400   9 -> 127
   0.0028600    0.0004400  10 -> 128
   0.0045100    0.0004500   9 -> 131
  -0.0045100   -0.0004500  10 -> 132
   0.0038200    0.0003600   9 -> 133
  -0.0038200   -0.0003600  10 -> 134
  -0.0004500   -0.0000500   9 -> 139
   0.0004500    0.0000500  10 -> 140
   0.0004300    0.0000300   9 -> 143
  -0.0004300   -0.0000300  10 -> 144
  -0.0027700   -0.0007100  11 ->  35
   0.0027700    0.0007100  12 ->  36
  -0.0014900   -0.0003100  11 ->  37
   0.0014900    0.0003100  12 ->  38
   0.0135600    0.0025400  11 ->  47
  -0.0135600   -0.0025400  12 ->  48
   0.0000600   -0.0008200  11 ->  51
  -0.0000600    0.0008200  12 ->  52
   0.0042800    0.0004400  11 ->  53
  -0.0042800   -0.0004400  12 ->  54
  -0.0046100   -0.0006500  11 ->  61
   0.0046100    0.0006500  12 ->  62
   0.0015000    0.0002600  11 ->  63
  -0.0015000   -0.0002600  12 ->  64
  -0.0041100   -0.0009300  11 ->  71
   0.0041100    0.0009300  12 ->  72
  -0.0022700   -0.0000100  11 ->  75
   0.0022700    0.0000100  12 ->  76
   0.0028900    0.0002300  11 ->  81
  -0.0028900   -0.0002300  12 ->  82
   0.0015600    0.0002600  11 ->  83
  -0.0015600   -0.0002600  12 ->  84
   0.0045400    0.0002000  11 ->  91
  -0.0045400   -0.0002000  12 ->  92
  -0.0018000   -0.0003400  11 ->  99
   0.0018000    0.0003400  12 -> 100
  -0.0043500   -0.0001300  11 -> 101
   0.0043500    0.0001300  12 -> 102
   0.0039200    0.0001800  11 -> 109
  -0.0039200   -0.0001800  12 -> 110
   0.0028100    0.0001300  11 -> 113
  -0.0028100   -0.0001300  12 -> 114
  -0.0012300   -0.0000900  11 -> 117
   0.0012300    0.0000900  12 -> 118
  -0.0031700   -0.0000900  11 -> 127
   0.0031700    0.0000900  12 -> 128
  -0.0017500   -0.0001900  11 -> 131
   0.0017500    0.0001900  12 -> 132
  -0.0013900   -0.0001500  11 -> 133
   0.0013900    0.0001500  12 -> 134
   0.0002300    0.0000100  11 -> 137
  -0.0002300   -0.0000100  12 -> 138
   0.0004000    0.0000600  11 -> 139
  -0.0004000   -0.0000600  12 -> 140
  -0.0039600   -0.0011800  13 ->  39
   0.0039600    0.0011800  14 ->  40
  -0.0025700   -0.0007100  13 ->  45
   0.0025700    0.0007100  14 ->  46
   0.0046400    0.0010400  13 ->  49
  -0.0046400   -0.0010400  14 ->  50
   0.0042400    0.0007400  13 ->  59
  -0.0042400   -0.0007400  14 ->  60
  -0.0024400   -0.0004800  13 ->  67
   0.0024400    0.0004800  14 ->  68
   0.0005300    0.0000700  13 ->  69
  -0.0005300   -0.0000700  14 ->  70
  -0.0010400   -0.0002200  13 ->  79
   0.0010400    0.0002200  14 ->  80
   0.0023000    0.0003600  13 ->  85
  -0.0023000   -0.0003600  14 ->  86
  -0.0010700   -0.0001900  13 ->  89
   0.0010700    0.0001900  14 ->  90
  -0.0001700   -0.0001700  13 ->  95
   0.0001700    0.0001700  14 ->  96
   0.0003000    0.0000400  13 -> 103
  -0.0003000   -0.0000400  14 -> 104
  -0.0002000    0.0000000  13 -> 107
   0.0002000   -0.0000000  14 -> 108
   0.0011100    0.0001100  13 -> 123
  -0.0011100   -0.0001100  14 -> 124
   0.0002400    0.0002400  15 ->  35
  -0.0002400   -0.0002400  16 ->  36
  -0.0033800   -0.0012200  15 ->  37
   0.0033800    0.0012200  16 ->  38
   0.0278900    0.0081900  15 ->  47
  -0.0278900   -0.0081900  16 ->  48
   0.0071900    0.0011300  15 ->  51
  -0.0071900   -0.0011300  16 ->  52
   0.0091700    0.0017700  15 ->  53
  -0.0091700   -0.0017700  16 ->  54
  -0.0067200   -0.0015800  15 ->  61
   0.0067200    0.0015800  16 ->  62
  -0.0058100   -0.0015900  15 ->  63
   0.0058100    0.0015900  16 ->  64
  -0.0019600   -0.0004600  15 ->  71
   0.0019600    0.0004600  16 ->  72
  -0.0061700   -0.0007100  15 ->  75
   0.0061700    0.0007100  16 ->  76
   0.0017600   -0.0000600  15 ->  81
  -0.0017600    0.0000600  16 ->  82
  -0.0025200   -0.0002400  15 ->  83
   0.0025200    0.0002400  16 ->  84
   0.0053800    0.0002200  15 ->  91
  -0.0053800   -0.0002200  16 ->  92
  -0.0011900   -0.0004900  15 ->  99
   0.0011900    0.0004900  16 -> 100
  -0.0080900   -0.0004100  15 -> 101
   0.0080900    0.0004100  16 -> 102
   0.0051400    0.0000800  15 -> 109
  -0.0051400   -0.0000800  16 -> 110
   0.0049400    0.0005400  15 -> 113
  -0.0049400   -0.0005400  16 -> 114
  -0.0020000   -0.0002600  15 -> 117
   0.0020000    0.0002600  16 -> 118
  -0.0050400   -0.0002800  15 -> 127
   0.0050400    0.0002800  16 -> 128
  -0.0012100   -0.0001500  15 -> 131
   0.0012100    0.0001500  16 -> 132
  -0.0026700   -0.0002300  15 -> 133
   0.0026700    0.0002300  16 -> 134
   0.0003100    0.0000300  15 -> 137
  -0.0003100   -0.0000300  16 -> 138
   0.0005300    0.0000700  15 -> 139
  -0.0005300   -0.0000700  16 -> 140
   0.2068400    0.1212200  17 ->  33
  -0.2068400   -0.1212200  18 ->  34
   0.0446100    0.0197300  17 ->  41
  -0.0446100   -0.0197300  18 ->  42
   0.0229700    0.0064900  17 ->  55
  -0.0229700   -0.0064900  18 ->  56
  -0.0049600   -0.0011400  17 ->  65
   0.0049600    0.0011400  18 ->  66
  -0.0139200   -0.0033600  17 ->  73
   0.0139200    0.0033600  18 ->  74
   0.0167400    0.0040200  17 ->  87
  -0.0167400   -0.0040200  18 ->  88
   0.0042600    0.0008000  17 ->  97
  -0.0042600   -0.0008000  18 ->  98
   0.0021700    0.0003100  17 -> 111
  -0.0021700   -0.0003100  18 -> 112
  -0.0003500    0.0000100  17 -> 121
   0.0003500   -0.0000100  18 -> 122
   0.0030800    0.0006200  17 -> 129
  -0.0030800   -0.0006200  18 -> 130
   0.0003000    0.0003000  19 ->  39
  -0.0003000   -0.0003000  20 ->  40
  -0.0009000   -0.0003400  19 ->  45
   0.0009000    0.0003400  20 ->  46
   0.0154500    0.0046700  19 ->  49
  -0.0154500   -0.0046700  20 ->  50
   0.0082000    0.0019400  19 ->  59
  -0.0082000   -0.0019400  20 ->  60
  -0.0009400   -0.0001200  19 ->  67
   0.0009400    0.0001200  20 ->  68
   0.0039600    0.0006400  19 ->  79
  -0.0039600   -0.0006400  20 ->  80
  -0.0014200   -0.0002600  19 ->  85
   0.0014200    0.0002600  20 ->  86
  -0.0019500   -0.0002500  19 ->  89
   0.0019500    0.0002500  20 ->  90
   0.0019200    0.0003200  19 ->  95
  -0.0019200   -0.0003200  20 ->  96
  -0.0012000   -0.0001200  19 -> 103
   0.0012000    0.0001200  20 -> 104
  -0.0003000   -0.0000600  19 -> 107
   0.0003000    0.0000600  20 -> 108
   0.0010600    0.0001800  19 -> 119
  -0.0010600   -0.0001800  20 -> 120
   0.0011400    0.0001200  19 -> 123
  -0.0011400   -0.0001200  20 -> 124
   0.0006500    0.0000500  19 -> 135
  -0.0006500   -0.0000500  20 -> 136
   0.0002700    0.0000100  19 -> 141
  -0.0002700   -0.0000100  20 -> 142
  -0.0021100   -0.0010100  21 ->  35
   0.0021100    0.0010100  22 ->  36
   0.0019500    0.0008700  21 ->  37
  -0.0019500   -0.0008700  22 ->  38
  -0.0024400   -0.0009800  21 ->  47
   0.0024400    0.0009800  22 ->  48
  -0.0016300   -0.0003900  21 ->  51
   0.0016300    0.0003900  22 ->  52
  -0.0002400    0.0000000  21 ->  53
   0.0002400   -0.0000000  22 ->  54
   0.0062900    0.0017900  21 ->  63
  -0.0062900   -0.0017900  22 ->  64
  -0.0006400    0.0000200  21 ->  71
   0.0006400   -0.0000200  22 ->  72
   0.0063000    0.0009000  21 ->  75
  -0.0063000   -0.0009000  22 ->  76
  -0.0014100   -0.0000900  21 ->  81
   0.0014100    0.0000900  22 ->  82
   0.0032400    0.0005200  21 ->  83
  -0.0032400   -0.0005200  22 ->  84
  -0.0028700   -0.0001700  21 ->  91
   0.0028700    0.0001700  22 ->  92
  -0.0012600    0.0000000  21 ->  99
   0.0012600   -0.0000000  22 -> 100
   0.0049400    0.0003600  21 -> 101
  -0.0049400   -0.0003600  22 -> 102
  -0.0039500   -0.0001500  21 -> 109
   0.0039500    0.0001500  22 -> 110
   0.0021800    0.0000600  21 -> 113
  -0.0021800   -0.0000600  22 -> 114
   0.0001100    0.0001100  21 -> 117
  -0.0001100   -0.0001100  22 -> 118
   0.0006100    0.0000900  21 -> 127
  -0.0006100   -0.0000900  22 -> 128
   0.0008200    0.0000600  21 -> 131
  -0.0008200   -0.0000600  22 -> 132
   0.0034400    0.0002400  21 -> 133
  -0.0034400   -0.0002400  22 -> 134
  -0.0002900   -0.0000300  21 -> 137
   0.0002900    0.0000300  22 -> 138
   0.0139300    0.0072500  23 ->  43
  -0.0139300   -0.0072500  24 ->  44
  -0.0021600   -0.0007400  23 ->  57
   0.0021600    0.0007400  24 ->  58
  -0.0055900   -0.0013300  23 ->  77
   0.0055900    0.0013300  24 ->  78
   0.0006100   -0.0001900  23 ->  93
  -0.0006100    0.0001900  24 ->  94
   0.0008000    0.0001800  23 -> 105
  -0.0008000   -0.0001800  24 -> 106
   0.0017400    0.0001200  23 -> 115
  -0.0017400   -0.0001200  24 -> 116
  -0.0005600    0.0000000  23 -> 125
   0.0005600   -0.0000000  24 -> 126
   0.0053500    0.0027900  25 ->  35
  -0.0053500   -0.0027900  26 ->  36
   0.0093600    0.0040000  25 ->  37
  -0.0093600   -0.0040000  26 ->  38
   0.0032300    0.0008100  25 ->  47
  -0.0032300   -0.0008100  26 ->  48
  -0.0034000   -0.0014600  25 ->  51
   0.0034000    0.0014600  26 ->  52
   0.0030800    0.0007200  25 ->  53
  -0.0030800   -0.0007200  26 ->  54
  -0.0018400   -0.0005400  25 ->  61
   0.0018400    0.0005400  26 ->  62
   0.0088600    0.0023400  25 ->  63
  -0.0088600   -0.0023400  26 ->  64
   0.0033200    0.0008600  25 ->  71
  -0.0033200   -0.0008600  26 ->  72
   0.0055100    0.0008500  25 ->  75
  -0.0055100   -0.0008500  26 ->  76
  -0.0022000   -0.0003800  25 ->  81
   0.0022000    0.0003800  26 ->  82
   0.0006700    0.0002100  25 ->  83
  -0.0006700   -0.0002100  26 ->  84
  -0.0023800   -0.0002200  25 ->  91
   0.0023800    0.0002200  26 ->  92
  -0.0024500   -0.0002900  25 ->  99
   0.0024500    0.0002900  26 -> 100
   0.0034400    0.0003200  25 -> 101
  -0.0034400   -0.0003200  26 -> 102
  -0.0023900   -0.0000900  25 -> 109
   0.0023900    0.0000900  26 -> 110
   0.0031600    0.0001800  25 -> 113
  -0.0031600   -0.0001800  26 -> 114
  -0.0009800   -0.0001400  25 -> 117
   0.0009800    0.0001400  26 -> 118
  -0.0004000   -0.0000800  25 -> 131
   0.0004000    0.0000800  26 -> 132
   0.0032100    0.0002100  25 -> 133
  -0.0032100   -0.0002100  26 -> 134
   0.0056800    0.0024600  27 ->  39
  -0.0056800   -0.0024600  28 ->  40
   0.0053000    0.0022000  27 ->  45
  -0.0053000   -0.0022000  28 ->  46
  -0.0093700   -0.0032300  27 ->  49
   0.0093700    0.0032300  28 ->  50
  -0.0066800   -0.0016200  27 ->  59
   0.0066800    0.0016200  28 ->  60
   0.0019400    0.0004200  27 ->  67
  -0.0019400   -0.0004200  28 ->  68
  -0.0011000   -0.0002400  27 ->  69
   0.0011000    0.0002400  28 ->  70
   0.0005800    0.0001200  27 ->  79
  -0.0005800   -0.0001200  28 ->  80
  -0.0013000   -0.0002400  27 ->  85
   0.0013000    0.0002400  28 ->  86
   0.0017700    0.0002900  27 ->  89
  -0.0017700   -0.0002900  28 ->  90
  -0.0003100   -0.0000500  27 ->  95
   0.0003100    0.0000500  28 ->  96
   0.0002200    0.0000200  27 -> 103
  -0.0002200   -0.0000200  28 -> 104
  -0.0002800   -0.0000200  27 -> 119
   0.0002800    0.0000200  28 -> 120
  -0.0008800   -0.0001000  27 -> 123
   0.0008800    0.0001000  28 -> 124
  -0.0001100   -0.0001100  27 -> 135
   0.0001100    0.0001100  28 -> 136
  -0.0001100   -0.0001100  27 -> 141
   0.0001100    0.0001100  28 -> 142
   0.7911500    0.5918300  29 ->  33
  -0.7911500   -0.5918300  30 ->  34
   0.0793500    0.0447100  29 ->  41
  -0.0793500   -0.0447100  30 ->  42
   0.0233400    0.0105400  29 ->  55
  -0.0233400   -0.0105400  30 ->  56
  -0.0017000   -0.0017000  29 ->  65
   0.0017000    0.0017000  30 ->  66
  -0.0188400   -0.0049200  29 ->  73
   0.0188400    0.0049200  30 ->  74
   0.0444600    0.0101600  29 ->  87
  -0.0444600   -0.0101600  30 ->  88
   0.0105400    0.0026200  29 ->  97
  -0.0105400   -0.0026200  30 ->  98
  -0.0020300   -0.0003900  29 -> 111
   0.0020300    0.0003900  30 -> 112
  -0.0014000   -0.0001200  29 -> 121
   0.0014000    0.0001200  30 -> 122
   0.0062000    0.0011200  29 -> 129
  -0.0062000   -0.0011200  30 -> 130
  -0.0137900   -0.0081900  31 ->  39
   0.0137900    0.0081900  32 ->  40
  -0.0007400   -0.0005000  31 ->  45
   0.0007400    0.0005000  32 ->  46
   0.0036200    0.0019200  31 ->  49
  -0.0036200   -0.0019200  32 ->  50
   0.0056000    0.0019200  31 ->  59
  -0.0056000   -0.0019200  32 ->  60
   0.0058500    0.0014700  31 ->  67
  -0.0058500   -0.0014700  32 ->  68
   0.0038700    0.0010100  31 ->  69
  -0.0038700   -0.0010100  32 ->  70
   0.0012500    0.0004500  31 ->  79
  -0.0012500   -0.0004500  32 ->  80
   0.0014300    0.0003700  31 ->  85
  -0.0014300   -0.0003700  32 ->  86
  -0.0063000   -0.0010000  31 ->  89
   0.0063000    0.0010000  32 ->  90
  -0.0007300   -0.0001300  31 ->  95
   0.0007300    0.0001300  32 ->  96
  -0.0019900   -0.0002900  31 -> 103
   0.0019900    0.0002900  32 -> 104
  -0.0010800   -0.0002000  31 -> 107
   0.0010800    0.0002000  32 -> 108
  -0.0001400   -0.0001400  31 -> 119
   0.0001400    0.0001400  32 -> 120
  -0.0009700   -0.0001100  31 -> 123
   0.0009700    0.0001100  32 -> 124
   0.0012500    0.0001300  31 -> 135
  -0.0012500   -0.0001300  32 -> 136
  -0.0002200    0.0000000  31 -> 141
   0.0002200   -0.0000000  32 -> 142
  -0.0001400    0.0001400  25 -> 127
  -0.0001400    0.0001400  26 -> 128
 =============================================

 X + Y, X - Y, and electronic configurations
 in terms of spin-orbital names
 =============================================
 | 1 >
 TD-HF/DFT excited state   1
 Triplet   

   0.0010200   -0.0002400  LUMO+5a  
  -0.0010200    0.0002400  LUMO+5b  
  -0.0010000    0.0001000  LUMO+12a 
   0.0010000   -0.0001000  LUMO+12b 
  -0.0035000    0.0000800  LUMO+30a 
   0.0035000   -0.0000800  LUMO+30b 
  -0.0097800   -0.0007000  LUMO+36a 
   0.0097800    0.0007000  LUMO+36b 
   0.0036200    0.0004400  LUMO+41a 
  -0.0036200   -0.0004400  LUMO+41b 
  -0.0025200   -0.0003000  LUMO+46a 
   0.0025200    0.0003000  LUMO+46b 
   0.0025500    0.0009300  LUMO+5a  
  -0.0025500   -0.0009300  LUMO+5b  
  -0.0011400   -0.0006400  LUMO+12a 
   0.0011400    0.0006400  LUMO+12b 
  -0.0013300   -0.0002300  LUMO+22a 
   0.0013300    0.0002300  LUMO+22b 
  -0.0031400   -0.0008000  LUMO+30a 
   0.0031400    0.0008000  LUMO+30b 
   0.0043300    0.0000500  LUMO+36a 
  -0.0043300   -0.0000500  LUMO+36b 
  -0.0036600   -0.0004400  LUMO+41a 
   0.0036600    0.0004400  LUMO+41b 
   0.0016300    0.0002500  LUMO+46a 
  -0.0016300   -0.0002500  LUMO+46b 
  -0.0050600   -0.0041000  LUMOa    
   0.0050600    0.0041000  LUMOb    
  -0.0010100   -0.0007300  LUMO+4a  
   0.0010100    0.0007300  LUMO+4b  
  -0.0022300   -0.0010300  LUMO+11a 
   0.0022300    0.0010300  LUMO+11b 
   0.0014000    0.0007600  LUMO+16a 
  -0.0014000   -0.0007600  LUMO+16b 
  -0.0009700   -0.0005700  LUMO+20a 
   0.0009700    0.0005700  LUMO+20b 
   0.0015500    0.0005900  LUMO+27a 
  -0.0015500   -0.0005900  LUMO+27b 
   0.0027900    0.0010500  LUMO+32a 
  -0.0027900   -0.0010500  LUMO+32b 
  -0.0004500   -0.0004500  LUMO+39a 
   0.0004500    0.0004500  LUMO+39b 
  -0.0009900   -0.0001100  LUMO+44a 
   0.0009900    0.0001100  LUMO+44b 
   0.0007700    0.0001700  LUMO+48a 
  -0.0007700   -0.0001700  LUMO+48b 
   0.0076400    0.0026000  LUMO+5a  
  -0.0076400   -0.0026000  LUMO+5b  
  -0.0016500   -0.0009100  LUMO+12a 
   0.0016500    0.0009100  LUMO+12b 
  -0.0034900   -0.0004900  LUMO+22a 
   0.0034900    0.0004900  LUMO+22b 
  -0.0029000   -0.0006800  LUMO+30a 
   0.0029000    0.0006800  LUMO+30b 
   0.0066300    0.0000300  LUMO+36a 
  -0.0066300   -0.0000300  LUMO+36b 
  -0.0038200   -0.0003200  LUMO+41a 
   0.0038200    0.0003200  LUMO+41b 
   0.0022900    0.0002500  LUMO+46a 
  -0.0022900   -0.0002500  LUMO+46b 
  -0.0005200    0.0009600  LUMO+3a  
   0.0005200   -0.0009600  LUMO+3b  
   0.0013200    0.0006200  LUMO+6a  
  -0.0013200   -0.0006200  LUMO+6b  
   0.0019000   -0.0001000  LUMO+8a  
  -0.0019000    0.0001000  LUMO+8b  
   0.0051600   -0.0016200  LUMO+13a 
  -0.0051600    0.0016200  LUMO+13b 
   0.0036300   -0.0006100  LUMO+17a 
  -0.0036300    0.0006100  LUMO+17b 
   0.0022500   -0.0007300  LUMO+18a 
  -0.0022500    0.0007300  LUMO+18b 
   0.0030300   -0.0004700  LUMO+23a 
  -0.0030300    0.0004700  LUMO+23b 
   0.0001000   -0.0005400  LUMO+26a 
  -0.0001000    0.0005400  LUMO+26b 
  -0.0025100    0.0004100  LUMO+28a 
   0.0025100   -0.0004100  LUMO+28b 
  -0.0006200    0.0001400  LUMO+31a 
   0.0006200   -0.0001400  LUMO+31b 
  -0.0037400    0.0008400  LUMO+35a 
   0.0037400   -0.0008400  LUMO+35b 
  -0.0017700    0.0006100  LUMO+37a 
   0.0017700   -0.0006100  LUMO+37b 
  -0.0005300    0.0002100  LUMO+45a 
   0.0005300   -0.0002100  LUMO+45b 
   0.0009900   -0.0000700  LUMO+51a 
  -0.0009900    0.0000700  LUMO+51b 
   0.0352400    0.0286600  LUMOa    
  -0.0352400   -0.0286600  LUMOb    
   0.0106100    0.0061700  LUMO+4a  
  -0.0106100   -0.0061700  LUMO+4b  
  -0.0006200    0.0001400  LUMO+11a 
   0.0006200   -0.0001400  LUMO+11b 
   0.0030500    0.0014900  LUMO+16a 
  -0.0030500   -0.0014900  LUMO+16b 
  -0.0083200   -0.0033800  LUMO+20a 
   0.0083200    0.0033800  LUMO+20b 
   0.0087200    0.0044400  LUMO+27a 
  -0.0087200   -0.0044400  LUMO+27b 
   0.0063700    0.0027700  LUMO+32a 
  -0.0063700   -0.0027700  LUMO+32b 
  -0.0012000   -0.0009800  LUMO+39a 
   0.0012000    0.0009800  LUMO+39b 
  -0.0007600   -0.0000800  LUMO+44a 
   0.0007600    0.0000800  LUMO+44b 
   0.0010200    0.0003400  LUMO+48a 
  -0.0010200   -0.0003400  LUMO+48b 
  -0.0009000   -0.0000800  LUMO+12a 
   0.0009000    0.0000800  LUMO+12b 
   0.0005800   -0.0000400  LUMO+22a 
  -0.0005800    0.0000400  LUMO+22b 
  -0.0029500   -0.0002300  LUMO+30a 
   0.0029500    0.0002300  LUMO+30b 
  -0.0061100   -0.0001300  LUMO+36a 
   0.0061100    0.0001300  LUMO+36b 
   0.0019000    0.0000000  LUMO+41a 
  -0.0019000   -0.0000000  LUMO+41b 
  -0.0011100   -0.0000100  LUMO+46a 
   0.0011100    0.0000100  LUMO+46b 
   0.0033500    0.0014700  LUMO+1a  
  -0.0033500   -0.0014700  LUMO+1b  
   0.0034000    0.0010600  LUMO+2a  
  -0.0034000   -0.0010600  LUMO+2b  
  -0.0031400    0.0000800  LUMO+7a  
   0.0031400   -0.0000800  LUMO+7b  
  -0.0004900    0.0000900  LUMO+9a  
   0.0004900   -0.0000900  LUMO+9b  
   0.0008200    0.0002200  LUMO+10a 
  -0.0008200   -0.0002200  LUMO+10b 
   0.0016800    0.0000200  LUMO+19a 
  -0.0016800   -0.0000200  LUMO+19b 
  -0.0007400   -0.0002200  LUMO+24a 
   0.0007400    0.0002200  LUMO+24b 
  -0.0015000   -0.0003000  LUMO+25a 
   0.0015000    0.0003000  LUMO+25b 
  -0.0004300   -0.0002300  LUMO+29a 
   0.0004300    0.0002300  LUMO+29b 
   0.0003600    0.0000000  LUMO+33a 
  -0.0003600   -0.0000000  LUMO+33b 
  -0.0008000    0.0001000  LUMO+34a 
   0.0008000   -0.0001000  LUMO+34b 
  -0.0003200    0.0000600  LUMO+38a 
   0.0003200   -0.0000600  LUMO+38b 
   0.0004900   -0.0001100  LUMO+40a 
  -0.0004900    0.0001100  LUMO+40b 
   0.0006300    0.0000500  LUMO+47a 
  -0.0006300   -0.0000500  LUMO+47b 
   0.0091000    0.0034200  LUMO+5a  
  -0.0091000   -0.0034200  LUMO+5b  
  -0.0026400   -0.0009200  LUMO+12a 
   0.0026400    0.0009200  LUMO+12b 
  -0.0025100   -0.0005700  LUMO+22a 
   0.0025100    0.0005700  LUMO+22b 
  -0.0043900   -0.0007500  LUMO+30a 
   0.0043900    0.0007500  LUMO+30b 
  -0.0044000   -0.0001600  LUMO+36a 
   0.0044000    0.0001600  LUMO+36b 
   0.0010000   -0.0002200  LUMO+41a 
  -0.0010000    0.0002200  LUMO+41b 
  -0.0007400    0.0001200  LUMO+46a 
   0.0007400   -0.0001200  LUMO+46b 
  -0.0218100   -0.0170700  LUMOa    
   0.0218100    0.0170700  LUMOb    
  -0.0028100   -0.0023700  LUMO+4a  
   0.0028100    0.0023700  LUMO+4b  
   0.0022600    0.0006400  LUMO+11a 
  -0.0022600   -0.0006400  LUMO+11b 
  -0.0021500   -0.0010700  LUMO+16a 
   0.0021500    0.0010700  LUMO+16b 
   0.0033200    0.0018400  LUMO+20a 
  -0.0033200   -0.0018400  LUMO+20b 
  -0.0052800   -0.0025600  LUMO+27a 
   0.0052800    0.0025600  LUMO+27b 
  -0.0043500   -0.0018300  LUMO+32a 
   0.0043500    0.0018300  LUMO+32b 
   0.0009800    0.0006000  LUMO+39a 
  -0.0009800   -0.0006000  LUMO+39b 
   0.0006700    0.0000700  LUMO+44a 
  -0.0006700   -0.0000700  LUMO+44b 
  -0.0009600   -0.0002600  LUMO+48a 
   0.0009600    0.0002600  LUMO+48b 
  -0.0143200    0.0005200  LUMO+3a  
   0.0143200   -0.0005200  LUMO+3b  
  -0.0045400    0.0005600  LUMO+6a  
   0.0045400   -0.0005600  LUMO+6b  
   0.0155700   -0.0034900  LUMO+8a  
  -0.0155700    0.0034900  LUMO+8b  
   0.0154900   -0.0040500  LUMO+13a 
  -0.0154900    0.0040500  LUMO+13b 
   0.0076800   -0.0016200  LUMO+17a 
  -0.0076800    0.0016200  LUMO+17b 
   0.0070100   -0.0016100  LUMO+18a 
  -0.0070100    0.0016100  LUMO+18b 
   0.0040800   -0.0013600  LUMO+23a 
  -0.0040800    0.0013600  LUMO+23b 
   0.0027000   -0.0004200  LUMO+26a 
  -0.0027000    0.0004200  LUMO+26b 
  -0.0097300    0.0026300  LUMO+28a 
   0.0097300   -0.0026300  LUMO+28b 
  -0.0010500    0.0000700  LUMO+31a 
   0.0010500   -0.0000700  LUMO+31b 
  -0.0043600    0.0014400  LUMO+35a 
   0.0043600   -0.0014400  LUMO+35b 
  -0.0025900    0.0006700  LUMO+37a 
   0.0025900   -0.0006700  LUMO+37b 
  -0.0007000    0.0001200  LUMO+43a 
   0.0007000   -0.0001200  LUMO+43b 
  -0.0018400    0.0005600  LUMO+45a 
   0.0018400   -0.0005600  LUMO+45b 
   0.0013200   -0.0000800  LUMO+51a 
  -0.0013200    0.0000800  LUMO+51b 
  -0.0002300    0.0000300  LUMO+54a 
   0.0002300   -0.0000300  LUMO+54b 
   0.7422300    0.6686500  LUMOa    
  -0.7422300   -0.6686500  LUMOb    
   0.0462700    0.0385300  LUMO+4a  
  -0.0462700   -0.0385300  LUMO+4b  
   0.0066700    0.0066700  LUMO+11a 
  -0.0066700   -0.0066700  LUMO+11b 
   0.0020200   -0.0003400  LUMO+16a 
  -0.0020200    0.0003400  LUMO+16b 
  -0.0094500   -0.0059500  LUMO+20a 
   0.0094500    0.0059500  LUMO+20b 
   0.0242200    0.0132200  LUMO+27a 
  -0.0242200   -0.0132200  LUMO+27b 
   0.0039700    0.0028500  LUMO+32a 
  -0.0039700   -0.0028500  LUMO+32b 
  -0.0036800   -0.0013800  LUMO+39a 
   0.0036800    0.0013800  LUMO+39b 
   0.0007600    0.0001000  LUMO+44a 
  -0.0007600   -0.0001000  LUMO+44b 
  -0.0001200    0.0001200  LUMO+14a 
  -0.0001200    0.0001200  LUMO+14b 
  -0.0002000    0.0002000  LUMO+15a 
  -0.0002000    0.0002000  LUMO+15b 
  -0.0001200    0.0001200  LUMO+49a 
  -0.0001200    0.0001200  LUMO+49b 
  -0.0001000    0.0001000  LUMO+48a 
  -0.0001000    0.0001000  LUMO+48b 
                           HOMOb    
 ---------------------------------------------
 | 3 >
 TD-HF/DFT excited state   3
 Triplet   

  -0.0054300   -0.0014700  LUMO+1a  
                           HOMO-11a 
   0.0054300    0.0014700  LUMO+1b  
                           HOMO-11b 
  -0.0061400   -0.0015800  LUMO+2a  
                           HOMO-11a 
   0.0061400    0.0015800  LUMO+2b  
                           HOMO-11b 
   0.0132500    0.0034300  LUMO+7a  
                           HOMO-11a 
  -0.0132500   -0.0034300  LUMO+7b  
                           HOMO-11b 
   0.0212200    0.0047600  LUMO+9a  
                           HOMO-11a 
  -0.0212200   -0.0047600  LUMO+9b  
                           HOMO-11b 
   0.0042600    0.0010400  LUMO+10a 
                           HOMO-11a 
  -0.0042600   -0.0010400  LUMO+10b 
                           HOMO-11b 
  -0.0021900   -0.0006900  LUMO+14a 
                           HOMO-11a 
   0.0021900    0.0006900  LUMO+14b 
                           HOMO-11b 
  -0.0188800   -0.0033200  LUMO+15a 
                           HOMO-11a 
   0.0188800    0.0033200  LUMO+15b 
                           HOMO-11b 
  -0.0025700   -0.0001500  LUMO+19a 
                           HOMO-11a 
   0.0025700    0.0001500  LUMO+19b 
                           HOMO-11b 
   0.0026600    0.0000200  LUMO+21a 
                           HOMO-11a 
  -0.0026600   -0.0000200  LUMO+21b 
                           HOMO-11b 
   0.0001400    0.0001400  LUMO+24a 
                           HOMO-11a 
  -0.0001400   -0.0001400  LUMO+24b 
                           HOMO-11b 
  -0.0011300   -0.0001100  LUMO+25a 
                           HOMO-11a 
   0.0011300    0.0001100  LUMO+25b 
                           HOMO-11b 
  -0.0035000   -0.0001800  LUMO+29a 
                           HOMO-11a 
   0.0035000    0.0001800  LUMO+29b 
                           HOMO-11b 
   0.0043100    0.0003900  LUMO+33a 
                           HOMO-11a 
  -0.0043100   -0.0003900  LUMO+33b 
                           HOMO-11b 
   0.0023700    0.0001500  LUMO+34a 
                           HOMO-11a 
  -0.0023700   -0.0001500  LUMO+34b 
                           HOMO-11b 
  -0.0092800   -0.0010800  LUMO+38a 
                           HOMO-11a 
   0.0092800    0.0010800  LUMO+38b 
                           HOMO-11b 
   0.0078300    0.0009900  LUMO+40a 
                           HOMO-11a 
  -0.0078300   -0.0009900  LUMO+40b 
                           HOMO-11b 
   0.0012400    0.0000800  LUMO+42a 
                           HOMO-11a 
  -0.0012400   -0.0000800  LUMO+42b 
                           HOMO-11b 
  -0.0028600   -0.0004400  LUMO+47a 
                           HOMO-11a 
   0.0028600    0.0004400  LUMO+47b 
                           HOMO-11b 
   0.0045100    0.0004500  LUMO+49a 
                           HOMO-11a 
  -0.0045100   -0.0004500  LUMO+49b 
                           HOMO-11b 
   0.0038200    0.0003600  LUMO+50a 
                           HOMO-11a 
  -0.0038200   -0.0003600  LUMO+50b 
                           HOMO-11b 
  -0.0004500   -0.0000500  LUMO+53a 
                           HOMO-11a 
   0.0004500    0.0000500  LUMO+53b 
                           HOMO-11b 
   0.0004300    0.0000300  LUMO+55a 
                           HOMO-11a 
  -0.0004300   -0.0000300  LUMO+55b 
                           HOMO-11b 
  -0.0027700   -0.0007100  LUMO+1a  
                           HOMO-10a 
   0.0027700    0.0007100  LUMO+1b  
                           HOMO-10b 
  -0.0014900   -0.0003100  LUMO+2a  
                           HOMO-10a 
   0.0014900    0.0003100  LUMO+2b  
                           HOMO-10b 
   0.0135600    0.0025400  LUMO+7a  
                           HOMO-10a 
  -0.0135600   -0.0025400  LUMO+7b  
                           HOMO-10b 
   0.0000600   -0.0008200  LUMO+9a  
                           HOMO-10a 
  -0.0000600    0.0008200  LUMO+9b  
                           HOMO-10b 
   0.0042800    0.0004400  LUMO+10a 
                           HOMO-10a 
  -0.0042800   -0.0004400  LUMO+10b 
                           HOMO-10b 
  -0.0046100   -0.0006500  LUMO+14a 
                           HOMO-10a 
   0.0046100    0.0006500  LUMO+14b 
                           HOMO-10b 
   0.0015000    0.0002600  LUMO+15a 
                           HOMO-10a 
  -0.0015000   -0.0002600  LUMO+15b 
                           HOMO-10b 
  -0.0041100   -0.0009300  LUMO+19a 
                           HOMO-10a 
   0.0041100    0.0009300  LUMO+19b 
                           HOMO-10b 
  -0.0022700   -0.0000100  LUMO+21a 
                           HOMO-10a 
   0.0022700    0.0000100  LUMO+21b 
                           HOMO-10b 
   0.0028900    0.0002300  LUMO+24a 
                           HOMO-10a 
  -0.0028900   -0.0002300  LUMO+24b 
                           HOMO-10b 
   0.0015600    0.0002600  LUMO+25a 
                           HOMO-10a 
  -0.0015600   -0.0002600  LUMO+25b 
                           HOMO-10b 
   0.0045400    0.0002000  LUMO+29a 
                           HOMO-10a 
  -0.0045400   -0.0002000  LUMO+29b 
                           HOMO-10b 
  -0.0018000   -0.0003400  LUMO+33a 
                           HOMO-10a 
   0.0018000    0.0003400  LUMO+33b 
                           HOMO-10b 
  -0.0043500   -0.0001300  LUMO+34a 
                           HOMO-10a 
   0.0043500    0.0001300  LUMO+34b 
                           HOMO-10b 
   0.0039200    0.0001800  LUMO+38a 
                           HOMO-10a 
  -0.0039200   -0.0001800  LUMO+38b 
                           HOMO-10b 
   0.0028100    0.0001300  LUMO+40a 
                           HOMO-10a 
  -0.0028100   -0.0001300  LUMO+40b 
                           HOMO-10b 
  -0.0012300   -0.0000900  LUMO+42a 
                           HOMO-10a 
   0.0012300    0.0000900  LUMO+42b 
                           HOMO-10b 
  -0.0031700   -0.0000900  LUMO+47a 
                           HOMO-10a 
   0.0031700    0.0000900  LUMO+47b 
                           HOMO-10b 
  -0.0017500   -0.0001900  LUMO+49a 
                           HOMO-10a 
   0.0017500    0.0001900  LUMO+49b 
                           HOMO-10b 
  -0.0013900   -0.0001500  LUMO+50a 
                           HOMO-10a 
   0.0013900    0.0001500  LUMO+50b 
                           HOMO-10b 
   0.0002300    0.0000100  LUMO+52a 
                           HOMO-10a 
  -0.0002300   -0.0000100  LUMO+52b 
                           HOMO-10b 
   0.0004000    0.0000600  LUMO+53a 
                           HOMO-10a 
  -0.0004000   -0.0000600  LUMO+53b 
                           HOMO-10b 
  -0.0039600   -0.0011800  LUMO+3a  
                           HOMO-9a  
   0.0039600    0.0011800  LUMO+3b  
                           HOMO-9b  
  -0.0025700   -0.0007100  LUMO+6a  
                           HOMO-9a  
   0.0025700    0.0007100  LUMO+6b  
                           HOMO-9b  
   0.0046400    0.0010400  LUMO+8a  
                           HOMO-9a  
  -0.0046400   -0.0010400  LUMO+8b  
                           HOMO-9b  
   0.0042400    0.0007400  LUMO+13a 
                           HOMO-9a  
  -0.0042400   -0.0007400  LUMO+13b 
                           HOMO-9b  
  -0.0024400   -0.0004800  LUMO+17a 
                           HOMO-9a  
   0.0024400    0.0004800  LUMO+17b 
                           HOMO-9b  
   0.0005300    0.0000700  LUMO+18a 
                           HOMO-9a  
  -0.0005300   -0.0000700  LUMO+18b 
                           HOMO-9b  
  -0.0010400   -0.0002200  LUMO+23a 
                           HOMO-9a  
   0.0010400    0.0002200  LUMO+23b 
                           HOMO-9b  
   0.0023000    0.0003600  LUMO+26a 
                           HOMO-9a  
  -0.0023000   -0.0003600  LUMO+26b 
                           HOMO-9b  
  -0.0010700   -0.0001900  LUMO+28a 
                           HOMO-9a  
   0.0010700    0.0001900  LUMO+28b 
                           HOMO-9b  
  -0.0001700   -0.0001700  LUMO+31a 
                           HOMO-9a  
   0.0001700    0.0001700  LUMO+31b 
                           HOMO-9b  
   0.0003000    0.0000400  LUMO+35a 
                           HOMO-9a  
  -0.0003000   -0.0000400  LUMO+35b 
                           HOMO-9b  
  -0.0002000    0.0000000  LUMO+37a 
                           HOMO-9a  
   0.0002000   -0.0000000  LUMO+37b 
                           HOMO-9b  
   0.0011100    0.0001100  LUMO+45a 
                           HOMO-9a  
  -0.0011100   -0.0001100  LUMO+45b 
                           HOMO-9b  
   0.0002400    0.0002400  LUMO+1a  
                           HOMO-8a  
  -0.0002400   -0.0002400  LUMO+1b  
                           HOMO-8b  
  -0.0033800   -0.0012200  LUMO+2a  
                           HOMO-8a  
   0.0033800    0.0012200  LUMO+2b  
                           HOMO-8b  
   0.0278900    0.0081900  LUMO+7a  
                           HOMO-8a  
  -0.0278900   -0.0081900  LUMO+7b  
                           HOMO-8b  
   0.0071900    0.0011300  LUMO+9a  
                           HOMO-8a  
  -0.0071900   -0.0011300  LUMO+9b  
                           HOMO-8b  
   0.0091700    0.0017700  LUMO+10a 
                           HOMO-8a  
  -0.0091700   -0.0017700  LUMO+10b 
                           HOMO-8b  
  -0.0067200   -0.0015800  LUMO+14a 
                           HOMO-8a  
   0.0067200    0.0015800  LUMO+14b 
                           HOMO-8b  
  -0.0058100   -0.0015900  LUMO+15a 
                           HOMO-8a  
   0.0058100    0.0015900  LUMO+15b 
                           HOMO-8b  
  -0.0019600   -0.0004600  LUMO+19a 
                           HOMO-8a  
   0.0019600    0.0004600  LUMO+19b 
                           HOMO-8b  
  -0.0061700   -0.0007100  LUMO+21a 
                           HOMO-8a  
   0.0061700    0.0007100  LUMO+21b 
                           HOMO-8b  
   0.0017600   -0.0000600  LUMO+24a 
                           HOMO-8a  
  -0.0017600    0.0000600  LUMO+24b 
                           HOMO-8b  
  -0.0025200   -0.0002400  LUMO+25a 
                           HOMO-8a  
   0.0025200    0.0002400  LUMO+25b 
                           HOMO-8b  
   0.0053800    0.0002200  LUMO+29a 
                           HOMO-8a  
  -0.0053800   -0.0002200  LUMO+29b 
                           HOMO-8b  
  -0.0011900   -0.0004900  LUMO+33a 
                           HOMO-8a  
   0.0011900    0.0004900  LUMO+33b 
                           HOMO-8b  
  -0.0080900   -0.0004100  LUMO+34a 
                           HOMO-8a  
   0.0080900    0.0004100  LUMO+34b 
                           HOMO-8b  
   0.0051400    0.0000800  LUMO+38a 
                           HOMO-8a  
  -0.0051400   -0.0000800  LUMO+38b 
                           HOMO-8b  
   0.0049400    0.0005400  LUMO+40a 
                           HOMO-8a  
  -0.0049400   -0.0005400  LUMO+40b 
                           HOMO-8b  
  -0.0020000   -0.0002600  LUMO+42a 
                           HOMO-8a  
   0.0020000    0.0002600  LUMO+42b 
                           HOMO-8b  
  -0.0050400   -0.0002800  LUMO+47a 
                           HOMO-8a  
   0.0050400    0.0002800  LUMO+47b 
                           HOMO-8b  
  -0.0012100   -0.0001500  LUMO+49a 
                           HOMO-8a  
   0.0012100    0.0001500  LUMO+49b 
                           HOMO-8b  
  -0.0026700   -0.0002300  LUMO+50a 
                           HOMO-8a  
   0.0026700    0.0002300  LUMO+50b 
                           HOMO-8b  
   0.0003100    0.0000300  LUMO+52a 
                           HOMO-8a  
  -0.0003100   -0.0000300  LUMO+52b 
                           HOMO-8b  
   0.0005300    0.0000700  LUMO+53a 
                           HOMO-8a  
  -0.0005300   -0.0000700  LUMO+53b 
                           HOMO-8b  
   0.2068400    0.1212200  LUMOa    
                           HOMO-7a  
  -0.2068400   -0.1212200  LUMOb    
                           HOMO-7b  
   0.0446100    0.0197300  LUMO+4a  
                           HOMO-7a  
  -0.0446100   -0.0197300  LUMO+4b  
                           HOMO-7b  
   0.0229700    0.0064900  LUMO+11a 
                           HOMO-7a  
  -0.0229700   -0.0064900  LUMO+11b 
                           HOMO-7b  
  -0.0049600   -0.0011400  LUMO+16a 
                           HOMO-7a  
   0.0049600    0.0011400  LUMO+16b 
                           HOMO-7b  
  -0.0139200   -0.0033600  LUMO+20a 
                           HOMO-7a  
   0.0139200    0.0033600  LUMO+20b 
                           HOMO-7b  
   0.0167400    0.0040200  LUMO+27a 
                           HOMO-7a  
  -0.0167400   -0.0040200  LUMO+27b 
                           HOMO-7b  
   0.0042600    0.0008000  LUMO+32a 
                           HOMO-7a  
  -0.0042600   -0.0008000  LUMO+32b 
                           HOMO-7b  
   0.0021700    0.0003100  LUMO+39a 
                           HOMO-7a  
  -0.0021700   -0.0003100  LUMO+39b 
                           HOMO-7b  
  -0.0003500    0.0000100  LUMO+44a 
                           HOMO-7a  
   0.0003500   -0.0000100  LUMO+44b 
                           HOMO-7b  
   0.0030800    0.0006200  LUMO+48a 
                           HOMO-7a  
  -0.0030800   -0.0006200  LUMO+48b 
                           HOMO-7b  
   0.0003000    0.0003000  LUMO+3a  
                           HOMO-6a  
  -0.0003000   -0.0003000  LUMO+3b  
                           HOMO-6b  
  -0.0009000   -0.0003400  LUMO+6a  
                           HOMO-6a  
   0.0009000    0.0003400  LUMO+6b  
                           HOMO-6b  
   0.0154500    0.0046700  LUMO+8a  
                           HOMO-6a  
  -0.0154500   -0.0046700  LUMO+8b  
                           HOMO-6b  
   0.0082000    0.0019400  LUMO+13a 
                           HOMO-6a  
  -0.0082000   -0.0019400  LUMO+13b 
                           HOMO-6b  
  -0.0009400   -0.0001200  LUMO+17a 
                           HOMO-6a  
   0.0009400    0.0001200  LUMO+17b 
                           HOMO-6b  
   0.0039600    0.0006400  LUMO+23a 
                           HOMO-6a  
  -0.0039600   -0.0006400  LUMO+23b 
                           HOMO-6b  
  -0.0014200   -0.0002600  LUMO+26a 
                           HOMO-6a  
   0.0014200    0.0002600  LUMO+26b 
                           HOMO-6b  
  -0.0019500   -0.0002500  LUMO+28a 
                           HOMO-6a  
   0.0019500    0.0002500  LUMO+28b 
                           HOMO-6b  
   0.0019200    0.0003200  LUMO+31a 
                           HOMO-6a  
  -0.0019200   -0.0003200  LUMO+31b 
                           HOMO-6b  
  -0.0012000   -0.0001200  LUMO+35a 
                           HOMO-6a  
   0.0012000    0.0001200  LUMO+35b 
                           HOMO-6b  
  -0.0003000   -0.0000600  LUMO+37a 
                           HOMO-6a  
   0.0003000    0.0000600  LUMO+37b 
                           HOMO-6b  
   0.0010600    0.0001800  LUMO+43a 
                           HOMO-6a  
  -0.0010600   -0.0001800  LUMO+43b 
                           HOMO-6b  
   0.0011400    0.0001200  LUMO+45a 
                           HOMO-6a  
  -0.0011400   -0.0001200  LUMO+45b 
                           HOMO-6b  
   0.0006500    0.0000500  LUMO+51a 
                           HOMO-6a  
  -0.0006500   -0.0000500  LUMO+51b 
                           HOMO-6b  
   0.0002700    0.0000100  LUMO+54a 
                           HOMO-6a  
  -0.0002700   -0.0000100  LUMO+54b 
                           HOMO-6b  
  -0.0021100   -0.0010100  LUMO+1a  
                           HOMO-5a  
   0.0021100    0.0010100  LUMO+1b  
                           HOMO-5b  
   0.0019500    0.0008700  LUMO+2a  
                           HOMO-5a  
  -0.0019500   -0.0008700  LUMO+2b  
                           HOMO-5b  
  -0.0024400   -0.0009800  LUMO+7a  
                           HOMO-5a  
   0.0024400    0.0009800  LUMO+7b  
                           HOMO-5b  
  -0.0016300   -0.0003900  LUMO+9a  
                           HOMO-5a  
   0.0016300    0.0003900  LUMO+9b  
                           HOMO-5b  
  -0.0002400    0.0000000  LUMO+10a 
                           HOMO-5a  
   0.0002400   -0.0000000  LUMO+10b 
                           HOMO-5b  
   0.0062900    0.0017900  LUMO+15a 
                           HOMO-5a  
  -0.0062900   -0.0017900  LUMO+15b 
                           HOMO-5b  
  -0.0006400    0.0000200  LUMO+19a 
                           HOMO-5a  
   0.0006400   -0.0000200  LUMO+19b 
                           HOMO-5b  
   0.0063000    0.0009000  LUMO+21a 
                           HOMO-5a  
  -0.0063000   -0.0009000  LUMO+21b 
                           HOMO-5b  
  -0.0014100   -0.0000900  LUMO+24a 
                           HOMO-5a  
   0.0014100    0.0000900  LUMO+24b 
                           HOMO-5b  
   0.0032400    0.0005200  LUMO+25a 
                           HOMO-5a  
  -0.0032400   -0.0005200  LUMO+25b 
                           HOMO-5b  
  -0.0028700   -0.0001700  LUMO+29a 
                           HOMO-5a  
   0.0028700    0.0001700  LUMO+29b 
                           HOMO-5b  
  -0.0012600    0.0000000  LUMO+33a 
                           HOMO-5a  
   0.0012600   -0.0000000  LUMO+33b 
                           HOMO-5b  
   0.0049400    0.0003600  LUMO+34a 
                           HOMO-5a  
  -0.0049400   -0.0003600  LUMO+34b 
                           HOMO-5b  
  -0.0039500   -0.0001500  LUMO+38a 
                           HOMO-5a  
   0.0039500    0.0001500  LUMO+38b 
                           HOMO-5b  
   0.0021800    0.0000600  LUMO+40a 
                           HOMO-5a  
  -0.0021800   -0.0000600  LUMO+40b 
                           HOMO-5b  
   0.0001100    0.0001100  LUMO+42a 
                           HOMO-5a  
  -0.0001100   -0.0001100  LUMO+42b 
                           HOMO-5b  
   0.0006100    0.0000900  LUMO+47a 
                           HOMO-5a  
  -0.0006100   -0.0000900  LUMO+47b 
                           HOMO-5b  
   0.0008200    0.0000600  LUMO+49a 
                           HOMO-5a  
  -0.0008200   -0.0000600  LUMO+49b 
                           HOMO-5b  
   0.0034400    0.0002400  LUMO+50a 
                           HOMO-5a  
  -0.0034400   -0.0002400  LUMO+50b 
                           HOMO-5b  
  -0.0002900   -0.0000300  LUMO+52a 
                           HOMO-5a  
   0.0002900    0.0000300  LUMO+52b 
                           HOMO-5b  
   0.0139300    0.0072500  LUMO+5a  
                           HOMO-4a  
  -0.0139300   -0.0072500  LUMO+5b  
                           HOMO-4b  
  -0.0021600   -0.0007400  LUMO+12a 
                           HOMO-4a  
   0.0021600    0.0007400  LUMO+12b 
                           HOMO-4b  
  -0.0055900   -0.0013300  LUMO+22a 
                           HOMO-4a  
   0.0055900    0.0013300  LUMO+22b 
                           HOMO-4b  
   0.0006100   -0.0001900  LUMO+30a 
                           HOMO-4a  
  -0.0006100    0.0001900  LUMO+30b 
                           HOMO-4b  
   0.0008000    0.0001800  LUMO+36a 
                           HOMO-4a  
  -0.0008000   -0.0001800  LUMO+36b 
                           HOMO-4b  
   0.0017400    0.0001200  LUMO+41a 
                           HOMO-4a  
  -0.0017400   -0.0001200  LUMO+41b 
                           HOMO-4b  
  -0.0005600    0.0000000  LUMO+46a 
                           HOMO-4a  
   0.0005600   -0.0000000  LUMO+46b 
                           HOMO-4b  
   0.0053500    0.0027900  LUMO+1a  
                           HOMO-3a  
  -0.0053500   -0.0027900  LUMO+1b  
                           HOMO-3b  
   0.0093600    0.0040000  LUMO+2a  
                           HOMO-3a  
  -0.0093600   -0.0040000  LUMO+2b  
                           HOMO-3b  
   0.0032300    0.0008100  LUMO+7a  
                           HOMO-3a  
  -0.0032300   -0.0008100  LUMO+7b  
                           HOMO-3b  
  -0.0034000   -0.0014600  LUMO+9a  
                           HOMO-3a  
   0.0034000    0.0014600  LUMO+9b  
                           HOMO-3b  
   0.0030800    0.0007200  LUMO+10a 
                           HOMO-3a  
  -0.0030800   -0.0007200  LUMO+10b 
                           HOMO-3b  
  -0.0018400   -0.0005400  LUMO+14a 
                           HOMO-3a  
   0.0018400    0.0005400  LUMO+14b 
                           HOMO-3b  
   0.0088600    0.0023400  LUMO+15a 
                           HOMO-3a  
  -0.0088600   -0.0023400  LUMO+15b 
                           HOMO-3b  
   0.0033200    0.0008600  LUMO+19a 
                           HOMO-3a  
  -0.0033200   -0.0008600  LUMO+19b 
                           HOMO-3b  
   0.0055100    0.0008500  LUMO+21a 
                           HOMO-3a  
  -0.0055100   -0.0008500  LUMO+21b 
                           HOMO-3b  
  -0.0022000   -0.0003800  LUMO+24a 
                           HOMO-3a  
   0.0022000    0.0003800  LUMO+24b 
                           HOMO-3b  
   0.0006700    0.0002100  LUMO+25a 
                           HOMO-3a  
  -0.0006700   -0.0002100  LUMO+25b 
                           HOMO-3b  
  -0.0023800   -0.0002200  LUMO+29a 
                           HOMO-3a  
   0.0023800    0.0002200  LUMO+29b 
                           HOMO-3b  
  -0.0024500   -0.0002900  LUMO+33a 
                           HOMO-3a  
   0.0024500    0.0002900  LUMO+33b 
                           HOMO-3b  
   0.0034400    0.0003200  LUMO+34a 
                           HOMO-3a  
  -0.0034400   -0.0003200  LUMO+34b 
                           HOMO-3b  
  -0.0023900   -0.0000900  LUMO+38a 
                           HOMO-3a  
   0.0023900    0.0000900  LUMO+38b 
                           HOMO-3b  
   0.0031600    0.0001800  LUMO+40a 
                           HOMO-3a  
  -0.0031600   -0.0001800  LUMO+40b 
                           HOMO-3b  
  -0.0009800   -0.0001400  LUMO+42a 
                           HOMO-3a  
   0.0009800    0.0001400  LUMO+42b 
                           HOMO-3b  
  -0.0004000   -0.0000800  LUMO+49a 
                           HOMO-3a  
   0.0004000    0.0000800  LUMO+49b 
                           HOMO-3b  
   0.0032100    0.0002100  LUMO+50a 
                           HOMO-3a  
  -0.0032100   -0.0002100  LUMO+50b 
                           HOMO-3b  
   0.0056800    0.0024600  LUMO+3a  
                           HOMO-2a  
  -0.0056800   -0.0024600  LUMO+3b  
                           HOMO-2b  
   0.0053000    0.0022000  LUMO+6a  
                           HOMO-2a  
  -0.0053000   -0.0022000  LUMO+6b  
                           HOMO-2b  
  -0.0093700   -0.0032300  LUMO+8a  
                           HOMO-2a  
   0.0093700    0.0032300  LUMO+8b  
                           HOMO-2b  
  -0.0066800   -0.0016200  LUMO+13a 
                           HOMO-2a  
   0.0066800    0.0016200  LUMO+13b 
                           HOMO-2b  
   0.0019400    0.0004200  LUMO+17a 
                           HOMO-2a  
  -0.0019400   -0.0004200  LUMO+17b 
                           HOMO-2b  
  -0.0011000   -0.0002400  LUMO+18a 
                           HOMO-2a  
   0.0011000    0.0002400  LUMO+18b 
                           HOMO-2b  
   0.0005800    0.0001200  LUMO+23a 
                           HOMO-2a  
  -0.0005800   -0.0001200  LUMO+23b 
                           HOMO-2b  
  -0.0013000   -0.0002400  LUMO+26a 
                           HOMO-2a  
   0.0013000    0.0002400  LUMO+26b 
                           HOMO-2b  
   0.0017700    0.0002900  LUMO+28a 
                           HOMO-2a  
  -0.0017700   -0.0002900  LUMO+28b 
                           HOMO-2b  
  -0.0003100   -0.0000500  LUMO+31a 
                           HOMO-2a  
   0.0003100    0.0000500  LUMO+31b 
                           HOMO-2b  
   0.0002200    0.0000200  LUMO+35a 
                           HOMO-2a  
  -0.0002200   -0.0000200  LUMO+35b 
                           HOMO-2b  
  -0.0002800   -0.0000200  LUMO+43a 
                           HOMO-2a  
   0.0002800    0.0000200  LUMO+43b 
                           HOMO-2b  
  -0.0008800   -0.0001000  LUMO+45a 
                           HOMO-2a  
   0.0008800    0.0001000  LUMO+45b 
                           HOMO-2b  
  -0.0001100   -0.0001100  LUMO+51a 
                           HOMO-2a  
   0.0001100    0.0001100  LUMO+51b 
                           HOMO-2b  
  -0.0001100   -0.0001100  LUMO+54a 
                           HOMO-2a  
   0.0001100    0.0001100  LUMO+54b 
                           HOMO-2b  
   0.7911500    0.5918300  LUMOa    
                           HOMO-1a  
  -0.7911500   -0.5918300  LUMOb    
                           HOMO-1b  
   0.0793500    0.0447100  LUMO+4a  
                           HOMO-1a  
  -0.0793500   -0.0447100  LUMO+4b  
                           HOMO-1b  
   0.0233400    0.0105400  LUMO+11a 
                           HOMO-1a  
  -0.0233400   -0.0105400  LUMO+11b 
                           HOMO-1b  
  -0.0017000   -0.0017000  LUMO+16a 
                           HOMO-1a  
   0.0017000    0.0017000  LUMO+16b 
                           HOMO-1b  
  -0.0188400   -0.0049200  LUMO+20a 
                           HOMO-1a  
   0.0188400    0.0049200  LUMO+20b 
                           HOMO-1b  
   0.0444600    0.0101600  LUMO+27a 
                           HOMO-1a  
  -0.0444600   -0.0101600  LUMO+27b 
                           HOMO-1b  
   0.0105400    0.0026200  LUMO+32a 
                           HOMO-1a  
  -0.0105400   -0.0026200  LUMO+32b 
                           HOMO-1b  
  -0.0020300   -0.0003900  LUMO+39a 
                           HOMO-1a  
   0.0020300    0.0003900  LUMO+39b 
                           HOMO-1b  
  -0.0014000   -0.0001200  LUMO+44a 
                           HOMO-1a  
   0.0014000    0.0001200  LUMO+44b 
                           HOMO-1b  
   0.0062000    0.0011200  LUMO+48a 
                           HOMO-1a  
  -0.0062000   -0.0011200  LUMO+48b 
                           HOMO-1b  
  -0.0137900   -0.0081900  LUMO+3a  
                           HOMOa    
   0.0137900    0.0081900  LUMO+3b  
                           HOMOb    
  -0.0007400   -0.0005000  LUMO+6a  
                           HOMOa    
   0.0007400    0.0005000  LUMO+6b  
                           HOMOb    
   0.0036200    0.0019200  LUMO+8a  
                           HOMOa    
  -0.0036200   -0.0019200  LUMO+8b  
                           HOMOb    
   0.0056000    0.0019200  LUMO+13a 
                           HOMOa    
  -0.0056000   -0.0019200  LUMO+13b 
                           HOMOb    
   0.0058500    0.0014700  LUMO+17a 
                           HOMOa    
  -0.0058500   -0.0014700  LUMO+17b 
                           HOMOb    
   0.0038700    0.0010100  LUMO+18a 
                           HOMOa    
  -0.0038700   -0.0010100  LUMO+18b 
                           HOMOb    
   0.0012500    0.0004500  LUMO+23a 
                           HOMOa    
  -0.0012500   -0.0004500  LUMO+23b 
                           HOMOb    
   0.0014300    0.0003700  LUMO+26a 
                           HOMOa    
  -0.0014300   -0.0003700  LUMO+26b 
                           HOMOb    
  -0.0063000   -0.0010000  LUMO+28a 
                           HOMOa    
   0.0063000    0.0010000  LUMO+28b 
                           HOMOb    
  -0.0007300   -0.0001300  LUMO+31a 
                           HOMOa    
   0.0007300    0.0001300  LUMO+31b 
                           HOMOb    
  -0.0019900   -0.0002900  LUMO+35a 
                           HOMOa    
   0.0019900    0.0002900  LUMO+35b 
                           HOMOb    
  -0.0010800   -0.0002000  LUMO+37a 
                           HOMOa    
   0.0010800    0.0002000  LUMO+37b 
                           HOMOb    
  -0.0001400   -0.0001400  LUMO+43a 
                           HOMOa    
   0.0001400    0.0001400  LUMO+43b 
                           HOMOb    
  -0.0009700   -0.0001100  LUMO+45a 
                           HOMOa    
   0.0009700    0.0001100  LUMO+45b 
                           HOMOb    
   0.0012500    0.0001300  LUMO+51a 
                           HOMOa    
  -0.0012500   -0.0001300  LUMO+51b 
                           HOMOb    
  -0.0002200    0.0000000  LUMO+54a 
                           HOMOa    
   0.0002200   -0.0000000  LUMO+54b 
                           HOMOb    
  -0.0001400    0.0001400  LUMO+47a 
                           HOMO-3a  
  -0.0001400    0.0001400  LUMO+47b 
                           HOMO-3b  
 =============================================

 Sum of (X + Y)*(X - Y) of electronic state | i >
 ==========================
   i   Sum[(X + Y)*(X - Y)]
 --------------------------
   1   0.99999970
   3   1.00000285
 ==========================

 Contributions from individual electronic configurations
 to electronic states in terms of spin-orbital numbers
 =============================================
 | 1 >
 TD-HF/DFT excited state   1
 Triplet   

  49.63  31 ->  33
  49.63  32 ->  34
   0.18  31 ->  41
   0.18  32 ->  42
   0.10  19 ->  33
   0.10  20 ->  34
 ---------------------------------------------
 | 3 >
 TD-HF/DFT excited state   3
 Triplet   

  46.82  29 ->  33
  46.82  30 ->  34
   2.51  17 ->  33
   2.51  18 ->  34
   0.35  29 ->  41
   0.35  30 ->  42
 =============================================

 Contributions from individual electronic configurations
 to electronic states in terms of spin-orbital names
 =============================================
 | 1 >
 TD-HF/DFT excited state   1
 Triplet   

  49.63  LUMOa    
         HOMOa    
  49.63  LUMOb    
         HOMOb    
   0.18  LUMO+4a  
         HOMOa    
   0.18  LUMO+4b  
         HOMOb    
   0.10  LUMOa    
         HOMO-6a  
   0.10  LUMOb    
         HOMO-6b  
 ---------------------------------------------
 | 3 >
 TD-HF/DFT excited state   3
 Triplet   

  46.82  LUMOa    
         HOMO-1a  
  46.82  LUMOb    
         HOMO-1b  
   2.51  LUMOa    
         HOMO-7a  
   2.51  LUMOb    
         HOMO-7b  
   0.35  LUMO+4a  
         HOMO-1a  
   0.35  LUMO+4b  
         HOMO-1b  
 =============================================


 --- Entering SUBROUTINE vc_int_pgf

 --------------
 Density matrix
 --------------

 gamma: one-particle reduced density matrix
 between electronic states | i > and | j >

 Trace of gamma
 =============================
   i   j   n_ci_ci   Tr[gamma]
 -----------------------------
   1   3   89764       0.00000
 =============================

 Calculating density matrix in terms of CGFs
 from gamma and CGF coefficients.

 -------------
 Dipole moment
 -------------

 Dipole moment in atomic units
 ====================================================
   i   j      mu_x       mu_y       mu_z       |mu|
 ----------------------------------------------------
   1   3   -0.00000    0.00000   -0.00000    0.00000
 ====================================================

 Dipole moment in debye
 ====================================================
   i   j      mu_x       mu_y       mu_z       |mu|
 ----------------------------------------------------
   1   3   -0.00000    0.00000   -0.00000    0.00000
 ====================================================

 -----------------
 Vibronic coupling
 -----------------

 Reading elfld_cgf_atm from ELFLD_CGF_ATM                 
 Done

 --------------------------------
 Vibronic coupling constant (VCC)
 --------------------------------

 Freq   : frequency (cm-1)
 VCC_en : electronic part of VCC (a.u.)
 VCC_nn : nucelar part of VCC (a.u.)
 VCC = VCC_en + VCC_nn

 ====================================================
 Mode    Freq      VCC_en       VCC_nn       VCC
 ----------------------------------------------------
   1     48.51   0.00000560   0.00000000   0.00000560
   2    136.80   0.00000000   0.00000000   0.00000000
   3    376.63   0.00000000   0.00000000   0.00000000
   4    486.96  -0.00000000   0.00000000  -0.00000000
   5    531.74  -0.00000000   0.00000000  -0.00000000
   6    786.44  -0.00000000   0.00000000  -0.00000000
   7    895.17   0.00000000   0.00000000   0.00000000
   8    897.17  -0.00022244   0.00000000  -0.00022244
   9   1095.67  -0.00000000   0.00000000  -0.00000000
  10   1131.00   0.00000000   0.00000000   0.00000000
  11   1245.56  -0.00000000   0.00000000  -0.00000000
  12   1411.30   0.00000000   0.00000000   0.00000000
  13   1413.27   0.00000000   0.00000000   0.00000000
  14   1490.54   0.00000000   0.00000000   0.00000000
  15   1495.05  -0.00002219   0.00000000  -0.00002219
  16   1499.05   0.00000000   0.00000000   0.00000000
  17   1516.34   0.00000000   0.00000000   0.00000000
  18   1823.26   0.00000000   0.00000000   0.00000000
  19   3044.44  -0.00000000   0.00000000  -0.00000000
  20   3051.40  -0.00000000   0.00000000  -0.00000000
  21   3100.60   0.00006616   0.00000000   0.00006616
  22   3107.82  -0.00000000   0.00000000  -0.00000000
  23   3165.94  -0.00000000   0.00000000  -0.00000000
  24   3166.70   0.00000000   0.00000000   0.00000000
 ====================================================

 --- Leaving SUBROUTINE vc_int_pgf


 ****************************
 **                        **
 **   Normal termination   **
 **                        **
 ****************************


 Total CPU time =   332.25 seconds

 --- Leaving d77.exe on 2024/4/29 at 18:34:14 (time zone = UTC+0900)

 --------------- End of d77 execution script ---------------
